
> frontend@0.1.0 dev
> next dev

▲ Next.js 16.1.0 (Turbopack)
- Local:         http://localhost:3000
- Network:       http://10.0.1.213:3000
- Environments: .env.local

✓ Starting...
✓ Ready in 1802ms
○ Compiling /brands/[id] ...
 GET /brands/28 200 in 5.7s (compile: 5.4s, render: 328ms)
(node:395188) [DEP0060] DeprecationWarning: The `util._extend` API is deprecated. Please use Object.assign() instead.
(Use `node --trace-deprecation ...` to show where the warning was created)
 GET /brands 200 in 105ms (compile: 78ms, render: 27ms)
 GET /brands/3 200 in 55ms (compile: 22ms, render: 33ms)
 GET /brands 200 in 28ms (compile: 3ms, render: 25ms)
 GET /brands/88 200 in 55ms (compile: 19ms, render: 36ms)
 GET / 200 in 222ms (compile: 32ms, render: 190ms)
✓ Compiled in 1212ms
 GET / 200 in 116ms (compile: 83ms, render: 33ms)
 GET / 200 in 357ms (compile: 3ms, render: 354ms)
 GET / 200 in 103ms (compile: 7ms, render: 96ms)
