INFO:AH-Deep-Crawl:Crawling category: https://www.allen-heath.com/hardware/ahm
INFO:AH-Deep-Crawl:Found 1 links on https://www.allen-heath.com/hardware/ahm
INFO:AH-Deep-Crawl:Found 0 total unique links so far
INFO:AH-Deep-Crawl:Crawling category: https://www.allen-heath.com/hardware/audio-networking
INFO:AH-Deep-Crawl:Found 1 links on https://www.allen-heath.com/hardware/audio-networking
INFO:AH-Deep-Crawl:Found 0 total unique links so far
INFO:AH-Deep-Crawl:Crawling category: https://www.allen-heath.com/hardware/cc-7-cc-10
INFO:AH-Deep-Crawl:Found 1 links on https://www.allen-heath.com/hardware/cc-7-cc-10
INFO:AH-Deep-Crawl:Found 0 total unique links so far
INFO:AH-Deep-Crawl:Crawling category: https://www.allen-heath.com/hardware/controllers
INFO:AH-Deep-Crawl:Found 1 links on https://www.allen-heath.com/hardware/controllers
INFO:AH-Deep-Crawl:Found 0 total unique links so far
INFO:AH-Deep-Crawl:Crawling category: https://www.allen-heath.com/hardware/cq
INFO:AH-Deep-Crawl:Found 1 links on https://www.allen-heath.com/hardware/cq
INFO:AH-Deep-Crawl:Found 0 total unique links so far
INFO:AH-Deep-Crawl:Crawling category: https://www.allen-heath.com/hardware/dlive-series
INFO:AH-Deep-Crawl:Found 1 links on https://www.allen-heath.com/hardware/dlive-series
INFO:AH-Deep-Crawl:Found 0 total unique links so far
INFO:AH-Deep-Crawl:Crawling category: https://www.allen-heath.com/hardware/everything-i-o
INFO:AH-Deep-Crawl:Found 1 links on https://www.allen-heath.com/hardware/everything-i-o
INFO:AH-Deep-Crawl:Found 0 total unique links so far
INFO:AH-Deep-Crawl:Crawling category: https://www.allen-heath.com/hardware/gr-series
INFO:AH-Deep-Crawl:Found 1 links on https://www.allen-heath.com/hardware/gr-series
INFO:AH-Deep-Crawl:Found 0 total unique links so far
INFO:AH-Deep-Crawl:Crawling category: https://www.allen-heath.com/hardware/ip-series
INFO:AH-Deep-Crawl:Found 1 links on https://www.allen-heath.com/hardware/ip-series
INFO:AH-Deep-Crawl:Found 0 total unique links so far
INFO:AH-Deep-Crawl:Crawling category: https://www.allen-heath.com/hardware/me-series
INFO:AH-Deep-Crawl:Found 1 links on https://www.allen-heath.com/hardware/me-series
INFO:AH-Deep-Crawl:Found 0 total unique links so far
INFO:AH-Deep-Crawl:Crawling category: https://www.allen-heath.com/hardware/mixwizard4-series
INFO:AH-Deep-Crawl:Found 1 links on https://www.allen-heath.com/hardware/mixwizard4-series
INFO:AH-Deep-Crawl:Found 0 total unique links so far
INFO:AH-Deep-Crawl:Crawling category: https://www.allen-heath.com/hardware/qu
INFO:AH-Deep-Crawl:Found 1 links on https://www.allen-heath.com/hardware/qu
INFO:AH-Deep-Crawl:Found 0 total unique links so far
INFO:AH-Deep-Crawl:Crawling category: https://www.allen-heath.com/hardware/sq
INFO:AH-Deep-Crawl:Found 1 links on https://www.allen-heath.com/hardware/sq
INFO:AH-Deep-Crawl:Found 0 total unique links so far
INFO:AH-Deep-Crawl:Crawling category: https://www.allen-heath.com/hardware/xb-series
INFO:AH-Deep-Crawl:Found 1 links on https://www.allen-heath.com/hardware/xb-series
INFO:AH-Deep-Crawl:Found 0 total unique links so far
INFO:AH-Deep-Crawl:Crawling category: https://www.allen-heath.com/hardware/xone-series
INFO:AH-Deep-Crawl:Found 1 links on https://www.allen-heath.com/hardware/xone-series
INFO:AH-Deep-Crawl:Found 0 total unique links so far
INFO:AH-Deep-Crawl:Crawling category: https://www.allen-heath.com/hardware/zed-series
INFO:AH-Deep-Crawl:Found 1 links on https://www.allen-heath.com/hardware/zed-series
INFO:AH-Deep-Crawl:Found 0 total unique links so far
INFO:AH-Deep-Crawl:Finished. Total unique product links: 0
