2025-12-23 21:22:32,048 - AH-Pragmatic-v3 - INFO - ======================================================================
2025-12-23 21:22:32,048 - AH-Pragmatic-v3 - INFO - ALLEN & HEATH PRAGMATIC INGESTION - v3
2025-12-23 21:22:32,050 - AH-Pragmatic-v3 - INFO - ======================================================================
2025-12-23 21:22:32,521 - app.engines.brand_scraper - INFO - Launching chromium browser...
2025-12-23 21:22:32,685 - app.engines.brand_scraper - INFO - ✓ chromium launched successfully
2025-12-23 21:22:32,708 - AH-Pragmatic-v3 - INFO - ✓ Scraper initialized

2025-12-23 21:22:32,711 - sqlalchemy.engine.Engine - INFO - BEGIN (implicit)
2025-12-23 21:22:32,741 - sqlalchemy.engine.Engine - INFO - SELECT brand.id, brand.name, brand.logo_url, brand.website_url, brand.description, brand.primary_color, brand.secondary_color 
FROM brand 
WHERE brand.name = ?
2025-12-23 21:22:32,742 - sqlalchemy.engine.Engine - INFO - [generated in 0.00062s] ('Allen & Heath',)
2025-12-23 21:22:32,743 - sqlalchemy.engine.Engine - INFO - ROLLBACK
2025-12-23 21:22:32,744 - sqlalchemy.engine.Engine - INFO - BEGIN (implicit)
2025-12-23 21:22:32,746 - sqlalchemy.engine.Engine - INFO - SELECT document.id, document.title, document.url, document.content_hash, document.last_updated, document.brand_id, document.product_id 
FROM document 
WHERE document.brand_id = ?
2025-12-23 21:22:32,746 - sqlalchemy.engine.Engine - INFO - [generated in 0.00041s] (28,)
2025-12-23 21:22:32,749 - sqlalchemy.engine.Engine - INFO - ROLLBACK
2025-12-23 21:22:32,752 - AH-Pragmatic-v3 - INFO - Already ingested: 115 URLs

2025-12-23 21:22:32,753 - AH-Pragmatic-v3 - INFO - Known URLs to process: 7

2025-12-23 21:22:32,753 - AH-Pragmatic-v3 - INFO - ======================================================================
2025-12-23 21:22:32,753 - AH-Pragmatic-v3 - INFO - PHASE 1: INGESTING KNOWN URLS
2025-12-23 21:22:32,754 - AH-Pragmatic-v3 - INFO - ======================================================================
2025-12-23 21:22:32,847 - httpx - INFO - HTTP Request: GET https://www.allen-heath.com/category/education/ "HTTP/1.1 403 Forbidden"
2025-12-23 21:22:35,283 - app.engines.brand_scraper - WARNING - [Allen & Heath] Page context closed, rotating browser
2025-12-23 21:22:35,284 - app.engines.brand_scraper - INFO - Launching firefox browser...
2025-12-23 21:22:36,120 - app.engines.brand_scraper - INFO - ✓ firefox launched successfully
2025-12-23 21:22:36,264 - app.engines.brand_scraper - INFO - Rotated to firefox browser
2025-12-23 21:22:39,240 - app.engines.brand_scraper - WARNING - Failed to get page content after successful navigation: Page.content: Target page, context or browser has been closed
2025-12-23 21:22:39,242 - AH-Pragmatic-v3 - WARNING - ✗ Failed to scrape: https://www.allen-heath.com/category/education/
2025-12-23 21:22:39,305 - httpx - INFO - HTTP Request: GET https://www.allen-heath.com/category/dj/ "HTTP/1.1 403 Forbidden"
2025-12-23 21:22:44,157 - app.engines.brand_scraper - WARNING - [Allen & Heath] Page context closed, rotating browser
2025-12-23 21:22:44,157 - app.engines.brand_scraper - INFO - Launching webkit browser...
2025-12-23 21:22:45,561 - app.engines.brand_scraper - ERROR - Failed to launch webkit: BrowserType.launch: Target page, context or browser has been closed
Browser logs:

<launching> /home/codespace/.cache/ms-playwright/webkit-2227/pw_run.sh --inspector-pipe --headless --no-startup-window --disable-blink-features=AutomationControlled --disable-dev-shm-usage --no-sandbox --disable-gpu
<launched> pid=46618
[pid=46618][err] Cannot parse arguments: Unknown option --disable-blink-features=AutomationControlled
Call log:
  - <launching> /home/codespace/.cache/ms-playwright/webkit-2227/pw_run.sh --inspector-pipe --headless --no-startup-window --disable-blink-features=AutomationControlled --disable-dev-shm-usage --no-sandbox --disable-gpu
  - <launched> pid=46618
  - [pid=46618][err] Cannot parse arguments: Unknown option --disable-blink-features=AutomationControlled
  - [pid=46618] <gracefully close start>
  - [pid=46618] <kill>
  - [pid=46618] <will force kill>
  - [pid=46618] <process did exit: exitCode=1, signal=null>
  - [pid=46618] starting temporary directories cleanup
  - [pid=46618] finished temporary directories cleanup
  - [pid=46618] <gracefully close end>

2025-12-23 21:22:45,561 - app.engines.brand_scraper - WARNING - Failed to launch webkit, staying with current
2025-12-23 21:22:48,680 - app.engines.brand_scraper - WARNING - [Allen & Heath] Cloudflare block on https://www.allen-heath.com/category/dj/ (attempt 1/3)
2025-12-23 21:22:48,738 - app.engines.brand_scraper - INFO - Rotated to chromium browser
2025-12-23 21:23:15,136 - app.engines.brand_scraper - WARNING - [Allen & Heath] Page context closed, rotating browser
2025-12-23 21:23:15,168 - app.engines.brand_scraper - INFO - Rotated to firefox browser
2025-12-23 21:23:16,749 - app.engines.brand_scraper - WARNING - Failed to get page content after successful navigation: Page.content: Target page, context or browser has been closed
2025-12-23 21:23:16,751 - AH-Pragmatic-v3 - WARNING - ✗ Failed to scrape: https://www.allen-heath.com/category/dj/
2025-12-23 21:23:16,817 - httpx - INFO - HTTP Request: GET https://www.allen-heath.com/downloads/ "HTTP/1.1 403 Forbidden"
2025-12-23 21:23:20,656 - app.engines.brand_scraper - WARNING - [Allen & Heath] Page context closed, rotating browser
2025-12-23 21:23:20,657 - app.engines.brand_scraper - INFO - Launching webkit browser...
2025-12-23 21:23:20,872 - app.engines.brand_scraper - ERROR - Failed to launch webkit: BrowserType.launch: Target page, context or browser has been closed
Browser logs:

<launching> /home/codespace/.cache/ms-playwright/webkit-2227/pw_run.sh --inspector-pipe --headless --no-startup-window --disable-blink-features=AutomationControlled --disable-dev-shm-usage --no-sandbox --disable-gpu
<launched> pid=47188
[pid=47188][err] Cannot parse arguments: Unknown option --disable-blink-features=AutomationControlled
Call log:
  - <launching> /home/codespace/.cache/ms-playwright/webkit-2227/pw_run.sh --inspector-pipe --headless --no-startup-window --disable-blink-features=AutomationControlled --disable-dev-shm-usage --no-sandbox --disable-gpu
  - <launched> pid=47188
  - [pid=47188][err] Cannot parse arguments: Unknown option --disable-blink-features=AutomationControlled
  - [pid=47188] <gracefully close start>
  - [pid=47188] <kill>
  - [pid=47188] <will force kill>
  - [pid=47188] <process did exit: exitCode=1, signal=null>
  - [pid=47188] starting temporary directories cleanup
  - [pid=47188] finished temporary directories cleanup
  - [pid=47188] <gracefully close end>

2025-12-23 21:23:20,873 - app.engines.brand_scraper - WARNING - Failed to launch webkit, staying with current
2025-12-23 21:23:22,935 - app.engines.brand_scraper - WARNING - [Allen & Heath] Cloudflare block on https://www.allen-heath.com/downloads/ (attempt 1/3)
2025-12-23 21:23:23,069 - app.engines.brand_scraper - INFO - Rotated to chromium browser
2025-12-23 21:23:53,126 - app.engines.brand_scraper - WARNING - [Allen & Heath] Page context closed, rotating browser
2025-12-23 21:23:53,138 - app.engines.brand_scraper - INFO - Rotated to firefox browser
2025-12-23 21:23:55,356 - app.engines.brand_scraper - WARNING - Failed to get page content after successful navigation: Page.content: Target page, context or browser has been closed
2025-12-23 21:23:55,358 - AH-Pragmatic-v3 - WARNING - ✗ Failed to scrape: https://www.allen-heath.com/downloads/
2025-12-23 21:23:55,427 - httpx - INFO - HTTP Request: GET https://www.allen-heath.com/category/studio/ "HTTP/1.1 403 Forbidden"
2025-12-23 21:23:59,289 - app.engines.brand_scraper - WARNING - [Allen & Heath] Page context closed, rotating browser
2025-12-23 21:23:59,289 - app.engines.brand_scraper - INFO - Launching webkit browser...
2025-12-23 21:23:59,379 - app.engines.brand_scraper - ERROR - Failed to launch webkit: BrowserType.launch: Target page, context or browser has been closed
Browser logs:

<launching> /home/codespace/.cache/ms-playwright/webkit-2227/pw_run.sh --inspector-pipe --headless --no-startup-window --disable-blink-features=AutomationControlled --disable-dev-shm-usage --no-sandbox --disable-gpu
<launched> pid=47760
[pid=47760][err] Cannot parse arguments: Unknown option --disable-blink-features=AutomationControlled
Call log:
  - <launching> /home/codespace/.cache/ms-playwright/webkit-2227/pw_run.sh --inspector-pipe --headless --no-startup-window --disable-blink-features=AutomationControlled --disable-dev-shm-usage --no-sandbox --disable-gpu
  - <launched> pid=47760
  - [pid=47760][err] Cannot parse arguments: Unknown option --disable-blink-features=AutomationControlled
  - [pid=47760] <gracefully close start>
  - [pid=47760] <kill>
  - [pid=47760] <will force kill>
  - [pid=47760] <process did exit: exitCode=1, signal=null>
  - [pid=47760] starting temporary directories cleanup
  - [pid=47760] finished temporary directories cleanup
  - [pid=47760] <gracefully close end>

2025-12-23 21:23:59,379 - app.engines.brand_scraper - WARNING - Failed to launch webkit, staying with current
2025-12-23 21:24:02,131 - app.engines.brand_scraper - WARNING - [Allen & Heath] Cloudflare block on https://www.allen-heath.com/category/studio/ (attempt 1/3)
2025-12-23 21:24:02,178 - app.engines.brand_scraper - INFO - Rotated to chromium browser
2025-12-23 21:24:26,249 - app.engines.brand_scraper - WARNING - [Allen & Heath] Page context closed, rotating browser
2025-12-23 21:24:26,261 - app.engines.brand_scraper - INFO - Rotated to firefox browser
2025-12-23 21:24:29,580 - app.engines.brand_scraper - WARNING - Failed to get page content after successful navigation: Page.content: Target page, context or browser has been closed
2025-12-23 21:24:29,581 - AH-Pragmatic-v3 - WARNING - ✗ Failed to scrape: https://www.allen-heath.com/category/studio/
2025-12-23 21:24:29,646 - httpx - INFO - HTTP Request: GET https://www.allen-heath.com/category/live-sound/ "HTTP/1.1 403 Forbidden"
2025-12-23 21:24:33,222 - app.engines.brand_scraper - WARNING - [Allen & Heath] Page context closed, rotating browser
2025-12-23 21:24:33,222 - app.engines.brand_scraper - INFO - Launching webkit browser...
2025-12-23 21:24:33,310 - app.engines.brand_scraper - ERROR - Failed to launch webkit: BrowserType.launch: Target page, context or browser has been closed
Browser logs:

<launching> /home/codespace/.cache/ms-playwright/webkit-2227/pw_run.sh --inspector-pipe --headless --no-startup-window --disable-blink-features=AutomationControlled --disable-dev-shm-usage --no-sandbox --disable-gpu
<launched> pid=48184
[pid=48184][err] Cannot parse arguments: Unknown option --disable-blink-features=AutomationControlled
Call log:
  - <launching> /home/codespace/.cache/ms-playwright/webkit-2227/pw_run.sh --inspector-pipe --headless --no-startup-window --disable-blink-features=AutomationControlled --disable-dev-shm-usage --no-sandbox --disable-gpu
  - <launched> pid=48184
  - [pid=48184][err] Cannot parse arguments: Unknown option --disable-blink-features=AutomationControlled
  - [pid=48184] <gracefully close start>
  - [pid=48184] <kill>
  - [pid=48184] <will force kill>
  - [pid=48184] <process did exit: exitCode=1, signal=null>
  - [pid=48184] starting temporary directories cleanup
  - [pid=48184] finished temporary directories cleanup
  - [pid=48184] <gracefully close end>

2025-12-23 21:24:33,311 - app.engines.brand_scraper - WARNING - Failed to launch webkit, staying with current
2025-12-23 21:24:35,406 - app.engines.brand_scraper - WARNING - [Allen & Heath] Cloudflare block on https://www.allen-heath.com/category/live-sound/ (attempt 1/3)
2025-12-23 21:24:35,455 - app.engines.brand_scraper - INFO - Rotated to chromium browser
