2025-12-23 21:57:24,611 [INFO] BEGIN (implicit)
2025-12-23 21:57:24,611 [INFO] PRAGMA main.table_info("brand")
2025-12-23 21:57:24,611 [INFO] [raw sql] ()
2025-12-23 21:57:24,612 [INFO] PRAGMA main.table_info("productfamily")
2025-12-23 21:57:24,612 [INFO] [raw sql] ()
2025-12-23 21:57:24,612 [INFO] PRAGMA main.table_info("product")
2025-12-23 21:57:24,613 [INFO] [raw sql] ()
2025-12-23 21:57:24,613 [INFO] PRAGMA main.table_info("document")
2025-12-23 21:57:24,613 [INFO] [raw sql] ()
2025-12-23 21:57:24,613 [INFO] PRAGMA main.table_info("media")
2025-12-23 21:57:24,613 [INFO] [raw sql] ()
2025-12-23 21:57:24,614 [INFO] PRAGMA main.table_info("ingestlog")
2025-12-23 21:57:24,614 [INFO] [raw sql] ()
2025-12-23 21:57:24,614 [INFO] COMMIT
2025-12-23 21:57:25,117 [INFO] 
============================================================
2025-12-23 21:57:25,117 [INFO] PHASE 2 INGESTION STARTED
2025-12-23 21:57:25,117 [INFO] Time: 2025-12-23T21:57:25.117164
2025-12-23 21:57:25,117 [INFO] Brands: Rode, Boss, Roland, Mackie, PreSonus
2025-12-23 21:57:25,117 [INFO] ============================================================

2025-12-23 21:57:25,117 [INFO] 
============================================================
2025-12-23 21:57:25,117 [INFO] INGESTING: Rode
2025-12-23 21:57:25,117 [INFO] ============================================================
2025-12-23 21:57:25,117 [INFO] Target: 200 documents
2025-12-23 21:57:25,117 [INFO] Brand ID: 5
2025-12-23 21:57:25,169 [INFO] 🔍 Discovering URLs...
2025-12-23 21:57:25,169 [INFO]   Discovering from https://en.rode.com/support...
2025-12-23 21:57:32,894 [INFO]   Discovering from https://en.rode.com/support/faqs...
2025-12-23 21:57:37,915 [INFO]    Found 2 potential URLs
2025-12-23 21:57:37,918 [INFO] BEGIN (implicit)
2025-12-23 21:57:37,943 [INFO] SELECT document.id, document.title, document.url, document.content_hash, document.last_updated, document.brand_id, document.product_id 
FROM document 
WHERE document.brand_id = ?
2025-12-23 21:57:37,944 [INFO] [generated in 0.00057s] (5,)
2025-12-23 21:57:37,945 [INFO] ROLLBACK
2025-12-23 21:57:37,946 [INFO]    Already have 0 documents
2025-12-23 21:57:37,946 [INFO] 📝 Ingesting documents...
2025-12-23 21:57:38,558 [INFO] BEGIN (implicit)
2025-12-23 21:57:38,559 [INFO] PRAGMA main.table_info("brand")
2025-12-23 21:57:38,559 [INFO] [raw sql] ()
2025-12-23 21:57:38,559 [INFO] PRAGMA main.table_info("productfamily")
2025-12-23 21:57:38,559 [INFO] [raw sql] ()
2025-12-23 21:57:38,560 [INFO] PRAGMA main.table_info("product")
2025-12-23 21:57:38,560 [INFO] [raw sql] ()
2025-12-23 21:57:38,560 [INFO] PRAGMA main.table_info("document")
2025-12-23 21:57:38,560 [INFO] [raw sql] ()
2025-12-23 21:57:38,560 [INFO] PRAGMA main.table_info("media")
2025-12-23 21:57:38,560 [INFO] [raw sql] ()
2025-12-23 21:57:38,561 [INFO] PRAGMA main.table_info("ingestlog")
2025-12-23 21:57:38,561 [INFO] [raw sql] ()
2025-12-23 21:57:38,561 [INFO] COMMIT
2025-12-23 21:57:39,158 [INFO] 
============================================================
2025-12-23 21:57:39,158 [INFO] PHASE 2 INGESTION STARTED
2025-12-23 21:57:39,158 [INFO] Time: 2025-12-23T21:57:39.158309
2025-12-23 21:57:39,159 [INFO] Brands: Rode, Boss, Roland, Mackie, PreSonus
2025-12-23 21:57:39,159 [INFO] ============================================================

2025-12-23 21:57:39,159 [INFO] 
============================================================
2025-12-23 21:57:39,160 [INFO] INGESTING: Rode
2025-12-23 21:57:39,161 [INFO] ============================================================
2025-12-23 21:57:39,161 [INFO] Target: 200 documents
2025-12-23 21:57:39,161 [INFO] Brand ID: 5
2025-12-23 21:57:39,285 [INFO] 🔍 Discovering URLs...
2025-12-23 21:57:39,287 [INFO]   Discovering from https://en.rode.com/support...
2025-12-23 21:57:42,785 [ERROR] Future exception was never retrieved
future: <Future finished exception=TargetClosedError('Target page, context or browser has been closed\nCall log:\n  - navigating to "https://en.rode.com/support", waiting until "networkidle"\n')>
playwright._impl._errors.TargetClosedError: Target page, context or browser has been closed
Call log:
  - navigating to "https://en.rode.com/support", waiting until "networkidle"

2025-12-23 21:57:49,379 [INFO] BEGIN (implicit)
2025-12-23 21:57:49,380 [INFO] INSERT INTO document (title, url, content_hash, last_updated, brand_id, product_id) VALUES (?, ?, ?, ?, ?, ?)
2025-12-23 21:57:49,381 [INFO] [generated in 0.00034s] ('Where to Buy RØDE', None, '8e054b30f4e54425ec128f397699a5a9', '2025-12-23 21:57:49.378730', 5, None)
2025-12-23 21:57:49,381 [INFO] ROLLBACK
2025-12-23 21:57:49,381 [WARNING]    Error processing https://rode.com/en-au/support/where-to-buy: (sqlite3.IntegrityError) NOT NULL constraint failed: document.url
[SQL: INSERT INTO document (title, url, content_hash, last_updated, brand_id, product_id) VALUES (?, ?, ?, ?, ?, ?)]
[parameters: ('Where to Buy RØDE', None, '8e054b30f4e54425ec128f397699a5a9', '2025-12-23 21:57:49.378730', 5, None)]
(Background on this error at: https://sqlalche.me/e/20/gkpj)
2025-12-23 21:57:52,958 [INFO] BEGIN (implicit)
2025-12-23 21:57:52,958 [INFO] INSERT INTO document (title, url, content_hash, last_updated, brand_id, product_id) VALUES (?, ?, ?, ?, ?, ?)
2025-12-23 21:57:52,958 [INFO] [cached since 3.578s ago] ('RØDE Authorised Dealers', None, 'e8b413eb689b427992f313e0a0dd986c', '2025-12-23 21:57:52.957540', 5, None)
2025-12-23 21:57:52,958 [INFO] ROLLBACK
2025-12-23 21:57:52,959 [WARNING]    Error processing https://rode.com/en-au/support/authorised-dealers: (sqlite3.IntegrityError) NOT NULL constraint failed: document.url
[SQL: INSERT INTO document (title, url, content_hash, last_updated, brand_id, product_id) VALUES (?, ?, ?, ?, ?, ?)]
[parameters: ('RØDE Authorised Dealers', None, 'e8b413eb689b427992f313e0a0dd986c', '2025-12-23 21:57:52.957540', 5, None)]
(Background on this error at: https://sqlalche.me/e/20/gkpj)
2025-12-23 21:57:52,959 [INFO] ✅ Rode: 0 new documents ingested
2025-12-23 21:57:52,977 [INFO] 
============================================================
2025-12-23 21:57:52,977 [INFO] INGESTING: Boss
2025-12-23 21:57:52,977 [INFO] ============================================================
2025-12-23 21:57:52,977 [INFO] Target: 150 documents
2025-12-23 21:57:52,977 [INFO] Brand ID: 2
2025-12-23 21:57:53,034 [INFO] 🔍 Discovering URLs...
2025-12-23 21:57:53,034 [INFO]   Discovering from https://www.boss.info/support...
2025-12-23 21:58:23,037 [WARNING]     Error discovering from https://www.boss.info/support: Page.goto: Timeout 30000ms exceeded.
Call log:
  - navigating to "https://www.boss.info/support", waiting until "networkidle"

2025-12-23 21:58:23,037 [INFO]   Discovering from https://www.boss.info/en/support/faqs...
2025-12-23 21:58:53,038 [WARNING]     Error discovering from https://www.boss.info/en/support/faqs: Page.goto: Timeout 30000ms exceeded.
Call log:
  - navigating to "https://www.boss.info/en/support/faqs", waiting until "networkidle"

2025-12-23 21:58:53,039 [INFO]    Found 0 potential URLs
2025-12-23 21:58:53,040 [INFO] BEGIN (implicit)
2025-12-23 21:58:53,041 [INFO] SELECT document.id, document.title, document.url, document.content_hash, document.last_updated, document.brand_id, document.product_id 
FROM document 
WHERE document.brand_id = ?
2025-12-23 21:58:53,041 [INFO] [cached since 75.1s ago] (2,)
2025-12-23 21:58:53,042 [INFO] ROLLBACK
2025-12-23 21:58:53,042 [INFO]    Already have 0 documents
2025-12-23 21:58:53,042 [INFO] 📝 Ingesting documents...
2025-12-23 21:58:53,042 [INFO] ✅ Boss: 0 new documents ingested
2025-12-23 21:58:53,094 [INFO] 
============================================================
2025-12-23 21:58:53,094 [INFO] INGESTING: Roland
2025-12-23 21:58:53,095 [INFO] ============================================================
2025-12-23 21:58:53,095 [INFO] Target: 250 documents
2025-12-23 21:58:53,095 [INFO] Brand ID: 1
2025-12-23 21:58:53,141 [INFO] 🔍 Discovering URLs...
2025-12-23 21:58:53,141 [INFO]   Discovering from https://www.roland.com/support/...
2025-12-23 21:59:23,143 [WARNING]     Error discovering from https://www.roland.com/support/: Page.goto: Timeout 30000ms exceeded.
Call log:
  - navigating to "https://www.roland.com/support/", waiting until "networkidle"

2025-12-23 21:59:23,143 [INFO]   Discovering from https://www.roland.com/support/faqs/...
2025-12-23 21:59:53,145 [WARNING]     Error discovering from https://www.roland.com/support/faqs/: Page.goto: Timeout 30000ms exceeded.
Call log:
  - navigating to "https://www.roland.com/support/faqs/", waiting until "networkidle"

2025-12-23 21:59:53,145 [INFO]    Found 0 potential URLs
2025-12-23 21:59:53,146 [INFO] BEGIN (implicit)
2025-12-23 21:59:53,146 [INFO] SELECT document.id, document.title, document.url, document.content_hash, document.last_updated, document.brand_id, document.product_id 
FROM document 
WHERE document.brand_id = ?
2025-12-23 21:59:53,147 [INFO] [cached since 135.2s ago] (1,)
2025-12-23 21:59:53,147 [INFO] ROLLBACK
2025-12-23 21:59:53,147 [INFO]    Already have 0 documents
2025-12-23 21:59:53,147 [INFO] 📝 Ingesting documents...
2025-12-23 21:59:53,147 [INFO] ✅ Roland: 0 new documents ingested
2025-12-23 21:59:53,163 [INFO] 
============================================================
2025-12-23 21:59:53,163 [INFO] INGESTING: Mackie
2025-12-23 21:59:53,163 [INFO] ============================================================
2025-12-23 21:59:53,163 [INFO] Target: 180 documents
2025-12-23 21:59:53,163 [INFO] Brand ID: 21
2025-12-23 21:59:53,192 [INFO] 🔍 Discovering URLs...
2025-12-23 21:59:53,193 [INFO]   Discovering from https://mackie.com/support...
2025-12-23 22:00:23,195 [WARNING]     Error discovering from https://mackie.com/support: Page.goto: Timeout 30000ms exceeded.
Call log:
  - navigating to "https://mackie.com/support", waiting until "networkidle"

2025-12-23 22:00:23,196 [INFO]   Discovering from https://mackie.com/en/support/faq...
2025-12-23 22:00:53,198 [WARNING]     Error discovering from https://mackie.com/en/support/faq: Page.goto: Timeout 30000ms exceeded.
Call log:
  - navigating to "https://mackie.com/en/support/faq", waiting until "networkidle"

2025-12-23 22:00:53,199 [INFO]    Found 0 potential URLs
2025-12-23 22:00:53,200 [INFO] BEGIN (implicit)
2025-12-23 22:00:53,200 [INFO] SELECT document.id, document.title, document.url, document.content_hash, document.last_updated, document.brand_id, document.product_id 
FROM document 
WHERE document.brand_id = ?
2025-12-23 22:00:53,201 [INFO] [cached since 195.3s ago] (21,)
2025-12-23 22:00:53,201 [INFO] ROLLBACK
2025-12-23 22:00:53,201 [INFO]    Already have 0 documents
2025-12-23 22:00:53,201 [INFO] 📝 Ingesting documents...
2025-12-23 22:00:53,201 [INFO] ✅ Mackie: 0 new documents ingested
2025-12-23 22:00:53,244 [INFO] 
============================================================
2025-12-23 22:00:53,245 [INFO] INGESTING: PreSonus
2025-12-23 22:00:53,245 [INFO] ============================================================
2025-12-23 22:00:53,246 [INFO] Target: 200 documents
2025-12-23 22:00:53,246 [INFO] Brand ID: 69
2025-12-23 22:00:53,322 [INFO] 🔍 Discovering URLs...
2025-12-23 22:00:53,323 [INFO]   Discovering from https://support.presonus.com/hc/en-us...
2025-12-23 22:01:23,328 [WARNING]     Error discovering from https://support.presonus.com/hc/en-us: Page.goto: Timeout 30000ms exceeded.
Call log:
  - navigating to "https://support.presonus.com/hc/en-us", waiting until "networkidle"

2025-12-23 22:01:23,328 [INFO]   Discovering from https://support.presonus.com/hc/en-us/categories...
2025-12-23 22:01:53,332 [WARNING]     Error discovering from https://support.presonus.com/hc/en-us/categories: Page.goto: Timeout 30000ms exceeded.
Call log:
  - navigating to "https://support.presonus.com/hc/en-us/categories", waiting until "networkidle"

2025-12-23 22:01:53,332 [INFO]    Found 0 potential URLs
2025-12-23 22:01:53,333 [INFO] BEGIN (implicit)
2025-12-23 22:01:53,336 [INFO] SELECT document.id, document.title, document.url, document.content_hash, document.last_updated, document.brand_id, document.product_id 
FROM document 
WHERE document.brand_id = ?
2025-12-23 22:01:53,342 [INFO] [cached since 255.4s ago] (69,)
2025-12-23 22:01:53,342 [INFO] ROLLBACK
2025-12-23 22:01:53,343 [INFO]    Already have 0 documents
2025-12-23 22:01:53,344 [INFO] 📝 Ingesting documents...
2025-12-23 22:01:53,344 [INFO] ✅ PreSonus: 0 new documents ingested
2025-12-23 22:01:53,385 [INFO] 
============================================================
2025-12-23 22:01:53,386 [INFO] PHASE 2 SUMMARY
2025-12-23 22:01:53,386 [INFO] ============================================================
2025-12-23 22:01:53,386 [INFO] Total new documents: 0
2025-12-23 22:01:53,386 [INFO] Duration: 4.5 minutes
2025-12-23 22:01:53,386 [INFO]   Rode: 0 documents
2025-12-23 22:01:53,386 [INFO]   Boss: 0 documents
2025-12-23 22:01:53,386 [INFO]   Roland: 0 documents
2025-12-23 22:01:53,386 [INFO]   Mackie: 0 documents
2025-12-23 22:01:53,386 [INFO]   PreSonus: 0 documents
2025-12-23 22:01:53,386 [INFO] ============================================================

2025-12-23 22:02:50,878 [INFO] BEGIN (implicit)
2025-12-23 22:02:50,878 [INFO] PRAGMA main.table_info("brand")
2025-12-23 22:02:50,878 [INFO] [raw sql] ()
2025-12-23 22:02:50,879 [INFO] PRAGMA main.table_info("productfamily")
2025-12-23 22:02:50,879 [INFO] [raw sql] ()
2025-12-23 22:02:50,879 [INFO] PRAGMA main.table_info("product")
2025-12-23 22:02:50,880 [INFO] [raw sql] ()
2025-12-23 22:02:50,880 [INFO] PRAGMA main.table_info("document")
2025-12-23 22:02:50,880 [INFO] [raw sql] ()
2025-12-23 22:02:50,880 [INFO] PRAGMA main.table_info("media")
2025-12-23 22:02:50,880 [INFO] [raw sql] ()
2025-12-23 22:02:50,880 [INFO] PRAGMA main.table_info("ingestlog")
2025-12-23 22:02:50,881 [INFO] [raw sql] ()
2025-12-23 22:02:50,881 [INFO] COMMIT
2025-12-23 22:02:51,306 [INFO] 
============================================================
2025-12-23 22:02:51,306 [INFO] PHASE 2 INGESTION STARTED
2025-12-23 22:02:51,307 [INFO] Time: 2025-12-23T22:02:51.306532
2025-12-23 22:02:51,307 [INFO] Brands: Rode, Boss, Roland, Mackie, PreSonus
2025-12-23 22:02:51,307 [INFO] ============================================================

2025-12-23 22:02:51,307 [INFO] 
============================================================
2025-12-23 22:02:51,307 [INFO] INGESTING: Rode
2025-12-23 22:02:51,307 [INFO] ============================================================
2025-12-23 22:02:51,308 [INFO] Target: 200 documents
2025-12-23 22:02:51,308 [INFO] Brand ID: 5
2025-12-23 22:02:51,353 [INFO] 🔍 Discovering URLs...
2025-12-23 22:02:51,354 [INFO]   Discovering from https://en.rode.com/support...
2025-12-23 22:02:57,766 [INFO]   Discovering from https://en.rode.com/support/faqs...
2025-12-23 22:03:02,565 [INFO]    Found 2 potential URLs
2025-12-23 22:03:02,567 [INFO] BEGIN (implicit)
2025-12-23 22:03:02,584 [INFO] SELECT document.id, document.title, document.url, document.content_hash, document.last_updated, document.brand_id, document.product_id 
FROM document 
WHERE document.brand_id = ?
2025-12-23 22:03:02,584 [INFO] [generated in 0.00039s] (5,)
2025-12-23 22:03:02,585 [INFO] ROLLBACK
2025-12-23 22:03:02,585 [INFO]    Already have 0 documents
2025-12-23 22:03:02,585 [INFO] 📝 Ingesting documents...
2025-12-23 22:03:06,083 [INFO] BEGIN (implicit)
2025-12-23 22:03:06,085 [INFO] INSERT INTO document (title, url, content_hash, last_updated, brand_id, product_id) VALUES (?, ?, ?, ?, ?, ?)
2025-12-23 22:03:06,085 [INFO] [generated in 0.00033s] ('RØDE Authorised Dealers', None, 'e8b413eb689b427992f313e0a0dd986c', '2025-12-23 22:03:06.083049', 5, None)
2025-12-23 22:03:06,086 [INFO] ROLLBACK
2025-12-23 22:03:06,086 [WARNING]    Error processing https://rode.com/en-au/support/authorised-dealers: (sqlite3.IntegrityError) NOT NULL constraint failed: document.url
[SQL: INSERT INTO document (title, url, content_hash, last_updated, brand_id, product_id) VALUES (?, ?, ?, ?, ?, ?)]
[parameters: ('RØDE Authorised Dealers', None, 'e8b413eb689b427992f313e0a0dd986c', '2025-12-23 22:03:06.083049', 5, None)]
(Background on this error at: https://sqlalche.me/e/20/gkpj)
2025-12-23 22:03:16,713 [INFO] BEGIN (implicit)
2025-12-23 22:03:16,714 [INFO] INSERT INTO document (title, url, content_hash, last_updated, brand_id, product_id) VALUES (?, ?, ?, ?, ?, ?)
2025-12-23 22:03:16,714 [INFO] [cached since 10.63s ago] ('Where to Buy RØDE', None, '8e054b30f4e54425ec128f397699a5a9', '2025-12-23 22:03:16.713274', 5, None)
2025-12-23 22:03:16,714 [INFO] ROLLBACK
2025-12-23 22:03:16,715 [WARNING]    Error processing https://rode.com/en-au/support/where-to-buy: (sqlite3.IntegrityError) NOT NULL constraint failed: document.url
[SQL: INSERT INTO document (title, url, content_hash, last_updated, brand_id, product_id) VALUES (?, ?, ?, ?, ?, ?)]
[parameters: ('Where to Buy RØDE', None, '8e054b30f4e54425ec128f397699a5a9', '2025-12-23 22:03:16.713274', 5, None)]
(Background on this error at: https://sqlalche.me/e/20/gkpj)
2025-12-23 22:03:16,715 [INFO] ✅ Rode: 0 new documents ingested
2025-12-23 22:03:16,731 [INFO] 
============================================================
2025-12-23 22:03:16,731 [INFO] INGESTING: Boss
2025-12-23 22:03:16,731 [INFO] ============================================================
2025-12-23 22:03:16,731 [INFO] Target: 150 documents
2025-12-23 22:03:16,731 [INFO] Brand ID: 2
2025-12-23 22:03:16,791 [INFO] 🔍 Discovering URLs...
2025-12-23 22:03:16,792 [INFO]   Discovering from https://www.boss.info/support...
2025-12-23 22:03:30,361 [INFO]   Discovering from https://www.boss.info/en/support/faqs...
2025-12-23 22:03:47,361 [INFO]    Found 22 potential URLs
2025-12-23 22:03:47,362 [INFO] BEGIN (implicit)
2025-12-23 22:03:47,363 [INFO] SELECT document.id, document.title, document.url, document.content_hash, document.last_updated, document.brand_id, document.product_id 
FROM document 
WHERE document.brand_id = ?
2025-12-23 22:03:47,363 [INFO] [cached since 44.78s ago] (2,)
2025-12-23 22:03:47,364 [INFO] ROLLBACK
2025-12-23 22:03:47,365 [INFO]    Already have 0 documents
2025-12-23 22:03:47,365 [INFO] 📝 Ingesting documents...
2025-12-23 22:04:02,152 [INFO] BEGIN (implicit)
2025-12-23 22:04:02,153 [INFO] INSERT INTO document (title, url, content_hash, last_updated, brand_id, product_id) VALUES (?, ?, ?, ?, ?, ?)
2025-12-23 22:04:02,153 [INFO] [cached since 56.07s ago] ('BOSS - Support - Support News - Support for macOS Sequoia (macOS 15)', None, '6848a9f765f7148f3082fd5b3151bff0', '2025-12-23 22:04:02.152331', 2, None)
2025-12-23 22:04:02,153 [INFO] ROLLBACK
2025-12-23 22:04:02,153 [WARNING]    Error processing https://www.boss.info/global/support/support_news/24091111m15/: (sqlite3.IntegrityError) NOT NULL constraint failed: document.url
[SQL: INSERT INTO document (title, url, content_hash, last_updated, brand_id, product_id) VALUES (?, ?, ?, ?, ?, ?)]
[parameters: ('BOSS - Support - Support News - Support for macOS Sequoia (macOS 15)', None, '6848a9f765f7148f3082fd5b3151bff0', '2025-12-23 22:04:02.152331', 2, None)]
(Background on this error at: https://sqlalche.me/e/20/gkpj)
2025-12-23 22:04:10,663 [INFO] BEGIN (implicit)
2025-12-23 22:04:10,663 [INFO] INSERT INTO document (title, url, content_hash, last_updated, brand_id, product_id) VALUES (?, ?, ?, ?, ?, ?)
2025-12-23 22:04:10,663 [INFO] [cached since 64.58s ago] ('BOSS - Support - Support News - Support for macOS Tahoe 26', None, 'c39d1cdddf0f30dfbf4a1af08219ce3a', '2025-12-23 22:04:10.662835', 2, None)
2025-12-23 22:04:10,664 [INFO] ROLLBACK
2025-12-23 22:04:10,664 [WARNING]    Error processing https://www.boss.info/global/support/support_news/25091615m26/: (sqlite3.IntegrityError) NOT NULL constraint failed: document.url
[SQL: INSERT INTO document (title, url, content_hash, last_updated, brand_id, product_id) VALUES (?, ?, ?, ?, ?, ?)]
[parameters: ('BOSS - Support - Support News - Support for macOS Tahoe 26', None, 'c39d1cdddf0f30dfbf4a1af08219ce3a', '2025-12-23 22:04:10.662835', 2, None)]
(Background on this error at: https://sqlalche.me/e/20/gkpj)
2025-12-23 22:04:20,031 [INFO] BEGIN (implicit)
2025-12-23 22:04:20,032 [INFO] INSERT INTO document (title, url, content_hash, last_updated, brand_id, product_id) VALUES (?, ?, ?, ?, ?, ?)
2025-12-23 22:04:20,032 [INFO] [cached since 73.95s ago] ('BOSS - Support', None, 'ab40de2abcff41f00f82cce4a409cbcf', '2025-12-23 22:04:20.031022', 2, None)
2025-12-23 22:04:20,032 [INFO] ROLLBACK
2025-12-23 22:04:20,032 [WARNING]    Error processing https://www.boss.info/global/support/#: (sqlite3.IntegrityError) NOT NULL constraint failed: document.url
[SQL: INSERT INTO document (title, url, content_hash, last_updated, brand_id, product_id) VALUES (?, ?, ?, ?, ?, ?)]
[parameters: ('BOSS - Support', None, 'ab40de2abcff41f00f82cce4a409cbcf', '2025-12-23 22:04:20.031022', 2, None)]
(Background on this error at: https://sqlalche.me/e/20/gkpj)
2025-12-23 22:04:31,729 [INFO] BEGIN (implicit)
2025-12-23 22:04:31,729 [INFO] INSERT INTO document (title, url, content_hash, last_updated, brand_id, product_id) VALUES (?, ?, ?, ?, ?, ?)
2025-12-23 22:04:31,729 [INFO] [cached since 85.64s ago] ('Roland Pro A/V - Support', None, '6751000eae1df555897338ee0b014b3c', '2025-12-23 22:04:31.728638', 2, None)
2025-12-23 22:04:31,729 [INFO] ROLLBACK
2025-12-23 22:04:31,730 [WARNING]    Error processing https://proav.roland.com/global/support/: (sqlite3.IntegrityError) NOT NULL constraint failed: document.url
[SQL: INSERT INTO document (title, url, content_hash, last_updated, brand_id, product_id) VALUES (?, ?, ?, ?, ?, ?)]
[parameters: ('Roland Pro A/V - Support', None, '6751000eae1df555897338ee0b014b3c', '2025-12-23 22:04:31.728638', 2, None)]
(Background on this error at: https://sqlalche.me/e/20/gkpj)
2025-12-23 22:04:38,892 [INFO] BEGIN (implicit)
2025-12-23 22:04:38,893 [INFO] INSERT INTO document (title, url, content_hash, last_updated, brand_id, product_id) VALUES (?, ?, ?, ?, ?, ?)
2025-12-23 22:04:38,893 [INFO] [cached since 92.81s ago] ('Roland - Support - Legacy Product Info - Read First', None, '3ddc664f429b755ae4f6fbe960e88bda', '2025-12-23 22:04:38.892460', 2, None)
2025-12-23 22:04:38,893 [INFO] ROLLBACK
2025-12-23 22:04:38,894 [WARNING]    Error processing https://www.roland.com/global/support/archives/: (sqlite3.IntegrityError) NOT NULL constraint failed: document.url
[SQL: INSERT INTO document (title, url, content_hash, last_updated, brand_id, product_id) VALUES (?, ?, ?, ?, ?, ?)]
[parameters: ('Roland - Support - Legacy Product Info - Read First', None, '3ddc664f429b755ae4f6fbe960e88bda', '2025-12-23 22:04:38.892460', 2, None)]
(Background on this error at: https://sqlalche.me/e/20/gkpj)
2025-12-23 22:04:43,630 [INFO] BEGIN (implicit)
2025-12-23 22:04:43,630 [INFO] INSERT INTO document (title, url, content_hash, last_updated, brand_id, product_id) VALUES (?, ?, ?, ?, ?, ?)
2025-12-23 22:04:43,630 [INFO] [cached since 97.55s ago] ('BOSS - Support - Support News - Compatibility with Windows', None, '55348346e57c8613de970a37ca91a7f1', '2025-12-23 22:04:43.629949', 2, None)
2025-12-23 22:04:43,631 [INFO] ROLLBACK
2025-12-23 22:04:43,631 [WARNING]    Error processing https://www.boss.info/global/support/support_news/25090811win1/: (sqlite3.IntegrityError) NOT NULL constraint failed: document.url
[SQL: INSERT INTO document (title, url, content_hash, last_updated, brand_id, product_id) VALUES (?, ?, ?, ?, ?, ?)]
[parameters: ('BOSS - Support - Support News - Compatibility with Windows', None, '55348346e57c8613de970a37ca91a7f1', '2025-12-23 22:04:43.629949', 2, None)]
(Background on this error at: https://sqlalche.me/e/20/gkpj)
2025-12-23 22:04:56,723 [INFO] BEGIN (implicit)
2025-12-23 22:04:56,723 [INFO] INSERT INTO document (title, url, content_hash, last_updated, brand_id, product_id) VALUES (?, ?, ?, ?, ?, ?)
2025-12-23 22:04:56,724 [INFO] [cached since 110.6s ago] ('Roland - Support - Vulnerability Disclosure Policy - Vulnerability Disclosure Policy', None, '2342fa4d3b776e9e7e47c1453b5c5b78', '2025-12-23 22:04:56.723114', 2, None)
2025-12-23 22:04:56,724 [INFO] ROLLBACK
2025-12-23 22:04:56,724 [WARNING]    Error processing https://www.roland.com/global/support/vulnerability_disclosure_policy/: (sqlite3.IntegrityError) NOT NULL constraint failed: document.url
[SQL: INSERT INTO document (title, url, content_hash, last_updated, brand_id, product_id) VALUES (?, ?, ?, ?, ?, ?)]
[parameters: ('Roland - Support - Vulnerability Disclosure Policy - Vulnerability Disclosure Policy', None, '2342fa4d3b776e9e7e47c1453b5c5b78', '2025-12-23 22:04:56.723114', 2, None)]
(Background on this error at: https://sqlalche.me/e/20/gkpj)
2025-12-23 22:05:02,323 [INFO] BEGIN (implicit)
2025-12-23 22:05:02,323 [INFO] INSERT INTO document (title, url, content_hash, last_updated, brand_id, product_id) VALUES (?, ?, ?, ?, ?, ?)
2025-12-23 22:05:02,323 [INFO] [cached since 116.2s ago] ('BOSS - Support - Updates & Drivers', None, '8931330f9af362d45e598d60171dc4c6', '2025-12-23 22:05:02.322984', 2, None)
2025-12-23 22:05:02,324 [INFO] ROLLBACK
2025-12-23 22:05:02,324 [WARNING]    Error processing https://www.boss.info/global/support/updates_drivers/: (sqlite3.IntegrityError) NOT NULL constraint failed: document.url
[SQL: INSERT INTO document (title, url, content_hash, last_updated, brand_id, product_id) VALUES (?, ?, ?, ?, ?, ?)]
[parameters: ('BOSS - Support - Updates & Drivers', None, '8931330f9af362d45e598d60171dc4c6', '2025-12-23 22:05:02.322984', 2, None)]
(Background on this error at: https://sqlalche.me/e/20/gkpj)
2025-12-23 22:05:07,312 [INFO] BEGIN (implicit)
2025-12-23 22:05:07,313 [INFO] INSERT INTO document (title, url, content_hash, last_updated, brand_id, product_id) VALUES (?, ?, ?, ?, ?, ?)
2025-12-23 22:05:07,313 [INFO] [cached since 121.2s ago] ('BOSS - Support - Support News - End of Support for Using Roland/BOSS Products with Windows 10', None, 'f00f18de8c0bb4ae10d9164151470b94', '2025-12-23 22:05:07.312613', 2, None)
2025-12-23 22:05:07,314 [INFO] ROLLBACK
2025-12-23 22:05:07,314 [WARNING]    Error processing https://www.boss.info/global/support/support_news/2509161000/: (sqlite3.IntegrityError) NOT NULL constraint failed: document.url
[SQL: INSERT INTO document (title, url, content_hash, last_updated, brand_id, product_id) VALUES (?, ?, ?, ?, ?, ?)]
[parameters: ('BOSS - Support - Support News - End of Support for Using Roland/BOSS Products with Windows 10', None, 'f00f18de8c0bb4ae10d9164151470b94', '2025-12-23 22:05:07.312613', 2, None)]
(Background on this error at: https://sqlalche.me/e/20/gkpj)
2025-12-23 22:05:12,594 [INFO] BEGIN (implicit)
2025-12-23 22:05:12,595 [INFO] INSERT INTO document (title, url, content_hash, last_updated, brand_id, product_id) VALUES (?, ?, ?, ?, ?, ?)
2025-12-23 22:05:12,595 [INFO] [cached since 126.5s ago] ('BOSS - Support - Support News - Compatibility with macOS', None, 'a59e7705f1a444cfa2de4aecfde8b267', '2025-12-23 22:05:12.594560', 2, None)
2025-12-23 22:05:12,595 [INFO] ROLLBACK
2025-12-23 22:05:12,596 [WARNING]    Error processing https://www.boss.info/global/support/support_news/25090811m1/: (sqlite3.IntegrityError) NOT NULL constraint failed: document.url
[SQL: INSERT INTO document (title, url, content_hash, last_updated, brand_id, product_id) VALUES (?, ?, ?, ?, ?, ?)]
[parameters: ('BOSS - Support - Support News - Compatibility with macOS', None, 'a59e7705f1a444cfa2de4aecfde8b267', '2025-12-23 22:05:12.594560', 2, None)]
(Background on this error at: https://sqlalche.me/e/20/gkpj)
2025-12-23 22:05:19,258 [INFO] BEGIN (implicit)
2025-12-23 22:05:19,258 [INFO] INSERT INTO document (title, url, content_hash, last_updated, brand_id, product_id) VALUES (?, ?, ?, ?, ?, ?)
2025-12-23 22:05:19,259 [INFO] [cached since 133.2s ago] ('BOSS - Support - Support News - Support for Windows 11 2025 Update', None, '481d41f2e24a07521996e5f699dfd729', '2025-12-23 22:05:19.257516', 2, None)
2025-12-23 22:05:19,259 [INFO] ROLLBACK
2025-12-23 22:05:19,260 [WARNING]    Error processing https://www.boss.info/global/support/support_news/25100210win1125up/: (sqlite3.IntegrityError) NOT NULL constraint failed: document.url
[SQL: INSERT INTO document (title, url, content_hash, last_updated, brand_id, product_id) VALUES (?, ?, ?, ?, ?, ?)]
[parameters: ('BOSS - Support - Support News - Support for Windows 11 2025 Update', None, '481d41f2e24a07521996e5f699dfd729', '2025-12-23 22:05:19.257516', 2, None)]
(Background on this error at: https://sqlalche.me/e/20/gkpj)
2025-12-23 22:05:27,398 [INFO] BEGIN (implicit)
2025-12-23 22:05:27,400 [INFO] INSERT INTO document (title, url, content_hash, last_updated, brand_id, product_id) VALUES (?, ?, ?, ?, ?, ?)
2025-12-23 22:05:27,400 [INFO] [cached since 141.3s ago] ('BOSS - Support - Support News - Compatibility with macOS (Includes four generations and earlier)', None, 'c42ee2c2d7f5220777b58802c7ade4ac', '2025-12-23 22:05:27.398425', 2, None)
2025-12-23 22:05:27,401 [INFO] ROLLBACK
2025-12-23 22:05:27,401 [WARNING]    Error processing https://www.boss.info/global/support/support_news/25090811m2/: (sqlite3.IntegrityError) NOT NULL constraint failed: document.url
[SQL: INSERT INTO document (title, url, content_hash, last_updated, brand_id, product_id) VALUES (?, ?, ?, ?, ?, ?)]
[parameters: ('BOSS - Support - Support News - Compatibility with macOS (Includes four generations and earlier)', None, 'c42ee2c2d7f5220777b58802c7ade4ac', '2025-12-23 22:05:27.398425', 2, None)]
(Background on this error at: https://sqlalche.me/e/20/gkpj)
2025-12-23 22:05:40,621 [INFO] BEGIN (implicit)
2025-12-23 22:05:40,622 [INFO] INSERT INTO document (title, url, content_hash, last_updated, brand_id, product_id) VALUES (?, ?, ?, ?, ?, ?)
2025-12-23 22:05:40,622 [INFO] [cached since 154.5s ago] ('Roland - Support', None, 'a0b55983d8905b1cd2ccb25d95293570', '2025-12-23 22:05:40.621619', 2, None)
2025-12-23 22:05:40,622 [INFO] ROLLBACK
2025-12-23 22:05:40,623 [WARNING]    Error processing https://www.roland.com/global/support/: (sqlite3.IntegrityError) NOT NULL constraint failed: document.url
[SQL: INSERT INTO document (title, url, content_hash, last_updated, brand_id, product_id) VALUES (?, ?, ?, ?, ?, ?)]
[parameters: ('Roland - Support', None, 'a0b55983d8905b1cd2ccb25d95293570', '2025-12-23 22:05:40.621619', 2, None)]
(Background on this error at: https://sqlalche.me/e/20/gkpj)
2025-12-23 22:05:53,000 [INFO] BEGIN (implicit)
2025-12-23 22:05:53,000 [INFO] INSERT INTO document (title, url, content_hash, last_updated, brand_id, product_id) VALUES (?, ?, ?, ?, ?, ?)
2025-12-23 22:05:53,000 [INFO] [cached since 166.9s ago] ('BOSS - 404: Missing Page', None, '934b3069ddbac07070ff4ffa01a290dd', '2025-12-23 22:05:52.999872', 2, None)
2025-12-23 22:05:53,001 [INFO] ROLLBACK
2025-12-23 22:05:53,001 [WARNING]    Error processing https://www.boss.info/en/support/faqs/?lang=en-JM#: (sqlite3.IntegrityError) NOT NULL constraint failed: document.url
[SQL: INSERT INTO document (title, url, content_hash, last_updated, brand_id, product_id) VALUES (?, ?, ?, ?, ?, ?)]
[parameters: ('BOSS - 404: Missing Page', None, '934b3069ddbac07070ff4ffa01a290dd', '2025-12-23 22:05:52.999872', 2, None)]
(Background on this error at: https://sqlalche.me/e/20/gkpj)
2025-12-23 22:06:04,681 [INFO] BEGIN (implicit)
2025-12-23 22:06:04,682 [INFO] INSERT INTO document (title, url, content_hash, last_updated, brand_id, product_id) VALUES (?, ?, ?, ?, ?, ?)
2025-12-23 22:06:04,682 [INFO] [cached since 178.6s ago] ('BOSS - Support - Support Documents', None, '382866c97b3c87a7f171e8667c3800bd', '2025-12-23 22:06:04.681499', 2, None)
2025-12-23 22:06:04,682 [INFO] ROLLBACK
2025-12-23 22:06:04,683 [WARNING]    Error processing https://www.boss.info/global/support/support_documents/: (sqlite3.IntegrityError) NOT NULL constraint failed: document.url
[SQL: INSERT INTO document (title, url, content_hash, last_updated, brand_id, product_id) VALUES (?, ?, ?, ?, ?, ?)]
[parameters: ('BOSS - Support - Support Documents', None, '382866c97b3c87a7f171e8667c3800bd', '2025-12-23 22:06:04.681499', 2, None)]
(Background on this error at: https://sqlalche.me/e/20/gkpj)
2025-12-23 22:06:15,380 [INFO] BEGIN (implicit)
2025-12-23 22:06:15,381 [INFO] INSERT INTO document (title, url, content_hash, last_updated, brand_id, product_id) VALUES (?, ?, ?, ?, ?, ?)
2025-12-23 22:06:15,382 [INFO] [cached since 189.3s ago] ('BOSS - Support', None, 'ab40de2abcff41f00f82cce4a409cbcf', '2025-12-23 22:06:15.380051', 2, None)
2025-12-23 22:06:15,382 [INFO] ROLLBACK
2025-12-23 22:06:15,382 [WARNING]    Error processing https://www.boss.info/global/support/: (sqlite3.IntegrityError) NOT NULL constraint failed: document.url
[SQL: INSERT INTO document (title, url, content_hash, last_updated, brand_id, product_id) VALUES (?, ?, ?, ?, ?, ?)]
[parameters: ('BOSS - Support', None, 'ab40de2abcff41f00f82cce4a409cbcf', '2025-12-23 22:06:15.380051', 2, None)]
(Background on this error at: https://sqlalche.me/e/20/gkpj)
2025-12-23 22:06:24,031 [INFO] BEGIN (implicit)
2025-12-23 22:06:24,031 [INFO] INSERT INTO document (title, url, content_hash, last_updated, brand_id, product_id) VALUES (?, ?, ?, ?, ?, ?)
2025-12-23 22:06:24,031 [INFO] [cached since 197.9s ago] ('BOSS - Support - Support News', None, '3ad7466a50a95d1ad16ffc89516c128f', '2025-12-23 22:06:24.030890', 2, None)
2025-12-23 22:06:24,032 [INFO] ROLLBACK
2025-12-23 22:06:24,032 [WARNING]    Error processing https://www.boss.info/global/support/support_news/: (sqlite3.IntegrityError) NOT NULL constraint failed: document.url
[SQL: INSERT INTO document (title, url, content_hash, last_updated, brand_id, product_id) VALUES (?, ?, ?, ?, ?, ?)]
[parameters: ('BOSS - Support - Support News', None, '3ad7466a50a95d1ad16ffc89516c128f', '2025-12-23 22:06:24.030890', 2, None)]
(Background on this error at: https://sqlalche.me/e/20/gkpj)
2025-12-23 22:06:32,845 [INFO] BEGIN (implicit)
2025-12-23 22:06:32,845 [INFO] INSERT INTO document (title, url, content_hash, last_updated, brand_id, product_id) VALUES (?, ?, ?, ?, ?, ?)
2025-12-23 22:06:32,845 [INFO] [cached since 206.8s ago] ('BOSS - Support - Support News - Compatibility with iOS/iPadOS (Includes four generations and earlier)', None, '87b93e2b2273e74ce63f892add43f664', '2025-12-23 22:06:32.844722', 2, None)
2025-12-23 22:06:32,845 [INFO] ROLLBACK
2025-12-23 22:06:32,846 [WARNING]    Error processing https://www.boss.info/global/support/support_news/25090811ios2/: (sqlite3.IntegrityError) NOT NULL constraint failed: document.url
[SQL: INSERT INTO document (title, url, content_hash, last_updated, brand_id, product_id) VALUES (?, ?, ?, ?, ?, ?)]
[parameters: ('BOSS - Support - Support News - Compatibility with iOS/iPadOS (Includes four generations and earlier)', None, '87b93e2b2273e74ce63f892add43f664', '2025-12-23 22:06:32.844722', 2, None)]
(Background on this error at: https://sqlalche.me/e/20/gkpj)
2025-12-23 22:06:41,980 [INFO] BEGIN (implicit)
2025-12-23 22:06:41,981 [INFO] INSERT INTO document (title, url, content_hash, last_updated, brand_id, product_id) VALUES (?, ?, ?, ?, ?, ?)
2025-12-23 22:06:41,981 [INFO] [cached since 215.9s ago] ('BOSS - Support - Support News - Compatibility with iOS/iPadOS', None, '862280bb667bdff69a0c1933d407f7ec', '2025-12-23 22:06:41.980418', 2, None)
2025-12-23 22:06:41,981 [INFO] ROLLBACK
2025-12-23 22:06:41,982 [WARNING]    Error processing https://www.boss.info/global/support/support_news/25090811ios1/: (sqlite3.IntegrityError) NOT NULL constraint failed: document.url
[SQL: INSERT INTO document (title, url, content_hash, last_updated, brand_id, product_id) VALUES (?, ?, ?, ?, ?, ?)]
[parameters: ('BOSS - Support - Support News - Compatibility with iOS/iPadOS', None, '862280bb667bdff69a0c1933d407f7ec', '2025-12-23 22:06:41.980418', 2, None)]
(Background on this error at: https://sqlalche.me/e/20/gkpj)
2025-12-23 22:07:11,983 [WARNING]    Error processing https://www.boss.info/global/support/knowledge_base/: Page.goto: Timeout 30000ms exceeded.
Call log:
  - navigating to "https://www.boss.info/global/support/knowledge_base/", waiting until "networkidle"

2025-12-23 22:07:16,581 [INFO] BEGIN (implicit)
2025-12-23 22:07:16,581 [INFO] INSERT INTO document (title, url, content_hash, last_updated, brand_id, product_id) VALUES (?, ?, ?, ?, ?, ?)
2025-12-23 22:07:16,582 [INFO] [cached since 250.5s ago] ('BOSS - Support - Support News - Support for Windows 11 2024 Update', None, '99e62c8327452756a47efb4fe912d41e', '2025-12-23 22:07:16.581214', 2, None)
2025-12-23 22:07:16,582 [INFO] ROLLBACK
2025-12-23 22:07:16,582 [WARNING]    Error processing https://www.boss.info/global/support/support_news/24100416win1124up/: (sqlite3.IntegrityError) NOT NULL constraint failed: document.url
[SQL: INSERT INTO document (title, url, content_hash, last_updated, brand_id, product_id) VALUES (?, ?, ?, ?, ?, ?)]
[parameters: ('BOSS - Support - Support News - Support for Windows 11 2024 Update', None, '99e62c8327452756a47efb4fe912d41e', '2025-12-23 22:07:16.581214', 2, None)]
(Background on this error at: https://sqlalche.me/e/20/gkpj)
2025-12-23 22:07:21,777 [INFO] BEGIN (implicit)
2025-12-23 22:07:21,778 [INFO] INSERT INTO document (title, url, content_hash, last_updated, brand_id, product_id) VALUES (?, ?, ?, ?, ?, ?)
2025-12-23 22:07:21,778 [INFO] [cached since 255.7s ago] ('BOSS - Support - Owner’s Manuals', None, 'ec5880a6225bd77549eccb5acf786ce3', '2025-12-23 22:07:21.777291', 2, None)
2025-12-23 22:07:21,778 [INFO] ROLLBACK
2025-12-23 22:07:21,778 [WARNING]    Error processing https://www.boss.info/global/support/owners_manuals/: (sqlite3.IntegrityError) NOT NULL constraint failed: document.url
[SQL: INSERT INTO document (title, url, content_hash, last_updated, brand_id, product_id) VALUES (?, ?, ?, ?, ?, ?)]
[parameters: ('BOSS - Support - Owner’s Manuals', None, 'ec5880a6225bd77549eccb5acf786ce3', '2025-12-23 22:07:21.777291', 2, None)]
(Background on this error at: https://sqlalche.me/e/20/gkpj)
2025-12-23 22:07:21,778 [INFO] ✅ Boss: 0 new documents ingested
2025-12-23 22:07:21,795 [INFO] 
============================================================
2025-12-23 22:07:21,797 [INFO] INGESTING: Roland
2025-12-23 22:07:21,797 [INFO] ============================================================
2025-12-23 22:07:21,797 [INFO] Target: 250 documents
2025-12-23 22:07:21,797 [INFO] Brand ID: 1
2025-12-23 22:07:21,835 [INFO] 🔍 Discovering URLs...
2025-12-23 22:07:21,835 [INFO]   Discovering from https://www.roland.com/support/...
2025-12-23 22:07:51,838 [WARNING]     Error discovering from https://www.roland.com/support/: Page.goto: Timeout 30000ms exceeded.
Call log:
  - navigating to "https://www.roland.com/support/", waiting until "networkidle"

2025-12-23 22:07:51,838 [INFO]   Discovering from https://www.roland.com/support/faqs/...
2025-12-23 22:08:21,841 [WARNING]     Error discovering from https://www.roland.com/support/faqs/: Page.goto: Timeout 30000ms exceeded.
Call log:
  - navigating to "https://www.roland.com/support/faqs/", waiting until "networkidle"

2025-12-23 22:08:21,841 [INFO]    Found 0 potential URLs
2025-12-23 22:08:21,842 [INFO] BEGIN (implicit)
2025-12-23 22:08:21,842 [INFO] SELECT document.id, document.title, document.url, document.content_hash, document.last_updated, document.brand_id, document.product_id 
FROM document 
WHERE document.brand_id = ?
2025-12-23 22:08:21,842 [INFO] [cached since 319.3s ago] (1,)
2025-12-23 22:08:21,843 [INFO] ROLLBACK
2025-12-23 22:08:21,843 [INFO]    Already have 0 documents
2025-12-23 22:08:21,843 [INFO] 📝 Ingesting documents...
2025-12-23 22:08:21,843 [INFO] ✅ Roland: 0 new documents ingested
2025-12-23 22:08:21,860 [INFO] 
============================================================
2025-12-23 22:08:21,861 [INFO] INGESTING: Mackie
2025-12-23 22:08:21,861 [INFO] ============================================================
2025-12-23 22:08:21,862 [INFO] Target: 180 documents
2025-12-23 22:08:21,862 [INFO] Brand ID: 21
2025-12-23 22:08:21,895 [INFO] 🔍 Discovering URLs...
2025-12-23 22:08:21,895 [INFO]   Discovering from https://mackie.com/support...
2025-12-23 22:08:51,898 [WARNING]     Error discovering from https://mackie.com/support: Page.goto: Timeout 30000ms exceeded.
Call log:
  - navigating to "https://mackie.com/support", waiting until "networkidle"

2025-12-23 22:08:51,898 [INFO]   Discovering from https://mackie.com/en/support/faq...
2025-12-23 22:09:21,899 [WARNING]     Error discovering from https://mackie.com/en/support/faq: Page.goto: Timeout 30000ms exceeded.
Call log:
  - navigating to "https://mackie.com/en/support/faq", waiting until "networkidle"

2025-12-23 22:09:21,900 [INFO]    Found 0 potential URLs
2025-12-23 22:09:21,900 [INFO] BEGIN (implicit)
2025-12-23 22:09:21,901 [INFO] SELECT document.id, document.title, document.url, document.content_hash, document.last_updated, document.brand_id, document.product_id 
FROM document 
WHERE document.brand_id = ?
2025-12-23 22:09:21,901 [INFO] [cached since 379.3s ago] (21,)
2025-12-23 22:09:21,901 [INFO] ROLLBACK
2025-12-23 22:09:21,901 [INFO]    Already have 0 documents
2025-12-23 22:09:21,901 [INFO] 📝 Ingesting documents...
2025-12-23 22:09:21,902 [INFO] ✅ Mackie: 0 new documents ingested
2025-12-23 22:09:21,941 [INFO] 
============================================================
2025-12-23 22:09:21,941 [INFO] INGESTING: PreSonus
2025-12-23 22:09:21,941 [INFO] ============================================================
2025-12-23 22:09:21,941 [INFO] Target: 200 documents
2025-12-23 22:09:21,941 [INFO] Brand ID: 69
2025-12-23 22:09:21,987 [INFO] 🔍 Discovering URLs...
2025-12-23 22:09:21,987 [INFO]   Discovering from https://support.presonus.com/hc/en-us...
2025-12-23 22:09:51,989 [WARNING]     Error discovering from https://support.presonus.com/hc/en-us: Page.goto: Timeout 30000ms exceeded.
Call log:
  - navigating to "https://support.presonus.com/hc/en-us", waiting until "networkidle"

2025-12-23 22:09:51,990 [INFO]   Discovering from https://support.presonus.com/hc/en-us/categories...
2025-12-23 22:10:21,991 [WARNING]     Error discovering from https://support.presonus.com/hc/en-us/categories: Page.goto: Timeout 30000ms exceeded.
Call log:
  - navigating to "https://support.presonus.com/hc/en-us/categories", waiting until "networkidle"

2025-12-23 22:10:21,991 [INFO]    Found 0 potential URLs
2025-12-23 22:10:21,992 [INFO] BEGIN (implicit)
2025-12-23 22:10:21,992 [INFO] SELECT document.id, document.title, document.url, document.content_hash, document.last_updated, document.brand_id, document.product_id 
FROM document 
WHERE document.brand_id = ?
2025-12-23 22:10:21,992 [INFO] [cached since 439.4s ago] (69,)
2025-12-23 22:10:21,993 [INFO] ROLLBACK
2025-12-23 22:10:21,993 [INFO]    Already have 0 documents
2025-12-23 22:10:21,993 [INFO] 📝 Ingesting documents...
2025-12-23 22:10:21,993 [INFO] ✅ PreSonus: 0 new documents ingested
2025-12-23 22:10:22,010 [INFO] 
============================================================
2025-12-23 22:10:22,011 [INFO] PHASE 2 SUMMARY
2025-12-23 22:10:22,011 [INFO] ============================================================
2025-12-23 22:10:22,011 [INFO] Total new documents: 0
2025-12-23 22:10:22,011 [INFO] Duration: 7.5 minutes
2025-12-23 22:10:22,011 [INFO]   Rode: 0 documents
2025-12-23 22:10:22,011 [INFO]   Boss: 0 documents
2025-12-23 22:10:22,011 [INFO]   Roland: 0 documents
2025-12-23 22:10:22,011 [INFO]   Mackie: 0 documents
2025-12-23 22:10:22,011 [INFO]   PreSonus: 0 documents
2025-12-23 22:10:22,011 [INFO] ============================================================

