2025-12-23 22:29:54,980 [INFO] 
======================================================================
2025-12-23 22:29:54,980 [INFO] 🚀 COMPREHENSIVE BRAND DOCUMENTATION INGESTION
2025-12-23 22:29:54,980 [INFO] Ingesting: Support Centers + Products + Specifications
2025-12-23 22:29:54,980 [INFO] ======================================================================

2025-12-23 22:29:55,423 [INFO] ✅ Browser initialized
2025-12-23 22:29:55,424 [INFO] 
======================================================================
2025-12-23 22:29:55,425 [INFO] 📦 INGESTING: Rode
2025-12-23 22:29:55,425 [INFO] ======================================================================
2025-12-23 22:29:55,425 [INFO]    Target: 250 documents
2025-12-23 22:29:55,426 [INFO]    Categories: Support Centers + Product Docs + Specifications
2025-12-23 22:29:55,470 [INFO] 
🆘 SUPPORT CENTERS (3 sources)
2025-12-23 22:29:55,470 [INFO]   📍 Discovering from: https://en.rode.com/support
2025-12-23 22:30:01,758 [INFO]      Found 94 URLs
2025-12-23 22:30:01,758 [INFO]   📍 Discovering from: https://en.rode.com/support/faqs
2025-12-23 22:30:06,685 [INFO]      Found 94 URLs
2025-12-23 22:30:06,685 [INFO]   📍 Discovering from: https://en.rode.com/support/knowledge-base
2025-12-23 22:30:11,213 [INFO]      Found 94 URLs
2025-12-23 22:30:11,213 [INFO] 
📚 PRODUCT DOCUMENTATION (5 sources)
2025-12-23 22:30:11,213 [INFO]   📍 Discovering from: https://en.rode.com/microphones
2025-12-23 22:30:21,812 [INFO]      Found 115 URLs
2025-12-23 22:30:21,812 [INFO]   📍 Discovering from: https://en.rode.com/wireless
2025-12-23 22:30:27,526 [INFO]      Found 94 URLs
2025-12-23 22:30:27,526 [INFO]   📍 Discovering from: https://en.rode.com/interfaces
2025-12-23 22:30:31,304 [INFO]      Found 94 URLs
2025-12-23 22:30:31,304 [INFO]   📍 Discovering from: https://en.rode.com/software
2025-12-23 22:30:37,738 [INFO]      Found 94 URLs
2025-12-23 22:30:37,739 [INFO]   📍 Discovering from: https://en.rode.com/accessories
2025-12-23 22:30:48,166 [INFO]      Found 116 URLs
2025-12-23 22:30:48,167 [INFO] 
📋 SPECIFICATIONS & DOWNLOADS (2 sources)
2025-12-23 22:30:48,168 [INFO]   📍 Discovering from: https://en.rode.com/support/downloads
2025-12-23 22:30:52,504 [INFO]      Found 94 URLs
2025-12-23 22:30:52,504 [INFO]   📍 Discovering from: https://en.rode.com/microphones/specifications
2025-12-23 22:30:56,952 [INFO]      Found 94 URLs
2025-12-23 22:30:56,953 [INFO] 
✅ Total unique URLs discovered: 235
2025-12-23 22:30:56,953 [INFO] 
🔄 INGESTING DOCUMENTS
2025-12-23 22:30:56,955 INFO sqlalchemy.engine.Engine BEGIN (implicit)
2025-12-23 22:30:56,955 [INFO] BEGIN (implicit)
2025-12-23 22:30:56,970 INFO sqlalchemy.engine.Engine SELECT document.id, document.title, document.url, document.content_hash, document.last_updated, document.brand_id, document.product_id 
FROM document 
WHERE document.brand_id = ?
2025-12-23 22:30:56,970 [INFO] SELECT document.id, document.title, document.url, document.content_hash, document.last_updated, document.brand_id, document.product_id 
FROM document 
WHERE document.brand_id = ?
2025-12-23 22:30:56,970 INFO sqlalchemy.engine.Engine [generated in 0.00027s] (5,)
2025-12-23 22:30:56,970 [INFO] [generated in 0.00027s] (5,)
2025-12-23 22:30:57,015 INFO sqlalchemy.engine.Engine ROLLBACK
2025-12-23 22:30:57,015 [INFO] ROLLBACK
2025-12-23 22:30:57,015 [INFO]   Found 19 existing documents for Rode
2025-12-23 22:30:57,015 [INFO]   [1/235] https://rode.com/en-au/products/ntk...
/workspaces/Support-Center-/backend/scripts/ingest_comprehensive_brands.py:297: DeprecationWarning: datetime.datetime.utcnow() is deprecated and scheduled for removal in a future version. Use timezone-aware objects to represent datetimes in UTC: datetime.datetime.now(datetime.UTC).
  last_updated=datetime.utcnow()
2025-12-23 22:31:01,421 INFO sqlalchemy.engine.Engine BEGIN (implicit)
2025-12-23 22:31:01,421 [INFO] BEGIN (implicit)
2025-12-23 22:31:01,423 INFO sqlalchemy.engine.Engine INSERT INTO document (title, url, content_hash, last_updated, brand_id, product_id) VALUES (?, ?, ?, ?, ?, ?)
2025-12-23 22:31:01,423 [INFO] INSERT INTO document (title, url, content_hash, last_updated, brand_id, product_id) VALUES (?, ?, ?, ?, ?, ?)
2025-12-23 22:31:01,423 INFO sqlalchemy.engine.Engine [generated in 0.00026s] ('NTK', 'https://rode.com/en-au/products/ntk', 'fbe7d0d4dd334d3be5a5b55ea2faaef3', '2025-12-23 22:31:01.421132', 5, None)
2025-12-23 22:31:01,423 [INFO] [generated in 0.00026s] ('NTK', 'https://rode.com/en-au/products/ntk', 'fbe7d0d4dd334d3be5a5b55ea2faaef3', '2025-12-23 22:31:01.421132', 5, None)
2025-12-23 22:31:01,424 INFO sqlalchemy.engine.Engine COMMIT
2025-12-23 22:31:01,424 [INFO] COMMIT
2025-12-23 22:31:01,427 [INFO]       ✅ Ingested (1)
2025-12-23 22:31:01,427 [INFO]   [2/235] https://rode.com/en-nl/products/videomic-me-c-plus...
2025-12-23 22:31:07,264 INFO sqlalchemy.engine.Engine BEGIN (implicit)
2025-12-23 22:31:07,264 [INFO] BEGIN (implicit)
2025-12-23 22:31:07,265 INFO sqlalchemy.engine.Engine INSERT INTO document (title, url, content_hash, last_updated, brand_id, product_id) VALUES (?, ?, ?, ?, ?, ?)
2025-12-23 22:31:07,265 [INFO] INSERT INTO document (title, url, content_hash, last_updated, brand_id, product_id) VALUES (?, ?, ?, ?, ?, ?)
2025-12-23 22:31:07,265 INFO sqlalchemy.engine.Engine [cached since 5.842s ago] ('VideoMic Me-C+', 'https://rode.com/en-nl/products/videomic-me-c-plus', '6b52a9b6545ff1428ebfe588635873fe', '2025-12-23 22:31:07.264464', 5, None)
2025-12-23 22:31:07,265 [INFO] [cached since 5.842s ago] ('VideoMic Me-C+', 'https://rode.com/en-nl/products/videomic-me-c-plus', '6b52a9b6545ff1428ebfe588635873fe', '2025-12-23 22:31:07.264464', 5, None)
2025-12-23 22:31:07,266 INFO sqlalchemy.engine.Engine COMMIT
2025-12-23 22:31:07,266 [INFO] COMMIT
2025-12-23 22:31:07,269 [INFO]       ✅ Ingested (2)
2025-12-23 22:31:07,269 [INFO]   [3/235] https://rode.com/en-au/products/wireless-go-gen-3...
2025-12-23 22:31:12,135 INFO sqlalchemy.engine.Engine BEGIN (implicit)
2025-12-23 22:31:12,135 [INFO] BEGIN (implicit)
2025-12-23 22:31:12,136 INFO sqlalchemy.engine.Engine INSERT INTO document (title, url, content_hash, last_updated, brand_id, product_id) VALUES (?, ?, ?, ?, ?, ?)
2025-12-23 22:31:12,136 [INFO] INSERT INTO document (title, url, content_hash, last_updated, brand_id, product_id) VALUES (?, ?, ?, ?, ?, ?)
2025-12-23 22:31:12,136 INFO sqlalchemy.engine.Engine [cached since 10.71s ago] ('Wireless GO (Gen 3)', 'https://rode.com/en-au/products/wireless-go-gen-3', '6e6aa5767b05ec1d591f934d2cc1d0a0', '2025-12-23 22:31:12.135201', 5, None)
2025-12-23 22:31:12,136 [INFO] [cached since 10.71s ago] ('Wireless GO (Gen 3)', 'https://rode.com/en-au/products/wireless-go-gen-3', '6e6aa5767b05ec1d591f934d2cc1d0a0', '2025-12-23 22:31:12.135201', 5, None)
2025-12-23 22:31:12,136 INFO sqlalchemy.engine.Engine COMMIT
2025-12-23 22:31:12,136 [INFO] COMMIT
2025-12-23 22:31:12,140 [INFO]       ✅ Ingested (3)
2025-12-23 22:31:12,140 [INFO]   [4/235] https://rode.com/en-au/products/charge-case-plus...
2025-12-23 22:31:15,932 INFO sqlalchemy.engine.Engine BEGIN (implicit)
2025-12-23 22:31:15,932 [INFO] BEGIN (implicit)
2025-12-23 22:31:15,932 INFO sqlalchemy.engine.Engine INSERT INTO document (title, url, content_hash, last_updated, brand_id, product_id) VALUES (?, ?, ?, ?, ?, ?)
2025-12-23 22:31:15,932 [INFO] INSERT INTO document (title, url, content_hash, last_updated, brand_id, product_id) VALUES (?, ?, ?, ?, ?, ?)
2025-12-23 22:31:15,932 INFO sqlalchemy.engine.Engine [cached since 14.51s ago] ('Charge Case+', 'https://rode.com/en-au/products/charge-case-plus', '4675a03e7dd9ffda8d3efca820834469', '2025-12-23 22:31:15.931800', 5, None)
2025-12-23 22:31:15,932 [INFO] [cached since 14.51s ago] ('Charge Case+', 'https://rode.com/en-au/products/charge-case-plus', '4675a03e7dd9ffda8d3efca820834469', '2025-12-23 22:31:15.931800', 5, None)
2025-12-23 22:31:15,933 INFO sqlalchemy.engine.Engine COMMIT
2025-12-23 22:31:15,933 [INFO] COMMIT
2025-12-23 22:31:15,936 [INFO]       ✅ Ingested (4)
2025-12-23 22:31:15,936 [INFO]   [5/235] https://rode.com/en-au/support/where-to-buy...
2025-12-23 22:31:18,337 INFO sqlalchemy.engine.Engine BEGIN (implicit)
2025-12-23 22:31:18,337 [INFO] BEGIN (implicit)
2025-12-23 22:31:18,340 INFO sqlalchemy.engine.Engine INSERT INTO document (title, url, content_hash, last_updated, brand_id, product_id) VALUES (?, ?, ?, ?, ?, ?)
2025-12-23 22:31:18,340 [INFO] INSERT INTO document (title, url, content_hash, last_updated, brand_id, product_id) VALUES (?, ?, ?, ?, ?, ?)
2025-12-23 22:31:18,340 INFO sqlalchemy.engine.Engine [cached since 16.92s ago] ('Where to Buy RØDE', 'https://rode.com/en-au/support/where-to-buy', 'e33471fb678ef69bf307a78cf3b2fb7d', '2025-12-23 22:31:18.336685', 5, None)
2025-12-23 22:31:18,340 [INFO] [cached since 16.92s ago] ('Where to Buy RØDE', 'https://rode.com/en-au/support/where-to-buy', 'e33471fb678ef69bf307a78cf3b2fb7d', '2025-12-23 22:31:18.336685', 5, None)
2025-12-23 22:31:18,341 INFO sqlalchemy.engine.Engine COMMIT
2025-12-23 22:31:18,341 [INFO] COMMIT
2025-12-23 22:31:18,351 [INFO]       ✅ Ingested (5)
2025-12-23 22:31:18,353 [INFO]   [6/235] https://rode.com/en-nl/products/rode-hub...
2025-12-23 22:31:22,071 INFO sqlalchemy.engine.Engine BEGIN (implicit)
2025-12-23 22:31:22,071 [INFO] BEGIN (implicit)
2025-12-23 22:31:22,071 INFO sqlalchemy.engine.Engine INSERT INTO document (title, url, content_hash, last_updated, brand_id, product_id) VALUES (?, ?, ?, ?, ?, ?)
2025-12-23 22:31:22,071 [INFO] INSERT INTO document (title, url, content_hash, last_updated, brand_id, product_id) VALUES (?, ?, ?, ?, ?, ?)
2025-12-23 22:31:22,072 INFO sqlalchemy.engine.Engine [cached since 20.65s ago] ('RØDE Hub', 'https://rode.com/en-nl/products/rode-hub', '98d47bc6fd8156aeabee4ee5d32cc029', '2025-12-23 22:31:22.071048', 5, None)
2025-12-23 22:31:22,072 [INFO] [cached since 20.65s ago] ('RØDE Hub', 'https://rode.com/en-nl/products/rode-hub', '98d47bc6fd8156aeabee4ee5d32cc029', '2025-12-23 22:31:22.071048', 5, None)
2025-12-23 22:31:22,072 INFO sqlalchemy.engine.Engine COMMIT
2025-12-23 22:31:22,072 [INFO] COMMIT
2025-12-23 22:31:22,075 [INFO]       ✅ Ingested (6)
2025-12-23 22:31:22,075 [INFO]   [7/235] https://rode.com/en-au/products/interview-pro...
2025-12-23 22:31:26,423 INFO sqlalchemy.engine.Engine BEGIN (implicit)
2025-12-23 22:31:26,423 [INFO] BEGIN (implicit)
2025-12-23 22:31:26,423 INFO sqlalchemy.engine.Engine INSERT INTO document (title, url, content_hash, last_updated, brand_id, product_id) VALUES (?, ?, ?, ?, ?, ?)
2025-12-23 22:31:26,423 [INFO] INSERT INTO document (title, url, content_hash, last_updated, brand_id, product_id) VALUES (?, ?, ?, ?, ?, ?)
2025-12-23 22:31:26,423 INFO sqlalchemy.engine.Engine [cached since 25s ago] ('Interview PRO', 'https://rode.com/en-au/products/interview-pro', '59859bf3030338c1076483a8e7655425', '2025-12-23 22:31:26.422817', 5, None)
2025-12-23 22:31:26,423 [INFO] [cached since 25s ago] ('Interview PRO', 'https://rode.com/en-au/products/interview-pro', '59859bf3030338c1076483a8e7655425', '2025-12-23 22:31:26.422817', 5, None)
2025-12-23 22:31:26,424 INFO sqlalchemy.engine.Engine COMMIT
2025-12-23 22:31:26,424 [INFO] COMMIT
2025-12-23 22:31:26,427 [INFO]       ✅ Ingested (7)
2025-12-23 22:31:26,427 [INFO]   [8/235] https://rode.com/en-nl/products/wireless-go-gen-3...
2025-12-23 22:31:30,882 INFO sqlalchemy.engine.Engine BEGIN (implicit)
2025-12-23 22:31:30,882 [INFO] BEGIN (implicit)
2025-12-23 22:31:30,882 INFO sqlalchemy.engine.Engine INSERT INTO document (title, url, content_hash, last_updated, brand_id, product_id) VALUES (?, ?, ?, ?, ?, ?)
2025-12-23 22:31:30,882 [INFO] INSERT INTO document (title, url, content_hash, last_updated, brand_id, product_id) VALUES (?, ?, ?, ?, ?, ?)
2025-12-23 22:31:30,882 INFO sqlalchemy.engine.Engine [cached since 29.46s ago] ('Wireless GO (Gen 3)', 'https://rode.com/en-nl/products/wireless-go-gen-3', '417349ea06f7b54b6267d98b2a9a64c5', '2025-12-23 22:31:30.881963', 5, None)
2025-12-23 22:31:30,882 [INFO] [cached since 29.46s ago] ('Wireless GO (Gen 3)', 'https://rode.com/en-nl/products/wireless-go-gen-3', '417349ea06f7b54b6267d98b2a9a64c5', '2025-12-23 22:31:30.881963', 5, None)
2025-12-23 22:31:30,883 INFO sqlalchemy.engine.Engine COMMIT
2025-12-23 22:31:30,883 [INFO] COMMIT
2025-12-23 22:31:30,886 [INFO]       ✅ Ingested (8)
2025-12-23 22:31:30,886 [INFO]   [9/235] https://rode.com/en-au/products/flexclip-go...
2025-12-23 22:31:34,358 INFO sqlalchemy.engine.Engine BEGIN (implicit)
2025-12-23 22:31:34,358 [INFO] BEGIN (implicit)
2025-12-23 22:31:34,358 INFO sqlalchemy.engine.Engine INSERT INTO document (title, url, content_hash, last_updated, brand_id, product_id) VALUES (?, ?, ?, ?, ?, ?)
2025-12-23 22:31:34,358 [INFO] INSERT INTO document (title, url, content_hash, last_updated, brand_id, product_id) VALUES (?, ?, ?, ?, ?, ?)
2025-12-23 22:31:34,359 INFO sqlalchemy.engine.Engine [cached since 32.94s ago] ('FlexClip GO', 'https://rode.com/en-au/products/flexclip-go', '68217b955b1b49ca8c584de42e8dcf1c', '2025-12-23 22:31:34.358122', 5, None)
2025-12-23 22:31:34,359 [INFO] [cached since 32.94s ago] ('FlexClip GO', 'https://rode.com/en-au/products/flexclip-go', '68217b955b1b49ca8c584de42e8dcf1c', '2025-12-23 22:31:34.358122', 5, None)
2025-12-23 22:31:34,359 INFO sqlalchemy.engine.Engine COMMIT
2025-12-23 22:31:34,359 [INFO] COMMIT
2025-12-23 22:31:34,362 [INFO]       ✅ Ingested (9)
2025-12-23 22:31:34,362 [INFO]   [10/235] https://rode.com/en-nl/products/blimp...
2025-12-23 22:31:38,329 INFO sqlalchemy.engine.Engine BEGIN (implicit)
2025-12-23 22:31:38,329 [INFO] BEGIN (implicit)
2025-12-23 22:31:38,330 INFO sqlalchemy.engine.Engine INSERT INTO document (title, url, content_hash, last_updated, brand_id, product_id) VALUES (?, ?, ?, ?, ?, ?)
2025-12-23 22:31:38,330 [INFO] INSERT INTO document (title, url, content_hash, last_updated, brand_id, product_id) VALUES (?, ?, ?, ?, ?, ?)
2025-12-23 22:31:38,330 INFO sqlalchemy.engine.Engine [cached since 36.91s ago] ('Blimp', 'https://rode.com/en-nl/products/blimp', '0ea79f5239b7d2b28f45181cd65f7d54', '2025-12-23 22:31:38.329540', 5, None)
2025-12-23 22:31:38,330 [INFO] [cached since 36.91s ago] ('Blimp', 'https://rode.com/en-nl/products/blimp', '0ea79f5239b7d2b28f45181cd65f7d54', '2025-12-23 22:31:38.329540', 5, None)
2025-12-23 22:31:38,331 INFO sqlalchemy.engine.Engine COMMIT
2025-12-23 22:31:38,331 [INFO] COMMIT
2025-12-23 22:31:38,334 [INFO]       ✅ Ingested (10)
2025-12-23 22:31:40,336 [INFO]   [11/235] https://rode.com/en-au/products/xlr-to-xlr...
2025-12-23 22:31:44,017 INFO sqlalchemy.engine.Engine BEGIN (implicit)
2025-12-23 22:31:44,017 [INFO] BEGIN (implicit)
2025-12-23 22:31:44,021 INFO sqlalchemy.engine.Engine INSERT INTO document (title, url, content_hash, last_updated, brand_id, product_id) VALUES (?, ?, ?, ?, ?, ?)
2025-12-23 22:31:44,021 [INFO] INSERT INTO document (title, url, content_hash, last_updated, brand_id, product_id) VALUES (?, ?, ?, ?, ?, ?)
2025-12-23 22:31:44,021 INFO sqlalchemy.engine.Engine [cached since 42.6s ago] ('XLR Cable', 'https://rode.com/en-au/products/xlr-to-xlr', '5a6cc6dbfd6225febab7242ecd8cff03', '2025-12-23 22:31:44.016254', 5, None)
2025-12-23 22:31:44,021 [INFO] [cached since 42.6s ago] ('XLR Cable', 'https://rode.com/en-au/products/xlr-to-xlr', '5a6cc6dbfd6225febab7242ecd8cff03', '2025-12-23 22:31:44.016254', 5, None)
2025-12-23 22:31:44,022 INFO sqlalchemy.engine.Engine COMMIT
2025-12-23 22:31:44,022 [INFO] COMMIT
2025-12-23 22:31:44,025 [INFO]       ✅ Ingested (11)
2025-12-23 22:31:44,026 [INFO]   [12/235] https://rode.com/en-nl/products/ws11...
2025-12-23 22:31:47,346 INFO sqlalchemy.engine.Engine BEGIN (implicit)
2025-12-23 22:31:47,346 [INFO] BEGIN (implicit)
2025-12-23 22:31:47,346 INFO sqlalchemy.engine.Engine INSERT INTO document (title, url, content_hash, last_updated, brand_id, product_id) VALUES (?, ?, ?, ?, ?, ?)
2025-12-23 22:31:47,346 [INFO] INSERT INTO document (title, url, content_hash, last_updated, brand_id, product_id) VALUES (?, ?, ?, ?, ?, ?)
2025-12-23 22:31:47,346 INFO sqlalchemy.engine.Engine [cached since 45.92s ago] ('WS11', 'https://rode.com/en-nl/products/ws11', '0ae8479439eacca826a302f15b89ed9a', '2025-12-23 22:31:47.345524', 5, None)
2025-12-23 22:31:47,346 [INFO] [cached since 45.92s ago] ('WS11', 'https://rode.com/en-nl/products/ws11', '0ae8479439eacca826a302f15b89ed9a', '2025-12-23 22:31:47.345524', 5, None)
2025-12-23 22:31:47,347 INFO sqlalchemy.engine.Engine COMMIT
2025-12-23 22:31:47,347 [INFO] COMMIT
2025-12-23 22:31:47,350 [INFO]       ✅ Ingested (12)
2025-12-23 22:31:47,350 [INFO]   [13/235] https://rode.com/en-au/products/videomic-go-ii...
2025-12-23 22:31:51,867 INFO sqlalchemy.engine.Engine BEGIN (implicit)
2025-12-23 22:31:51,867 [INFO] BEGIN (implicit)
2025-12-23 22:31:51,867 INFO sqlalchemy.engine.Engine INSERT INTO document (title, url, content_hash, last_updated, brand_id, product_id) VALUES (?, ?, ?, ?, ?, ?)
2025-12-23 22:31:51,867 [INFO] INSERT INTO document (title, url, content_hash, last_updated, brand_id, product_id) VALUES (?, ?, ?, ?, ?, ?)
2025-12-23 22:31:51,868 INFO sqlalchemy.engine.Engine [cached since 50.44s ago] ('VideoMic GO II', 'https://rode.com/en-au/products/videomic-go-ii', '20bd9266ab7934d9aad813a3ed9a2a6f', '2025-12-23 22:31:51.867212', 5, None)
2025-12-23 22:31:51,868 [INFO] [cached since 50.44s ago] ('VideoMic GO II', 'https://rode.com/en-au/products/videomic-go-ii', '20bd9266ab7934d9aad813a3ed9a2a6f', '2025-12-23 22:31:51.867212', 5, None)
2025-12-23 22:31:51,868 INFO sqlalchemy.engine.Engine COMMIT
2025-12-23 22:31:51,868 [INFO] COMMIT
2025-12-23 22:31:51,871 [INFO]       ✅ Ingested (13)
2025-12-23 22:31:51,871 [INFO]   [14/235] https://rode.com/en-nl/products/videomic-go-ii...
2025-12-23 22:31:56,438 INFO sqlalchemy.engine.Engine BEGIN (implicit)
2025-12-23 22:31:56,438 [INFO] BEGIN (implicit)
2025-12-23 22:31:56,438 INFO sqlalchemy.engine.Engine INSERT INTO document (title, url, content_hash, last_updated, brand_id, product_id) VALUES (?, ?, ?, ?, ?, ?)
2025-12-23 22:31:56,438 [INFO] INSERT INTO document (title, url, content_hash, last_updated, brand_id, product_id) VALUES (?, ?, ?, ?, ?, ?)
2025-12-23 22:31:56,439 INFO sqlalchemy.engine.Engine [cached since 55.02s ago] ('VideoMic GO II', 'https://rode.com/en-nl/products/videomic-go-ii', '16fcf429bdec2a687d191ab96867ee53', '2025-12-23 22:31:56.438149', 5, None)
2025-12-23 22:31:56,439 [INFO] [cached since 55.02s ago] ('VideoMic GO II', 'https://rode.com/en-nl/products/videomic-go-ii', '16fcf429bdec2a687d191ab96867ee53', '2025-12-23 22:31:56.438149', 5, None)
2025-12-23 22:31:56,439 INFO sqlalchemy.engine.Engine COMMIT
2025-12-23 22:31:56,439 [INFO] COMMIT
2025-12-23 22:31:56,442 [INFO]       ✅ Ingested (14)
2025-12-23 22:31:56,442 [INFO]   [15/235] https://rode.com/en-nl/products/sm6...
2025-12-23 22:32:00,503 INFO sqlalchemy.engine.Engine BEGIN (implicit)
2025-12-23 22:32:00,503 [INFO] BEGIN (implicit)
2025-12-23 22:32:00,503 INFO sqlalchemy.engine.Engine INSERT INTO document (title, url, content_hash, last_updated, brand_id, product_id) VALUES (?, ?, ?, ?, ?, ?)
2025-12-23 22:32:00,503 [INFO] INSERT INTO document (title, url, content_hash, last_updated, brand_id, product_id) VALUES (?, ?, ?, ?, ?, ?)
2025-12-23 22:32:00,503 INFO sqlalchemy.engine.Engine [cached since 59.08s ago] ('SM6', 'https://rode.com/en-nl/products/sm6', '1a19c821c462700f802c3a3c5da54e82', '2025-12-23 22:32:00.502787', 5, None)
2025-12-23 22:32:00,503 [INFO] [cached since 59.08s ago] ('SM6', 'https://rode.com/en-nl/products/sm6', '1a19c821c462700f802c3a3c5da54e82', '2025-12-23 22:32:00.502787', 5, None)
2025-12-23 22:32:00,504 INFO sqlalchemy.engine.Engine COMMIT
2025-12-23 22:32:00,504 [INFO] COMMIT
2025-12-23 22:32:00,507 [INFO]       ✅ Ingested (15)
2025-12-23 22:32:00,507 [INFO]   [16/235] https://rode.com/en-au/products/rm5...
2025-12-23 22:32:04,374 INFO sqlalchemy.engine.Engine BEGIN (implicit)
2025-12-23 22:32:04,374 [INFO] BEGIN (implicit)
2025-12-23 22:32:04,375 INFO sqlalchemy.engine.Engine INSERT INTO document (title, url, content_hash, last_updated, brand_id, product_id) VALUES (?, ?, ?, ?, ?, ?)
2025-12-23 22:32:04,375 [INFO] INSERT INTO document (title, url, content_hash, last_updated, brand_id, product_id) VALUES (?, ?, ?, ?, ?, ?)
2025-12-23 22:32:04,375 INFO sqlalchemy.engine.Engine [cached since 62.95s ago] ('RM5', 'https://rode.com/en-au/products/rm5', '591702a2372a173eb6fb8f9c5bf47b17', '2025-12-23 22:32:04.374190', 5, None)
2025-12-23 22:32:04,375 [INFO] [cached since 62.95s ago] ('RM5', 'https://rode.com/en-au/products/rm5', '591702a2372a173eb6fb8f9c5bf47b17', '2025-12-23 22:32:04.374190', 5, None)
2025-12-23 22:32:04,375 INFO sqlalchemy.engine.Engine COMMIT
2025-12-23 22:32:04,375 [INFO] COMMIT
2025-12-23 22:32:04,378 [INFO]       ✅ Ingested (16)
2025-12-23 22:32:04,378 [INFO]   [17/235] https://rode.com/en-au/products/nth-cable...
2025-12-23 22:32:07,820 INFO sqlalchemy.engine.Engine BEGIN (implicit)
2025-12-23 22:32:07,820 [INFO] BEGIN (implicit)
2025-12-23 22:32:07,820 INFO sqlalchemy.engine.Engine INSERT INTO document (title, url, content_hash, last_updated, brand_id, product_id) VALUES (?, ?, ?, ?, ?, ?)
2025-12-23 22:32:07,820 [INFO] INSERT INTO document (title, url, content_hash, last_updated, brand_id, product_id) VALUES (?, ?, ?, ?, ?, ?)
2025-12-23 22:32:07,821 INFO sqlalchemy.engine.Engine [cached since 66.4s ago] ('NTH-CABLE', 'https://rode.com/en-au/products/nth-cable', 'db0b4023c0e4269c3035df15ac0eb0de', '2025-12-23 22:32:07.819880', 5, None)
2025-12-23 22:32:07,821 [INFO] [cached since 66.4s ago] ('NTH-CABLE', 'https://rode.com/en-au/products/nth-cable', 'db0b4023c0e4269c3035df15ac0eb0de', '2025-12-23 22:32:07.819880', 5, None)
2025-12-23 22:32:07,821 INFO sqlalchemy.engine.Engine COMMIT
2025-12-23 22:32:07,821 [INFO] COMMIT
2025-12-23 22:32:07,824 [INFO]       ✅ Ingested (17)
2025-12-23 22:32:07,824 [INFO]   [18/235] https://rode.com/en-au/products/sc8...
2025-12-23 22:32:11,452 INFO sqlalchemy.engine.Engine BEGIN (implicit)
2025-12-23 22:32:11,452 [INFO] BEGIN (implicit)
2025-12-23 22:32:11,453 INFO sqlalchemy.engine.Engine INSERT INTO document (title, url, content_hash, last_updated, brand_id, product_id) VALUES (?, ?, ?, ?, ?, ?)
2025-12-23 22:32:11,453 [INFO] INSERT INTO document (title, url, content_hash, last_updated, brand_id, product_id) VALUES (?, ?, ?, ?, ?, ?)
2025-12-23 22:32:11,453 INFO sqlalchemy.engine.Engine [cached since 70.03s ago] ('SC8', 'https://rode.com/en-au/products/sc8', 'c69834e34d2012279f6836825e9ffd53', '2025-12-23 22:32:11.452330', 5, None)
2025-12-23 22:32:11,453 [INFO] [cached since 70.03s ago] ('SC8', 'https://rode.com/en-au/products/sc8', 'c69834e34d2012279f6836825e9ffd53', '2025-12-23 22:32:11.452330', 5, None)
2025-12-23 22:32:11,453 INFO sqlalchemy.engine.Engine COMMIT
2025-12-23 22:32:11,453 [INFO] COMMIT
2025-12-23 22:32:11,456 [INFO]       ✅ Ingested (18)
2025-12-23 22:32:11,457 [INFO]   [19/235] https://rode.com/en-nl/products/nt45-c...
2025-12-23 22:32:15,726 INFO sqlalchemy.engine.Engine BEGIN (implicit)
2025-12-23 22:32:15,726 [INFO] BEGIN (implicit)
2025-12-23 22:32:15,726 INFO sqlalchemy.engine.Engine INSERT INTO document (title, url, content_hash, last_updated, brand_id, product_id) VALUES (?, ?, ?, ?, ?, ?)
2025-12-23 22:32:15,726 [INFO] INSERT INTO document (title, url, content_hash, last_updated, brand_id, product_id) VALUES (?, ?, ?, ?, ?, ?)
2025-12-23 22:32:15,726 INFO sqlalchemy.engine.Engine [cached since 74.3s ago] ('NT45-C', 'https://rode.com/en-nl/products/nt45-c', '75f3b5f7017e63b8d831009a44f6f340', '2025-12-23 22:32:15.725706', 5, None)
2025-12-23 22:32:15,726 [INFO] [cached since 74.3s ago] ('NT45-C', 'https://rode.com/en-nl/products/nt45-c', '75f3b5f7017e63b8d831009a44f6f340', '2025-12-23 22:32:15.725706', 5, None)
2025-12-23 22:32:15,727 INFO sqlalchemy.engine.Engine COMMIT
2025-12-23 22:32:15,727 [INFO] COMMIT
2025-12-23 22:32:15,731 [INFO]       ✅ Ingested (19)
2025-12-23 22:32:15,731 [INFO]   [21/235] https://rode.com/en-nl/products/rodecover-video...
2025-12-23 22:32:19,374 INFO sqlalchemy.engine.Engine BEGIN (implicit)
2025-12-23 22:32:19,374 [INFO] BEGIN (implicit)
2025-12-23 22:32:19,375 INFO sqlalchemy.engine.Engine INSERT INTO document (title, url, content_hash, last_updated, brand_id, product_id) VALUES (?, ?, ?, ?, ?, ?)
2025-12-23 22:32:19,375 [INFO] INSERT INTO document (title, url, content_hash, last_updated, brand_id, product_id) VALUES (?, ?, ?, ?, ?, ?)
2025-12-23 22:32:19,376 INFO sqlalchemy.engine.Engine [cached since 77.95s ago] ('RØDECover Video', 'https://rode.com/en-nl/products/rodecover-video', '0c3b95db206a5ab91f377108af99655e', '2025-12-23 22:32:19.373713', 5, None)
2025-12-23 22:32:19,376 [INFO] [cached since 77.95s ago] ('RØDECover Video', 'https://rode.com/en-nl/products/rodecover-video', '0c3b95db206a5ab91f377108af99655e', '2025-12-23 22:32:19.373713', 5, None)
2025-12-23 22:32:19,378 INFO sqlalchemy.engine.Engine COMMIT
2025-12-23 22:32:19,378 [INFO] COMMIT
2025-12-23 22:32:19,383 [INFO]       ✅ Ingested (20)
2025-12-23 22:32:21,386 [INFO]   [22/235] https://rode.com/en-au/products/wireless-me...
2025-12-23 22:32:25,586 INFO sqlalchemy.engine.Engine BEGIN (implicit)
2025-12-23 22:32:25,586 [INFO] BEGIN (implicit)
2025-12-23 22:32:25,587 INFO sqlalchemy.engine.Engine INSERT INTO document (title, url, content_hash, last_updated, brand_id, product_id) VALUES (?, ?, ?, ?, ?, ?)
2025-12-23 22:32:25,587 [INFO] INSERT INTO document (title, url, content_hash, last_updated, brand_id, product_id) VALUES (?, ?, ?, ?, ?, ?)
2025-12-23 22:32:25,587 INFO sqlalchemy.engine.Engine [cached since 84.16s ago] ('Wireless ME', 'https://rode.com/en-au/products/wireless-me', '0b7c42250980f9477e84f8295a67a1c0', '2025-12-23 22:32:25.586550', 5, None)
2025-12-23 22:32:25,587 [INFO] [cached since 84.16s ago] ('Wireless ME', 'https://rode.com/en-au/products/wireless-me', '0b7c42250980f9477e84f8295a67a1c0', '2025-12-23 22:32:25.586550', 5, None)
2025-12-23 22:32:25,587 INFO sqlalchemy.engine.Engine COMMIT
2025-12-23 22:32:25,587 [INFO] COMMIT
2025-12-23 22:32:25,590 [INFO]       ✅ Ingested (21)
2025-12-23 22:32:25,590 [INFO]   [23/235] https://rode.com/en-nl/products/flexclip-go...
2025-12-23 22:32:29,196 INFO sqlalchemy.engine.Engine BEGIN (implicit)
2025-12-23 22:32:29,196 [INFO] BEGIN (implicit)
2025-12-23 22:32:29,197 INFO sqlalchemy.engine.Engine INSERT INTO document (title, url, content_hash, last_updated, brand_id, product_id) VALUES (?, ?, ?, ?, ?, ?)
2025-12-23 22:32:29,197 [INFO] INSERT INTO document (title, url, content_hash, last_updated, brand_id, product_id) VALUES (?, ?, ?, ?, ?, ?)
2025-12-23 22:32:29,197 INFO sqlalchemy.engine.Engine [cached since 87.77s ago] ('FlexClip GO', 'https://rode.com/en-nl/products/flexclip-go', '0328eb74834ecc9155399d9a355d49ea', '2025-12-23 22:32:29.196059', 5, None)
2025-12-23 22:32:29,197 [INFO] [cached since 87.77s ago] ('FlexClip GO', 'https://rode.com/en-nl/products/flexclip-go', '0328eb74834ecc9155399d9a355d49ea', '2025-12-23 22:32:29.196059', 5, None)
2025-12-23 22:32:29,197 INFO sqlalchemy.engine.Engine COMMIT
2025-12-23 22:32:29,197 [INFO] COMMIT
2025-12-23 22:32:29,201 [INFO]       ✅ Ingested (22)
2025-12-23 22:32:29,201 [INFO]   [24/235] https://rode.com/en-au/products/rodelink-newsshooter-kit...
2025-12-23 22:32:32,685 INFO sqlalchemy.engine.Engine BEGIN (implicit)
2025-12-23 22:32:32,685 [INFO] BEGIN (implicit)
2025-12-23 22:32:32,685 INFO sqlalchemy.engine.Engine INSERT INTO document (title, url, content_hash, last_updated, brand_id, product_id) VALUES (?, ?, ?, ?, ?, ?)
2025-12-23 22:32:32,685 [INFO] INSERT INTO document (title, url, content_hash, last_updated, brand_id, product_id) VALUES (?, ?, ?, ?, ?, ?)
2025-12-23 22:32:32,685 INFO sqlalchemy.engine.Engine [cached since 91.26s ago] ('RØDELink Newsshooter Kit', 'https://rode.com/en-au/products/rodelink-newsshooter-kit', '0e0df17cd15f2f782c5c1c9fa8e36140', '2025-12-23 22:32:32.684822', 5, None)
2025-12-23 22:32:32,685 [INFO] [cached since 91.26s ago] ('RØDELink Newsshooter Kit', 'https://rode.com/en-au/products/rodelink-newsshooter-kit', '0e0df17cd15f2f782c5c1c9fa8e36140', '2025-12-23 22:32:32.684822', 5, None)
2025-12-23 22:32:32,686 INFO sqlalchemy.engine.Engine COMMIT
2025-12-23 22:32:32,686 [INFO] COMMIT
2025-12-23 22:32:32,689 [INFO]       ✅ Ingested (23)
2025-12-23 22:32:32,689 [INFO]   [25/235] https://rode.com/en-nl/products/ntg4plus...
2025-12-23 22:32:36,251 INFO sqlalchemy.engine.Engine BEGIN (implicit)
2025-12-23 22:32:36,251 [INFO] BEGIN (implicit)
2025-12-23 22:32:36,252 INFO sqlalchemy.engine.Engine INSERT INTO document (title, url, content_hash, last_updated, brand_id, product_id) VALUES (?, ?, ?, ?, ?, ?)
2025-12-23 22:32:36,252 [INFO] INSERT INTO document (title, url, content_hash, last_updated, brand_id, product_id) VALUES (?, ?, ?, ?, ?, ?)
2025-12-23 22:32:36,253 INFO sqlalchemy.engine.Engine [cached since 94.83s ago] ('NTG4+', 'https://rode.com/en-nl/products/ntg4plus', '2faa177733d66c9f464f3521656fe36e', '2025-12-23 22:32:36.250447', 5, None)
2025-12-23 22:32:36,253 [INFO] [cached since 94.83s ago] ('NTG4+', 'https://rode.com/en-nl/products/ntg4plus', '2faa177733d66c9f464f3521656fe36e', '2025-12-23 22:32:36.250447', 5, None)
2025-12-23 22:32:36,255 INFO sqlalchemy.engine.Engine COMMIT
2025-12-23 22:32:36,255 [INFO] COMMIT
2025-12-23 22:32:36,259 [INFO]       ✅ Ingested (24)
2025-12-23 22:32:36,259 [INFO]   [26/235] https://rode.com/en-au/products/videomic-me-l...
2025-12-23 22:32:39,783 INFO sqlalchemy.engine.Engine BEGIN (implicit)
2025-12-23 22:32:39,783 [INFO] BEGIN (implicit)
2025-12-23 22:32:39,783 INFO sqlalchemy.engine.Engine INSERT INTO document (title, url, content_hash, last_updated, brand_id, product_id) VALUES (?, ?, ?, ?, ?, ?)
2025-12-23 22:32:39,783 [INFO] INSERT INTO document (title, url, content_hash, last_updated, brand_id, product_id) VALUES (?, ?, ?, ?, ?, ?)
2025-12-23 22:32:39,784 INFO sqlalchemy.engine.Engine [cached since 98.36s ago] ('VideoMic Me-L', 'https://rode.com/en-au/products/videomic-me-l', 'a38fdc491e95434296a00a8ee4666bc9', '2025-12-23 22:32:39.783133', 5, None)
2025-12-23 22:32:39,784 [INFO] [cached since 98.36s ago] ('VideoMic Me-L', 'https://rode.com/en-au/products/videomic-me-l', 'a38fdc491e95434296a00a8ee4666bc9', '2025-12-23 22:32:39.783133', 5, None)
2025-12-23 22:32:39,784 INFO sqlalchemy.engine.Engine COMMIT
2025-12-23 22:32:39,784 [INFO] COMMIT
2025-12-23 22:32:39,787 [INFO]       ✅ Ingested (25)
2025-12-23 22:32:39,787 [INFO]   [27/235] https://rode.com/en-au/products/nt2-a...
2025-12-23 22:32:43,735 INFO sqlalchemy.engine.Engine BEGIN (implicit)
2025-12-23 22:32:43,735 [INFO] BEGIN (implicit)
2025-12-23 22:32:43,736 INFO sqlalchemy.engine.Engine INSERT INTO document (title, url, content_hash, last_updated, brand_id, product_id) VALUES (?, ?, ?, ?, ?, ?)
2025-12-23 22:32:43,736 [INFO] INSERT INTO document (title, url, content_hash, last_updated, brand_id, product_id) VALUES (?, ?, ?, ?, ?, ?)
2025-12-23 22:32:43,736 INFO sqlalchemy.engine.Engine [cached since 102.3s ago] ('NT2-A', 'https://rode.com/en-au/products/nt2-a', 'ebd4dcb08cd867b5fcdc014178003434', '2025-12-23 22:32:43.735243', 5, None)
2025-12-23 22:32:43,736 [INFO] [cached since 102.3s ago] ('NT2-A', 'https://rode.com/en-au/products/nt2-a', 'ebd4dcb08cd867b5fcdc014178003434', '2025-12-23 22:32:43.735243', 5, None)
2025-12-23 22:32:43,736 INFO sqlalchemy.engine.Engine COMMIT
2025-12-23 22:32:43,736 [INFO] COMMIT
2025-12-23 22:32:43,739 [INFO]       ✅ Ingested (26)
2025-12-23 22:32:43,739 [INFO]   [28/235] https://rode.com/en-nl/products/rode-classic-beanie...
2025-12-23 22:32:48,131 INFO sqlalchemy.engine.Engine BEGIN (implicit)
2025-12-23 22:32:48,131 [INFO] BEGIN (implicit)
2025-12-23 22:32:48,132 INFO sqlalchemy.engine.Engine INSERT INTO document (title, url, content_hash, last_updated, brand_id, product_id) VALUES (?, ?, ?, ?, ?, ?)
2025-12-23 22:32:48,132 [INFO] INSERT INTO document (title, url, content_hash, last_updated, brand_id, product_id) VALUES (?, ?, ?, ?, ?, ?)
2025-12-23 22:32:48,132 INFO sqlalchemy.engine.Engine [cached since 106.7s ago] ('RØDE Classic Beanie', 'https://rode.com/en-nl/products/rode-classic-beanie', '000f585466842019e3ba1e5493e0d79f', '2025-12-23 22:32:48.131332', 5, None)
2025-12-23 22:32:48,132 [INFO] [cached since 106.7s ago] ('RØDE Classic Beanie', 'https://rode.com/en-nl/products/rode-classic-beanie', '000f585466842019e3ba1e5493e0d79f', '2025-12-23 22:32:48.131332', 5, None)
2025-12-23 22:32:48,133 INFO sqlalchemy.engine.Engine COMMIT
2025-12-23 22:32:48,133 [INFO] COMMIT
2025-12-23 22:32:48,136 [INFO]       ✅ Ingested (27)
2025-12-23 22:32:48,137 [INFO]   [29/235] https://rode.com/en-au/products/ultimate-podcast-kit...
2025-12-23 22:32:51,358 INFO sqlalchemy.engine.Engine BEGIN (implicit)
2025-12-23 22:32:51,358 [INFO] BEGIN (implicit)
2025-12-23 22:32:51,359 INFO sqlalchemy.engine.Engine INSERT INTO document (title, url, content_hash, last_updated, brand_id, product_id) VALUES (?, ?, ?, ?, ?, ?)
2025-12-23 22:32:51,359 [INFO] INSERT INTO document (title, url, content_hash, last_updated, brand_id, product_id) VALUES (?, ?, ?, ?, ?, ?)
2025-12-23 22:32:51,359 INFO sqlalchemy.engine.Engine [cached since 109.9s ago] ('Ultimate Podcast Kit', 'https://rode.com/en-au/products/ultimate-podcast-kit', '3a6acc7b353cfa739753a83b58aa62fd', '2025-12-23 22:32:51.358331', 5, None)
2025-12-23 22:32:51,359 [INFO] [cached since 109.9s ago] ('Ultimate Podcast Kit', 'https://rode.com/en-au/products/ultimate-podcast-kit', '3a6acc7b353cfa739753a83b58aa62fd', '2025-12-23 22:32:51.358331', 5, None)
2025-12-23 22:32:51,359 INFO sqlalchemy.engine.Engine COMMIT
2025-12-23 22:32:51,359 [INFO] COMMIT
2025-12-23 22:32:51,362 [INFO]       ✅ Ingested (28)
2025-12-23 22:32:51,362 [INFO]   [30/235] https://rode.com/en-nl/products/ultimate-podcast-kit...
2025-12-23 22:32:54,704 INFO sqlalchemy.engine.Engine BEGIN (implicit)
2025-12-23 22:32:54,704 [INFO] BEGIN (implicit)
2025-12-23 22:32:54,705 INFO sqlalchemy.engine.Engine INSERT INTO document (title, url, content_hash, last_updated, brand_id, product_id) VALUES (?, ?, ?, ?, ?, ?)
2025-12-23 22:32:54,705 [INFO] INSERT INTO document (title, url, content_hash, last_updated, brand_id, product_id) VALUES (?, ?, ?, ?, ?, ?)
2025-12-23 22:32:54,705 INFO sqlalchemy.engine.Engine [cached since 113.3s ago] ('Ultimate Podcast Kit', 'https://rode.com/en-nl/products/ultimate-podcast-kit', '52fcb0330d5d4fba865ce48d3c3ec1c2', '2025-12-23 22:32:54.703673', 5, None)
2025-12-23 22:32:54,705 [INFO] [cached since 113.3s ago] ('Ultimate Podcast Kit', 'https://rode.com/en-nl/products/ultimate-podcast-kit', '52fcb0330d5d4fba865ce48d3c3ec1c2', '2025-12-23 22:32:54.703673', 5, None)
2025-12-23 22:32:54,707 INFO sqlalchemy.engine.Engine COMMIT
2025-12-23 22:32:54,707 [INFO] COMMIT
2025-12-23 22:32:54,711 [INFO]       ✅ Ingested (29)
2025-12-23 22:32:54,711 [INFO]   [31/235] https://rode.com/en-au/products/wirelessgoii...
2025-12-23 22:32:59,989 INFO sqlalchemy.engine.Engine BEGIN (implicit)
2025-12-23 22:32:59,989 [INFO] BEGIN (implicit)
2025-12-23 22:32:59,990 INFO sqlalchemy.engine.Engine INSERT INTO document (title, url, content_hash, last_updated, brand_id, product_id) VALUES (?, ?, ?, ?, ?, ?)
2025-12-23 22:32:59,990 [INFO] INSERT INTO document (title, url, content_hash, last_updated, brand_id, product_id) VALUES (?, ?, ?, ?, ?, ?)
2025-12-23 22:32:59,990 INFO sqlalchemy.engine.Engine [cached since 118.6s ago] ('Wireless GO II', 'https://rode.com/en-au/products/wirelessgoii', '841e3b6e09cf41b6a17fc767f4822b79', '2025-12-23 22:32:59.989199', 5, None)
2025-12-23 22:32:59,990 [INFO] [cached since 118.6s ago] ('Wireless GO II', 'https://rode.com/en-au/products/wirelessgoii', '841e3b6e09cf41b6a17fc767f4822b79', '2025-12-23 22:32:59.989199', 5, None)
2025-12-23 22:32:59,991 INFO sqlalchemy.engine.Engine COMMIT
2025-12-23 22:32:59,991 [INFO] COMMIT
2025-12-23 22:32:59,994 [INFO]       ✅ Ingested (30)
2025-12-23 22:33:01,996 [INFO]   [32/235] https://rode.com/en-nl/products/hdmi-usb-c-converter...
2025-12-23 22:33:05,516 INFO sqlalchemy.engine.Engine BEGIN (implicit)
2025-12-23 22:33:05,516 [INFO] BEGIN (implicit)
2025-12-23 22:33:05,516 INFO sqlalchemy.engine.Engine INSERT INTO document (title, url, content_hash, last_updated, brand_id, product_id) VALUES (?, ?, ?, ?, ?, ?)
2025-12-23 22:33:05,516 [INFO] INSERT INTO document (title, url, content_hash, last_updated, brand_id, product_id) VALUES (?, ?, ?, ?, ?, ?)
2025-12-23 22:33:05,516 INFO sqlalchemy.engine.Engine [cached since 124.1s ago] ('HDMI to USB-C Converter', 'https://rode.com/en-nl/products/hdmi-usb-c-converter', '992a6cf0a6f28af2682127c2f4087bd7', '2025-12-23 22:33:05.515601', 5, None)
2025-12-23 22:33:05,516 [INFO] [cached since 124.1s ago] ('HDMI to USB-C Converter', 'https://rode.com/en-nl/products/hdmi-usb-c-converter', '992a6cf0a6f28af2682127c2f4087bd7', '2025-12-23 22:33:05.515601', 5, None)
2025-12-23 22:33:05,517 INFO sqlalchemy.engine.Engine COMMIT
2025-12-23 22:33:05,517 [INFO] COMMIT
2025-12-23 22:33:05,519 [INFO]       ✅ Ingested (31)
2025-12-23 22:33:05,520 [INFO]   [33/235] https://rode.com/en-au/products/nt1...
2025-12-23 22:33:09,699 INFO sqlalchemy.engine.Engine BEGIN (implicit)
2025-12-23 22:33:09,699 [INFO] BEGIN (implicit)
2025-12-23 22:33:09,699 INFO sqlalchemy.engine.Engine INSERT INTO document (title, url, content_hash, last_updated, brand_id, product_id) VALUES (?, ?, ?, ?, ?, ?)
2025-12-23 22:33:09,699 [INFO] INSERT INTO document (title, url, content_hash, last_updated, brand_id, product_id) VALUES (?, ?, ?, ?, ?, ?)
2025-12-23 22:33:09,699 INFO sqlalchemy.engine.Engine [cached since 128.3s ago] ('NT1', 'https://rode.com/en-au/products/nt1', 'e0d7912b0d5b1713e0db1da0290ebcd9', '2025-12-23 22:33:09.698930', 5, None)
2025-12-23 22:33:09,699 [INFO] [cached since 128.3s ago] ('NT1', 'https://rode.com/en-au/products/nt1', 'e0d7912b0d5b1713e0db1da0290ebcd9', '2025-12-23 22:33:09.698930', 5, None)
2025-12-23 22:33:09,700 INFO sqlalchemy.engine.Engine COMMIT
2025-12-23 22:33:09,700 [INFO] COMMIT
2025-12-23 22:33:09,703 [INFO]       ✅ Ingested (32)
2025-12-23 22:33:09,703 [INFO]   [34/235] https://rode.com/en-au/products/smartlav-plus...
2025-12-23 22:33:13,225 INFO sqlalchemy.engine.Engine BEGIN (implicit)
2025-12-23 22:33:13,225 [INFO] BEGIN (implicit)
2025-12-23 22:33:13,225 INFO sqlalchemy.engine.Engine INSERT INTO document (title, url, content_hash, last_updated, brand_id, product_id) VALUES (?, ?, ?, ?, ?, ?)
2025-12-23 22:33:13,225 [INFO] INSERT INTO document (title, url, content_hash, last_updated, brand_id, product_id) VALUES (?, ?, ?, ?, ?, ?)
2025-12-23 22:33:13,226 INFO sqlalchemy.engine.Engine [cached since 131.8s ago] ('smartLav+', 'https://rode.com/en-au/products/smartlav-plus', '6f25ede519bb55e98c1791e3a9714abf', '2025-12-23 22:33:13.225044', 5, None)
2025-12-23 22:33:13,226 [INFO] [cached since 131.8s ago] ('smartLav+', 'https://rode.com/en-au/products/smartlav-plus', '6f25ede519bb55e98c1791e3a9714abf', '2025-12-23 22:33:13.225044', 5, None)
2025-12-23 22:33:13,226 INFO sqlalchemy.engine.Engine COMMIT
2025-12-23 22:33:13,226 [INFO] COMMIT
2025-12-23 22:33:13,229 [INFO]       ✅ Ingested (33)
2025-12-23 22:33:13,229 [INFO]   [37/235] https://rode.com/en-au/products/boompole...
2025-12-23 22:33:17,348 INFO sqlalchemy.engine.Engine BEGIN (implicit)
2025-12-23 22:33:17,348 [INFO] BEGIN (implicit)
2025-12-23 22:33:17,349 INFO sqlalchemy.engine.Engine INSERT INTO document (title, url, content_hash, last_updated, brand_id, product_id) VALUES (?, ?, ?, ?, ?, ?)
2025-12-23 22:33:17,349 [INFO] INSERT INTO document (title, url, content_hash, last_updated, brand_id, product_id) VALUES (?, ?, ?, ?, ?, ?)
2025-12-23 22:33:17,349 INFO sqlalchemy.engine.Engine [cached since 135.9s ago] ('Boompole', 'https://rode.com/en-au/products/boompole', '80a5df145e35346883b92bddbb201622', '2025-12-23 22:33:17.348400', 5, None)
2025-12-23 22:33:17,349 [INFO] [cached since 135.9s ago] ('Boompole', 'https://rode.com/en-au/products/boompole', '80a5df145e35346883b92bddbb201622', '2025-12-23 22:33:17.348400', 5, None)
2025-12-23 22:33:17,350 INFO sqlalchemy.engine.Engine COMMIT
2025-12-23 22:33:17,350 [INFO] COMMIT
2025-12-23 22:33:17,353 [INFO]       ✅ Ingested (34)
2025-12-23 22:33:17,353 [INFO]   [38/235] https://rode.com/en-au/products/wireless-me-tx...
2025-12-23 22:33:21,416 INFO sqlalchemy.engine.Engine BEGIN (implicit)
2025-12-23 22:33:21,416 [INFO] BEGIN (implicit)
2025-12-23 22:33:21,416 INFO sqlalchemy.engine.Engine INSERT INTO document (title, url, content_hash, last_updated, brand_id, product_id) VALUES (?, ?, ?, ?, ?, ?)
2025-12-23 22:33:21,416 [INFO] INSERT INTO document (title, url, content_hash, last_updated, brand_id, product_id) VALUES (?, ?, ?, ?, ?, ?)
2025-12-23 22:33:21,416 INFO sqlalchemy.engine.Engine [cached since 140s ago] ('Wireless ME TX', 'https://rode.com/en-au/products/wireless-me-tx', '5da1908238a2f1b22323a8ac877577f1', '2025-12-23 22:33:21.415806', 5, None)
2025-12-23 22:33:21,416 [INFO] [cached since 140s ago] ('Wireless ME TX', 'https://rode.com/en-au/products/wireless-me-tx', '5da1908238a2f1b22323a8ac877577f1', '2025-12-23 22:33:21.415806', 5, None)
2025-12-23 22:33:21,417 INFO sqlalchemy.engine.Engine COMMIT
2025-12-23 22:33:21,417 [INFO] COMMIT
2025-12-23 22:33:21,420 [INFO]       ✅ Ingested (35)
2025-12-23 22:33:21,420 [INFO]   [39/235] https://rode.com/en-nl/products/rodecaster-video...
2025-12-23 22:33:27,429 INFO sqlalchemy.engine.Engine BEGIN (implicit)
2025-12-23 22:33:27,429 [INFO] BEGIN (implicit)
2025-12-23 22:33:27,429 INFO sqlalchemy.engine.Engine INSERT INTO document (title, url, content_hash, last_updated, brand_id, product_id) VALUES (?, ?, ?, ?, ?, ?)
2025-12-23 22:33:27,429 [INFO] INSERT INTO document (title, url, content_hash, last_updated, brand_id, product_id) VALUES (?, ?, ?, ?, ?, ?)
2025-12-23 22:33:27,429 INFO sqlalchemy.engine.Engine [cached since 146s ago] ('RØDECaster Video', 'https://rode.com/en-nl/products/rodecaster-video', 'f8ed7b9c3b09de424fbfdc427d1fa045', '2025-12-23 22:33:27.428601', 5, None)
2025-12-23 22:33:27,429 [INFO] [cached since 146s ago] ('RØDECaster Video', 'https://rode.com/en-nl/products/rodecaster-video', 'f8ed7b9c3b09de424fbfdc427d1fa045', '2025-12-23 22:33:27.428601', 5, None)
2025-12-23 22:33:27,430 INFO sqlalchemy.engine.Engine COMMIT
2025-12-23 22:33:27,430 [INFO] COMMIT
2025-12-23 22:33:27,434 [INFO]       ✅ Ingested (36)
2025-12-23 22:33:27,434 [INFO]   [41/235] https://rode.com/en-au/products/podmic...
2025-12-23 22:33:31,477 INFO sqlalchemy.engine.Engine BEGIN (implicit)
2025-12-23 22:33:31,477 [INFO] BEGIN (implicit)
2025-12-23 22:33:31,478 INFO sqlalchemy.engine.Engine INSERT INTO document (title, url, content_hash, last_updated, brand_id, product_id) VALUES (?, ?, ?, ?, ?, ?)
2025-12-23 22:33:31,478 [INFO] INSERT INTO document (title, url, content_hash, last_updated, brand_id, product_id) VALUES (?, ?, ?, ?, ?, ?)
2025-12-23 22:33:31,478 INFO sqlalchemy.engine.Engine [cached since 150.1s ago] ('PodMic', 'https://rode.com/en-au/products/podmic', '4d64c8bfd43b6b1fc0217ed5447d528e', '2025-12-23 22:33:31.477110', 5, None)
2025-12-23 22:33:31,478 [INFO] [cached since 150.1s ago] ('PodMic', 'https://rode.com/en-au/products/podmic', '4d64c8bfd43b6b1fc0217ed5447d528e', '2025-12-23 22:33:31.477110', 5, None)
2025-12-23 22:33:31,479 INFO sqlalchemy.engine.Engine COMMIT
2025-12-23 22:33:31,479 [INFO] COMMIT
2025-12-23 22:33:31,483 [INFO]       ✅ Ingested (37)
2025-12-23 22:33:31,483 [INFO]   [42/235] https://rode.com/en-au/products/nt-usb-plus...
2025-12-23 22:33:35,902 INFO sqlalchemy.engine.Engine BEGIN (implicit)
2025-12-23 22:33:35,902 [INFO] BEGIN (implicit)
2025-12-23 22:33:35,904 INFO sqlalchemy.engine.Engine INSERT INTO document (title, url, content_hash, last_updated, brand_id, product_id) VALUES (?, ?, ?, ?, ?, ?)
2025-12-23 22:33:35,904 [INFO] INSERT INTO document (title, url, content_hash, last_updated, brand_id, product_id) VALUES (?, ?, ?, ?, ?, ?)
2025-12-23 22:33:35,905 INFO sqlalchemy.engine.Engine [cached since 154.5s ago] ('NT-USB+', 'https://rode.com/en-au/products/nt-usb-plus', '77ccd2ea3b79cd2961307ec98ac8c32b', '2025-12-23 22:33:35.902331', 5, None)
2025-12-23 22:33:35,905 [INFO] [cached since 154.5s ago] ('NT-USB+', 'https://rode.com/en-au/products/nt-usb-plus', '77ccd2ea3b79cd2961307ec98ac8c32b', '2025-12-23 22:33:35.902331', 5, None)
2025-12-23 22:33:35,906 INFO sqlalchemy.engine.Engine COMMIT
2025-12-23 22:33:35,906 [INFO] COMMIT
2025-12-23 22:33:35,911 [INFO]       ✅ Ingested (38)
2025-12-23 22:33:35,911 [INFO]   [43/235] https://rode.com/en-au/products/rodelink-filmmaker-kit...
2025-12-23 22:33:40,015 INFO sqlalchemy.engine.Engine BEGIN (implicit)
2025-12-23 22:33:40,015 [INFO] BEGIN (implicit)
2025-12-23 22:33:40,015 INFO sqlalchemy.engine.Engine INSERT INTO document (title, url, content_hash, last_updated, brand_id, product_id) VALUES (?, ?, ?, ?, ?, ?)
2025-12-23 22:33:40,015 [INFO] INSERT INTO document (title, url, content_hash, last_updated, brand_id, product_id) VALUES (?, ?, ?, ?, ?, ?)
2025-12-23 22:33:40,015 INFO sqlalchemy.engine.Engine [cached since 158.6s ago] ('RØDELink Filmmaker Kit', 'https://rode.com/en-au/products/rodelink-filmmaker-kit', 'b140f24f90dc27bed9a1d7fd642e3678', '2025-12-23 22:33:40.014581', 5, None)
2025-12-23 22:33:40,015 [INFO] [cached since 158.6s ago] ('RØDELink Filmmaker Kit', 'https://rode.com/en-au/products/rodelink-filmmaker-kit', 'b140f24f90dc27bed9a1d7fd642e3678', '2025-12-23 22:33:40.014581', 5, None)
2025-12-23 22:33:40,016 INFO sqlalchemy.engine.Engine COMMIT
2025-12-23 22:33:40,016 [INFO] COMMIT
2025-12-23 22:33:40,019 [INFO]       ✅ Ingested (39)
2025-12-23 22:33:40,019 [INFO]   [44/235] https://rode.com/en-au/products/lavalier-ii...
2025-12-23 22:33:44,943 INFO sqlalchemy.engine.Engine BEGIN (implicit)
2025-12-23 22:33:44,943 [INFO] BEGIN (implicit)
2025-12-23 22:33:44,943 INFO sqlalchemy.engine.Engine INSERT INTO document (title, url, content_hash, last_updated, brand_id, product_id) VALUES (?, ?, ?, ?, ?, ?)
2025-12-23 22:33:44,943 [INFO] INSERT INTO document (title, url, content_hash, last_updated, brand_id, product_id) VALUES (?, ?, ?, ?, ?, ?)
2025-12-23 22:33:44,943 INFO sqlalchemy.engine.Engine [cached since 163.5s ago] ('Lavalier II', 'https://rode.com/en-au/products/lavalier-ii', 'd6df1d7221f676aae22745f2b8e056ef', '2025-12-23 22:33:44.942780', 5, None)
2025-12-23 22:33:44,943 [INFO] [cached since 163.5s ago] ('Lavalier II', 'https://rode.com/en-au/products/lavalier-ii', 'd6df1d7221f676aae22745f2b8e056ef', '2025-12-23 22:33:44.942780', 5, None)
2025-12-23 22:33:44,944 INFO sqlalchemy.engine.Engine COMMIT
2025-12-23 22:33:44,944 [INFO] COMMIT
2025-12-23 22:33:44,947 [INFO]       ✅ Ingested (40)
2025-12-23 22:33:46,949 [INFO]   [45/235] https://rode.com/en-nl/products/podmic-usb-kit...
2025-12-23 22:33:50,384 INFO sqlalchemy.engine.Engine BEGIN (implicit)
2025-12-23 22:33:50,384 [INFO] BEGIN (implicit)
2025-12-23 22:33:50,385 INFO sqlalchemy.engine.Engine INSERT INTO document (title, url, content_hash, last_updated, brand_id, product_id) VALUES (?, ?, ?, ?, ?, ?)
2025-12-23 22:33:50,385 [INFO] INSERT INTO document (title, url, content_hash, last_updated, brand_id, product_id) VALUES (?, ?, ?, ?, ?, ?)
2025-12-23 22:33:50,385 INFO sqlalchemy.engine.Engine [cached since 169s ago] ('PodMic USB Kit', 'https://rode.com/en-nl/products/podmic-usb-kit', '960183fbb3b838d97d944ccd2b420af2', '2025-12-23 22:33:50.384531', 5, None)
2025-12-23 22:33:50,385 [INFO] [cached since 169s ago] ('PodMic USB Kit', 'https://rode.com/en-nl/products/podmic-usb-kit', '960183fbb3b838d97d944ccd2b420af2', '2025-12-23 22:33:50.384531', 5, None)
2025-12-23 22:33:50,385 INFO sqlalchemy.engine.Engine COMMIT
2025-12-23 22:33:50,385 [INFO] COMMIT
2025-12-23 22:33:50,388 [INFO]       ✅ Ingested (41)
2025-12-23 22:33:50,388 [INFO]   [46/235] https://rode.com/en-au/products/wireless-micro-camera-kit...
2025-12-23 22:33:54,625 INFO sqlalchemy.engine.Engine BEGIN (implicit)
2025-12-23 22:33:54,625 [INFO] BEGIN (implicit)
2025-12-23 22:33:54,626 INFO sqlalchemy.engine.Engine INSERT INTO document (title, url, content_hash, last_updated, brand_id, product_id) VALUES (?, ?, ?, ?, ?, ?)
2025-12-23 22:33:54,626 [INFO] INSERT INTO document (title, url, content_hash, last_updated, brand_id, product_id) VALUES (?, ?, ?, ?, ?, ?)
2025-12-23 22:33:54,626 INFO sqlalchemy.engine.Engine [cached since 173.2s ago] ('Wireless Micro Camera Kit', 'https://rode.com/en-au/products/wireless-micro-camera-kit', '047c7486da4a7a93a98a9872cca1bd53', '2025-12-23 22:33:54.625146', 5, None)
2025-12-23 22:33:54,626 [INFO] [cached since 173.2s ago] ('Wireless Micro Camera Kit', 'https://rode.com/en-au/products/wireless-micro-camera-kit', '047c7486da4a7a93a98a9872cca1bd53', '2025-12-23 22:33:54.625146', 5, None)
2025-12-23 22:33:54,627 INFO sqlalchemy.engine.Engine COMMIT
2025-12-23 22:33:54,627 [INFO] COMMIT
2025-12-23 22:33:54,630 [INFO]       ✅ Ingested (42)
2025-12-23 22:33:54,630 [INFO]   [47/235] https://rode.com/en-nl/products/ntg5...
2025-12-23 22:33:58,418 INFO sqlalchemy.engine.Engine BEGIN (implicit)
2025-12-23 22:33:58,418 [INFO] BEGIN (implicit)
2025-12-23 22:33:58,419 INFO sqlalchemy.engine.Engine INSERT INTO document (title, url, content_hash, last_updated, brand_id, product_id) VALUES (?, ?, ?, ?, ?, ?)
2025-12-23 22:33:58,419 [INFO] INSERT INTO document (title, url, content_hash, last_updated, brand_id, product_id) VALUES (?, ?, ?, ?, ?, ?)
2025-12-23 22:33:58,419 INFO sqlalchemy.engine.Engine [cached since 177s ago] ('NTG5', 'https://rode.com/en-nl/products/ntg5', 'ce0685e73b0205e7030f00705515f144', '2025-12-23 22:33:58.418366', 5, None)
2025-12-23 22:33:58,419 [INFO] [cached since 177s ago] ('NTG5', 'https://rode.com/en-nl/products/ntg5', 'ce0685e73b0205e7030f00705515f144', '2025-12-23 22:33:58.418366', 5, None)
2025-12-23 22:33:58,419 INFO sqlalchemy.engine.Engine COMMIT
2025-12-23 22:33:58,419 [INFO] COMMIT
2025-12-23 22:33:58,425 [INFO]       ✅ Ingested (43)
2025-12-23 22:33:58,425 [INFO]   [48/235] https://rode.com/en-nl/products/ntr...
2025-12-23 22:34:02,625 INFO sqlalchemy.engine.Engine BEGIN (implicit)
2025-12-23 22:34:02,625 [INFO] BEGIN (implicit)
2025-12-23 22:34:02,625 INFO sqlalchemy.engine.Engine INSERT INTO document (title, url, content_hash, last_updated, brand_id, product_id) VALUES (?, ?, ?, ?, ?, ?)
2025-12-23 22:34:02,625 [INFO] INSERT INTO document (title, url, content_hash, last_updated, brand_id, product_id) VALUES (?, ?, ?, ?, ?, ?)
2025-12-23 22:34:02,625 INFO sqlalchemy.engine.Engine [cached since 181.2s ago] ('NTR', 'https://rode.com/en-nl/products/ntr', '6b574323a856cb7cbd382569aa0f53c5', '2025-12-23 22:34:02.624874', 5, None)
2025-12-23 22:34:02,625 [INFO] [cached since 181.2s ago] ('NTR', 'https://rode.com/en-nl/products/ntr', '6b574323a856cb7cbd382569aa0f53c5', '2025-12-23 22:34:02.624874', 5, None)
2025-12-23 22:34:02,626 INFO sqlalchemy.engine.Engine COMMIT
2025-12-23 22:34:02,626 [INFO] COMMIT
2025-12-23 22:34:02,628 [INFO]       ✅ Ingested (44)
2025-12-23 22:34:02,629 [INFO]   [49/235] https://rode.com/en-au/products/psa1-plus...
2025-12-23 22:34:07,541 INFO sqlalchemy.engine.Engine BEGIN (implicit)
2025-12-23 22:34:07,541 [INFO] BEGIN (implicit)
2025-12-23 22:34:07,542 INFO sqlalchemy.engine.Engine INSERT INTO document (title, url, content_hash, last_updated, brand_id, product_id) VALUES (?, ?, ?, ?, ?, ?)
2025-12-23 22:34:07,542 [INFO] INSERT INTO document (title, url, content_hash, last_updated, brand_id, product_id) VALUES (?, ?, ?, ?, ?, ?)
2025-12-23 22:34:07,542 INFO sqlalchemy.engine.Engine [cached since 186.1s ago] ('PSA1+', 'https://rode.com/en-au/products/psa1-plus', '8c100ead29fe9feadb997261a0492e52', '2025-12-23 22:34:07.541227', 5, None)
2025-12-23 22:34:07,542 [INFO] [cached since 186.1s ago] ('PSA1+', 'https://rode.com/en-au/products/psa1-plus', '8c100ead29fe9feadb997261a0492e52', '2025-12-23 22:34:07.541227', 5, None)
2025-12-23 22:34:07,542 INFO sqlalchemy.engine.Engine COMMIT
2025-12-23 22:34:07,542 [INFO] COMMIT
2025-12-23 22:34:07,546 [INFO]       ✅ Ingested (45)
2025-12-23 22:34:07,546 [INFO]   [51/235] https://rode.com/en-au/products/rodecaster-video-s...
2025-12-23 22:34:13,400 INFO sqlalchemy.engine.Engine BEGIN (implicit)
2025-12-23 22:34:13,400 [INFO] BEGIN (implicit)
2025-12-23 22:34:13,401 INFO sqlalchemy.engine.Engine INSERT INTO document (title, url, content_hash, last_updated, brand_id, product_id) VALUES (?, ?, ?, ?, ?, ?)
2025-12-23 22:34:13,401 [INFO] INSERT INTO document (title, url, content_hash, last_updated, brand_id, product_id) VALUES (?, ?, ?, ?, ?, ?)
2025-12-23 22:34:13,401 INFO sqlalchemy.engine.Engine [cached since 192s ago] ('RØDECaster Video S', 'https://rode.com/en-au/products/rodecaster-video-s', '7f1ca64b97fe2ceb0c43ff37edc80e34', '2025-12-23 22:34:13.400330', 5, None)
2025-12-23 22:34:13,401 [INFO] [cached since 192s ago] ('RØDECaster Video S', 'https://rode.com/en-au/products/rodecaster-video-s', '7f1ca64b97fe2ceb0c43ff37edc80e34', '2025-12-23 22:34:13.400330', 5, None)
2025-12-23 22:34:13,401 INFO sqlalchemy.engine.Engine COMMIT
2025-12-23 22:34:13,401 [INFO] COMMIT
2025-12-23 22:34:13,404 [INFO]       ✅ Ingested (46)
2025-12-23 22:34:13,405 [INFO]   [52/235] https://rode.com/en-nl/products/rodecaster-video-s...
2025-12-23 22:34:17,590 INFO sqlalchemy.engine.Engine BEGIN (implicit)
2025-12-23 22:34:17,590 [INFO] BEGIN (implicit)
2025-12-23 22:34:17,591 INFO sqlalchemy.engine.Engine INSERT INTO document (title, url, content_hash, last_updated, brand_id, product_id) VALUES (?, ?, ?, ?, ?, ?)
2025-12-23 22:34:17,591 [INFO] INSERT INTO document (title, url, content_hash, last_updated, brand_id, product_id) VALUES (?, ?, ?, ?, ?, ?)
2025-12-23 22:34:17,591 INFO sqlalchemy.engine.Engine [cached since 196.2s ago] ('RØDECaster Video S', 'https://rode.com/en-nl/products/rodecaster-video-s', 'd7ee16d46418c2a1d083f0bc4a2e252a', '2025-12-23 22:34:17.590199', 5, None)
2025-12-23 22:34:17,591 [INFO] [cached since 196.2s ago] ('RØDECaster Video S', 'https://rode.com/en-nl/products/rodecaster-video-s', 'd7ee16d46418c2a1d083f0bc4a2e252a', '2025-12-23 22:34:17.590199', 5, None)
2025-12-23 22:34:17,591 INFO sqlalchemy.engine.Engine COMMIT
2025-12-23 22:34:17,591 [INFO] COMMIT
2025-12-23 22:34:17,595 [INFO]       ✅ Ingested (47)
2025-12-23 22:34:17,595 [INFO]   [53/235] https://rode.com/en-au/products/duo-podcast-kit...
2025-12-23 22:34:21,313 INFO sqlalchemy.engine.Engine BEGIN (implicit)
2025-12-23 22:34:21,313 [INFO] BEGIN (implicit)
2025-12-23 22:34:21,314 INFO sqlalchemy.engine.Engine INSERT INTO document (title, url, content_hash, last_updated, brand_id, product_id) VALUES (?, ?, ?, ?, ?, ?)
2025-12-23 22:34:21,314 [INFO] INSERT INTO document (title, url, content_hash, last_updated, brand_id, product_id) VALUES (?, ?, ?, ?, ?, ?)
2025-12-23 22:34:21,314 INFO sqlalchemy.engine.Engine [cached since 199.9s ago] ('Dual Podcast Kit', 'https://rode.com/en-au/products/duo-podcast-kit', '7391c4e106b0b33efe25fd174f09c772', '2025-12-23 22:34:21.312665', 5, None)
2025-12-23 22:34:21,314 [INFO] [cached since 199.9s ago] ('Dual Podcast Kit', 'https://rode.com/en-au/products/duo-podcast-kit', '7391c4e106b0b33efe25fd174f09c772', '2025-12-23 22:34:21.312665', 5, None)
2025-12-23 22:34:21,315 INFO sqlalchemy.engine.Engine COMMIT
2025-12-23 22:34:21,315 [INFO] COMMIT
2025-12-23 22:34:21,319 [INFO]       ✅ Ingested (48)
2025-12-23 22:34:21,319 [INFO]   [54/235] https://rode.com/en-au/products/rx-cam...
2025-12-23 22:34:24,303 INFO sqlalchemy.engine.Engine BEGIN (implicit)
2025-12-23 22:34:24,303 [INFO] BEGIN (implicit)
2025-12-23 22:34:24,303 INFO sqlalchemy.engine.Engine INSERT INTO document (title, url, content_hash, last_updated, brand_id, product_id) VALUES (?, ?, ?, ?, ?, ?)
2025-12-23 22:34:24,303 [INFO] INSERT INTO document (title, url, content_hash, last_updated, brand_id, product_id) VALUES (?, ?, ?, ?, ?, ?)
2025-12-23 22:34:24,304 INFO sqlalchemy.engine.Engine [cached since 202.9s ago] ('RØDELink RX-CAM', 'https://rode.com/en-au/products/rx-cam', 'b58f63cb623401cb5d435b24f004b474', '2025-12-23 22:34:24.302887', 5, None)
2025-12-23 22:34:24,304 [INFO] [cached since 202.9s ago] ('RØDELink RX-CAM', 'https://rode.com/en-au/products/rx-cam', 'b58f63cb623401cb5d435b24f004b474', '2025-12-23 22:34:24.302887', 5, None)
2025-12-23 22:34:24,305 INFO sqlalchemy.engine.Engine COMMIT
2025-12-23 22:34:24,305 [INFO] COMMIT
2025-12-23 22:34:24,308 [INFO]       ✅ Ingested (49)
2025-12-23 22:34:24,308 [INFO]   [55/235] https://rode.com/en-au/products/wireless-micro-camera-receiver...
2025-12-23 22:34:27,773 INFO sqlalchemy.engine.Engine BEGIN (implicit)
2025-12-23 22:34:27,773 [INFO] BEGIN (implicit)
2025-12-23 22:34:27,774 INFO sqlalchemy.engine.Engine INSERT INTO document (title, url, content_hash, last_updated, brand_id, product_id) VALUES (?, ?, ?, ?, ?, ?)
2025-12-23 22:34:27,774 [INFO] INSERT INTO document (title, url, content_hash, last_updated, brand_id, product_id) VALUES (?, ?, ?, ?, ?, ?)
2025-12-23 22:34:27,774 INFO sqlalchemy.engine.Engine [cached since 206.4s ago] ('Wireless Micro Camera Receiver', 'https://rode.com/en-au/products/wireless-micro-camera-receiver', 'f30dd4386403c48349f163b0fe91d66a', '2025-12-23 22:34:27.773212', 5, None)
2025-12-23 22:34:27,774 [INFO] [cached since 206.4s ago] ('Wireless Micro Camera Receiver', 'https://rode.com/en-au/products/wireless-micro-camera-receiver', 'f30dd4386403c48349f163b0fe91d66a', '2025-12-23 22:34:27.773212', 5, None)
2025-12-23 22:34:27,774 INFO sqlalchemy.engine.Engine COMMIT
2025-12-23 22:34:27,774 [INFO] COMMIT
2025-12-23 22:34:27,778 [INFO]       ✅ Ingested (50)
2025-12-23 22:34:29,781 [INFO]   [56/235] https://rode.com/en-nl/products/colors-2...
2025-12-23 22:34:33,671 INFO sqlalchemy.engine.Engine BEGIN (implicit)
2025-12-23 22:34:33,671 [INFO] BEGIN (implicit)
2025-12-23 22:34:33,672 INFO sqlalchemy.engine.Engine INSERT INTO document (title, url, content_hash, last_updated, brand_id, product_id) VALUES (?, ?, ?, ?, ?, ?)
2025-12-23 22:34:33,672 [INFO] INSERT INTO document (title, url, content_hash, last_updated, brand_id, product_id) VALUES (?, ?, ?, ?, ?, ?)
2025-12-23 22:34:33,672 INFO sqlalchemy.engine.Engine [cached since 212.2s ago] ('COLORS 2', 'https://rode.com/en-nl/products/colors-2', '5f4b0d8af2a5ec27bdbf5c95f9b55a28', '2025-12-23 22:34:33.671212', 5, None)
2025-12-23 22:34:33,672 [INFO] [cached since 212.2s ago] ('COLORS 2', 'https://rode.com/en-nl/products/colors-2', '5f4b0d8af2a5ec27bdbf5c95f9b55a28', '2025-12-23 22:34:33.671212', 5, None)
2025-12-23 22:34:33,672 INFO sqlalchemy.engine.Engine COMMIT
2025-12-23 22:34:33,672 [INFO] COMMIT
2025-12-23 22:34:33,675 [INFO]       ✅ Ingested (51)
2025-12-23 22:34:33,675 [INFO]   [57/235] https://rode.com/en-au/products/tripod2...
2025-12-23 22:34:36,994 INFO sqlalchemy.engine.Engine BEGIN (implicit)
2025-12-23 22:34:36,994 [INFO] BEGIN (implicit)
2025-12-23 22:34:36,994 INFO sqlalchemy.engine.Engine INSERT INTO document (title, url, content_hash, last_updated, brand_id, product_id) VALUES (?, ?, ?, ?, ?, ?)
2025-12-23 22:34:36,994 [INFO] INSERT INTO document (title, url, content_hash, last_updated, brand_id, product_id) VALUES (?, ?, ?, ?, ?, ?)
2025-12-23 22:34:36,994 INFO sqlalchemy.engine.Engine [cached since 215.6s ago] ('Tripod 2', 'https://rode.com/en-au/products/tripod2', 'e20f82c226ced218ab26adcb6af7a36b', '2025-12-23 22:34:36.993999', 5, None)
2025-12-23 22:34:36,994 [INFO] [cached since 215.6s ago] ('Tripod 2', 'https://rode.com/en-au/products/tripod2', 'e20f82c226ced218ab26adcb6af7a36b', '2025-12-23 22:34:36.993999', 5, None)
2025-12-23 22:34:36,995 INFO sqlalchemy.engine.Engine COMMIT
2025-12-23 22:34:36,995 [INFO] COMMIT
2025-12-23 22:34:36,998 [INFO]       ✅ Ingested (52)
2025-12-23 22:34:36,998 [INFO]   [58/235] https://rode.com/en-nl/products/nt2-a...
2025-12-23 22:34:40,643 INFO sqlalchemy.engine.Engine BEGIN (implicit)
2025-12-23 22:34:40,643 [INFO] BEGIN (implicit)
2025-12-23 22:34:40,643 INFO sqlalchemy.engine.Engine INSERT INTO document (title, url, content_hash, last_updated, brand_id, product_id) VALUES (?, ?, ?, ?, ?, ?)
2025-12-23 22:34:40,643 [INFO] INSERT INTO document (title, url, content_hash, last_updated, brand_id, product_id) VALUES (?, ?, ?, ?, ?, ?)
2025-12-23 22:34:40,644 INFO sqlalchemy.engine.Engine [cached since 219.2s ago] ('NT2-A', 'https://rode.com/en-nl/products/nt2-a', '3c2e6e127eef0b73d3c69e9f00832312', '2025-12-23 22:34:40.643096', 5, None)
2025-12-23 22:34:40,644 [INFO] [cached since 219.2s ago] ('NT2-A', 'https://rode.com/en-nl/products/nt2-a', '3c2e6e127eef0b73d3c69e9f00832312', '2025-12-23 22:34:40.643096', 5, None)
2025-12-23 22:34:40,644 INFO sqlalchemy.engine.Engine COMMIT
2025-12-23 22:34:40,644 [INFO] COMMIT
2025-12-23 22:34:40,648 [INFO]       ✅ Ingested (53)
2025-12-23 22:34:40,648 [INFO]   [59/235] https://rode.com/en-au/products/nt5...
2025-12-23 22:34:43,786 INFO sqlalchemy.engine.Engine BEGIN (implicit)
2025-12-23 22:34:43,786 [INFO] BEGIN (implicit)
2025-12-23 22:34:43,787 INFO sqlalchemy.engine.Engine INSERT INTO document (title, url, content_hash, last_updated, brand_id, product_id) VALUES (?, ?, ?, ?, ?, ?)
2025-12-23 22:34:43,787 [INFO] INSERT INTO document (title, url, content_hash, last_updated, brand_id, product_id) VALUES (?, ?, ?, ?, ?, ?)
2025-12-23 22:34:43,787 INFO sqlalchemy.engine.Engine [cached since 222.4s ago] ('NT5', 'https://rode.com/en-au/products/nt5', '1cf23ead4795876337e8af10039d7feb', '2025-12-23 22:34:43.786481', 5, None)
2025-12-23 22:34:43,787 [INFO] [cached since 222.4s ago] ('NT5', 'https://rode.com/en-au/products/nt5', '1cf23ead4795876337e8af10039d7feb', '2025-12-23 22:34:43.786481', 5, None)
2025-12-23 22:34:43,787 INFO sqlalchemy.engine.Engine COMMIT
2025-12-23 22:34:43,787 [INFO] COMMIT
2025-12-23 22:34:43,791 [INFO]       ✅ Ingested (54)
2025-12-23 22:34:43,791 [INFO]   [60/235] https://rode.com/en-nl/products/m1-s...
2025-12-23 22:34:48,614 INFO sqlalchemy.engine.Engine BEGIN (implicit)
2025-12-23 22:34:48,614 [INFO] BEGIN (implicit)
2025-12-23 22:34:48,614 INFO sqlalchemy.engine.Engine INSERT INTO document (title, url, content_hash, last_updated, brand_id, product_id) VALUES (?, ?, ?, ?, ?, ?)
2025-12-23 22:34:48,614 [INFO] INSERT INTO document (title, url, content_hash, last_updated, brand_id, product_id) VALUES (?, ?, ?, ?, ?, ?)
2025-12-23 22:34:48,614 INFO sqlalchemy.engine.Engine [cached since 227.2s ago] ('M1-S', 'https://rode.com/en-nl/products/m1-s', 'fc3d670bad6179d67f0b1d069f93e6d3', '2025-12-23 22:34:48.613685', 5, None)
2025-12-23 22:34:48,614 [INFO] [cached since 227.2s ago] ('M1-S', 'https://rode.com/en-nl/products/m1-s', 'fc3d670bad6179d67f0b1d069f93e6d3', '2025-12-23 22:34:48.613685', 5, None)
2025-12-23 22:34:48,615 INFO sqlalchemy.engine.Engine COMMIT
2025-12-23 22:34:48,615 [INFO] COMMIT
2025-12-23 22:34:48,618 [INFO]       ✅ Ingested (55)
2025-12-23 22:34:48,618 [INFO]   [61/235] https://rode.com/en-au/products/videomic-me-c-plus...
2025-12-23 22:34:52,103 INFO sqlalchemy.engine.Engine BEGIN (implicit)
2025-12-23 22:34:52,103 [INFO] BEGIN (implicit)
2025-12-23 22:34:52,104 INFO sqlalchemy.engine.Engine INSERT INTO document (title, url, content_hash, last_updated, brand_id, product_id) VALUES (?, ?, ?, ?, ?, ?)
2025-12-23 22:34:52,104 [INFO] INSERT INTO document (title, url, content_hash, last_updated, brand_id, product_id) VALUES (?, ?, ?, ?, ?, ?)
2025-12-23 22:34:52,104 INFO sqlalchemy.engine.Engine [cached since 230.7s ago] ('VideoMic Me-C+', 'https://rode.com/en-au/products/videomic-me-c-plus', '11f15aad38581ed37903d10aa13403a0', '2025-12-23 22:34:52.103359', 5, None)
2025-12-23 22:34:52,104 [INFO] [cached since 230.7s ago] ('VideoMic Me-C+', 'https://rode.com/en-au/products/videomic-me-c-plus', '11f15aad38581ed37903d10aa13403a0', '2025-12-23 22:34:52.103359', 5, None)
2025-12-23 22:34:52,104 INFO sqlalchemy.engine.Engine COMMIT
2025-12-23 22:34:52,104 [INFO] COMMIT
2025-12-23 22:34:52,107 [INFO]       ✅ Ingested (56)
2025-12-23 22:34:52,108 [INFO]   [62/235] https://rode.com/en-nl/products/wireless-micro...
2025-12-23 22:34:56,190 INFO sqlalchemy.engine.Engine BEGIN (implicit)
2025-12-23 22:34:56,190 [INFO] BEGIN (implicit)
2025-12-23 22:34:56,190 INFO sqlalchemy.engine.Engine INSERT INTO document (title, url, content_hash, last_updated, brand_id, product_id) VALUES (?, ?, ?, ?, ?, ?)
2025-12-23 22:34:56,190 [INFO] INSERT INTO document (title, url, content_hash, last_updated, brand_id, product_id) VALUES (?, ?, ?, ?, ?, ?)
2025-12-23 22:34:56,190 INFO sqlalchemy.engine.Engine [cached since 234.8s ago] ('Wireless Micro', 'https://rode.com/en-nl/products/wireless-micro', '0e00e974a75c7f49cd8634ec8fffc5f3', '2025-12-23 22:34:56.189899', 5, None)
2025-12-23 22:34:56,190 [INFO] [cached since 234.8s ago] ('Wireless Micro', 'https://rode.com/en-nl/products/wireless-micro', '0e00e974a75c7f49cd8634ec8fffc5f3', '2025-12-23 22:34:56.189899', 5, None)
2025-12-23 22:34:56,191 INFO sqlalchemy.engine.Engine COMMIT
2025-12-23 22:34:56,191 [INFO] COMMIT
2025-12-23 22:34:56,194 [INFO]       ✅ Ingested (57)
2025-12-23 22:34:56,194 [INFO]   [63/235] https://rode.com/en-nl/products/nth-mic...
2025-12-23 22:35:00,519 INFO sqlalchemy.engine.Engine BEGIN (implicit)
2025-12-23 22:35:00,519 [INFO] BEGIN (implicit)
2025-12-23 22:35:00,519 INFO sqlalchemy.engine.Engine INSERT INTO document (title, url, content_hash, last_updated, brand_id, product_id) VALUES (?, ?, ?, ?, ?, ?)
2025-12-23 22:35:00,519 [INFO] INSERT INTO document (title, url, content_hash, last_updated, brand_id, product_id) VALUES (?, ?, ?, ?, ?, ?)
2025-12-23 22:35:00,520 INFO sqlalchemy.engine.Engine [cached since 239.1s ago] ('NTH-Mic', 'https://rode.com/en-nl/products/nth-mic', '46c1f1b90cdc8948991dbc2c7454d63d', '2025-12-23 22:35:00.518713', 5, None)
2025-12-23 22:35:00,520 [INFO] [cached since 239.1s ago] ('NTH-Mic', 'https://rode.com/en-nl/products/nth-mic', '46c1f1b90cdc8948991dbc2c7454d63d', '2025-12-23 22:35:00.518713', 5, None)
2025-12-23 22:35:00,521 INFO sqlalchemy.engine.Engine COMMIT
2025-12-23 22:35:00,521 [INFO] COMMIT
2025-12-23 22:35:00,524 [INFO]       ✅ Ingested (58)
2025-12-23 22:35:00,524 [INFO]   [64/235] https://rode.com/en-nl/products/m1...
2025-12-23 22:35:04,190 INFO sqlalchemy.engine.Engine BEGIN (implicit)
2025-12-23 22:35:04,190 [INFO] BEGIN (implicit)
2025-12-23 22:35:04,191 INFO sqlalchemy.engine.Engine INSERT INTO document (title, url, content_hash, last_updated, brand_id, product_id) VALUES (?, ?, ?, ?, ?, ?)
2025-12-23 22:35:04,191 [INFO] INSERT INTO document (title, url, content_hash, last_updated, brand_id, product_id) VALUES (?, ?, ?, ?, ?, ?)
2025-12-23 22:35:04,192 INFO sqlalchemy.engine.Engine [cached since 242.8s ago] ('M1', 'https://rode.com/en-nl/products/m1', '50e39cc4b1dc9da7bbef99d3de947bdf', '2025-12-23 22:35:04.189609', 5, None)
2025-12-23 22:35:04,192 [INFO] [cached since 242.8s ago] ('M1', 'https://rode.com/en-nl/products/m1', '50e39cc4b1dc9da7bbef99d3de947bdf', '2025-12-23 22:35:04.189609', 5, None)
2025-12-23 22:35:04,193 INFO sqlalchemy.engine.Engine COMMIT
2025-12-23 22:35:04,193 [INFO] COMMIT
2025-12-23 22:35:04,197 [INFO]       ✅ Ingested (59)
2025-12-23 22:35:04,197 [INFO]   [65/235] https://rode.com/en-au/products/nt55...
2025-12-23 22:35:07,670 INFO sqlalchemy.engine.Engine BEGIN (implicit)
2025-12-23 22:35:07,670 [INFO] BEGIN (implicit)
2025-12-23 22:35:07,670 INFO sqlalchemy.engine.Engine INSERT INTO document (title, url, content_hash, last_updated, brand_id, product_id) VALUES (?, ?, ?, ?, ?, ?)
2025-12-23 22:35:07,670 [INFO] INSERT INTO document (title, url, content_hash, last_updated, brand_id, product_id) VALUES (?, ?, ?, ?, ?, ?)
2025-12-23 22:35:07,671 INFO sqlalchemy.engine.Engine [cached since 246.2s ago] ('NT55', 'https://rode.com/en-au/products/nt55', '8fe535ae10de23df6ed6c5d3c67cafd5', '2025-12-23 22:35:07.670006', 5, None)
2025-12-23 22:35:07,671 [INFO] [cached since 246.2s ago] ('NT55', 'https://rode.com/en-au/products/nt55', '8fe535ae10de23df6ed6c5d3c67cafd5', '2025-12-23 22:35:07.670006', 5, None)
2025-12-23 22:35:07,671 INFO sqlalchemy.engine.Engine COMMIT
2025-12-23 22:35:07,671 [INFO] COMMIT
2025-12-23 22:35:07,675 [INFO]       ✅ Ingested (60)
2025-12-23 22:35:09,677 [INFO]   [66/235] https://rode.com/en-au/products/fibre-optic-hdmi-cable...
2025-12-23 22:35:13,341 INFO sqlalchemy.engine.Engine BEGIN (implicit)
2025-12-23 22:35:13,341 [INFO] BEGIN (implicit)
2025-12-23 22:35:13,341 INFO sqlalchemy.engine.Engine INSERT INTO document (title, url, content_hash, last_updated, brand_id, product_id) VALUES (?, ?, ?, ?, ?, ?)
2025-12-23 22:35:13,341 [INFO] INSERT INTO document (title, url, content_hash, last_updated, brand_id, product_id) VALUES (?, ?, ?, ?, ?, ?)
2025-12-23 22:35:13,342 INFO sqlalchemy.engine.Engine [cached since 251.9s ago] ('HDMI-10', 'https://rode.com/en-au/products/fibre-optic-hdmi-cable', '0e0acc32acef7054ed087c317c580f99', '2025-12-23 22:35:13.340744', 5, None)
2025-12-23 22:35:13,342 [INFO] [cached since 251.9s ago] ('HDMI-10', 'https://rode.com/en-au/products/fibre-optic-hdmi-cable', '0e0acc32acef7054ed087c317c580f99', '2025-12-23 22:35:13.340744', 5, None)
2025-12-23 22:35:13,343 INFO sqlalchemy.engine.Engine COMMIT
2025-12-23 22:35:13,343 [INFO] COMMIT
2025-12-23 22:35:13,358 [INFO]       ✅ Ingested (61)
2025-12-23 22:35:13,358 [INFO]   [67/235] https://rode.com/en-nl/products/dual-interview-kit...
