2025-12-23 21:26:03,949 - INFO - ======================================================================
2025-12-23 21:26:03,949 - INFO - ALLEN & HEATH PRAGMATIC INGESTION
2025-12-23 21:26:03,950 - INFO - ======================================================================
2025-12-23 21:26:03,993 - INFO - ✓ HTTP session initialized
2025-12-23 21:26:03,995 - INFO - BEGIN (implicit)
2025-12-23 21:26:04,032 - INFO - SELECT brand.id, brand.name, brand.logo_url, brand.website_url, brand.description, brand.primary_color, brand.secondary_color 
FROM brand 
WHERE brand.name = ?
2025-12-23 21:26:04,032 - INFO - [generated in 0.00058s] ('Allen & Heath',)
2025-12-23 21:26:04,034 - INFO - ROLLBACK
2025-12-23 21:26:04,034 - INFO - BEGIN (implicit)
2025-12-23 21:26:04,036 - INFO - SELECT document.id, document.title, document.url, document.content_hash, document.last_updated, document.brand_id, document.product_id 
FROM document 
WHERE document.brand_id = ?
2025-12-23 21:26:04,037 - INFO - [generated in 0.00039s] (28,)
2025-12-23 21:26:04,041 - INFO - Already ingested: 115 URLs
2025-12-23 21:26:04,041 - INFO - ROLLBACK
2025-12-23 21:26:04,042 - INFO - 
======================================================================
2025-12-23 21:26:04,042 - INFO - PHASE 1: URL DISCOVERY
2025-12-23 21:26:04,042 - INFO - ======================================================================
2025-12-23 21:26:04,042 - INFO - Starting with 11 curated URLs
2025-12-23 21:26:04,042 - INFO - Fetching: https://www.allen-heath.com/blog/
2025-12-23 21:26:04,094 - INFO - HTTP Request: GET https://www.allen-heath.com/blog/ "HTTP/1.1 403 Forbidden"
2025-12-23 21:26:04,095 - WARNING -   → Status 403
2025-12-23 21:26:04,096 - INFO - Fetching: https://www.allen-heath.com/products/mixers/
2025-12-23 21:26:04,138 - INFO - HTTP Request: GET https://www.allen-heath.com/products/mixers/ "HTTP/1.1 403 Forbidden"
2025-12-23 21:26:04,139 - WARNING -   → Status 403
2025-12-23 21:26:04,140 - INFO - Fetching: https://www.allen-heath.com/category/live-sound/
2025-12-23 21:26:04,183 - INFO - HTTP Request: GET https://www.allen-heath.com/category/live-sound/ "HTTP/1.1 403 Forbidden"
2025-12-23 21:26:04,186 - WARNING -   → Status 403
2025-12-23 21:26:04,186 - INFO - ✓ Discovered 11 total URLs
2025-12-23 21:26:04,186 - INFO - 
======================================================================
2025-12-23 21:26:04,187 - INFO - PHASE 2: INGESTION
2025-12-23 21:26:04,187 - INFO - ======================================================================
2025-12-23 21:26:04,188 - INFO - New URLs to ingest: 10
2025-12-23 21:26:04,188 - INFO - 
Batch 1/2
2025-12-23 21:26:04,188 - INFO - Fetching: https://www.allen-heath.com/products/mixers/
2025-12-23 21:26:04,230 - INFO - HTTP Request: GET https://www.allen-heath.com/products/mixers/ "HTTP/1.1 403 Forbidden"
2025-12-23 21:26:04,232 - WARNING -   → Status 403
2025-12-23 21:26:04,235 - INFO - Fetching: https://www.allen-heath.com/category/live-sound/
2025-12-23 21:26:04,284 - INFO - HTTP Request: GET https://www.allen-heath.com/category/live-sound/ "HTTP/1.1 403 Forbidden"
2025-12-23 21:26:04,285 - WARNING -   → Status 403
2025-12-23 21:26:04,286 - INFO - Fetching: https://www.allen-heath.com/products/
2025-12-23 21:26:04,323 - INFO - HTTP Request: GET https://www.allen-heath.com/products/ "HTTP/1.1 403 Forbidden"
2025-12-23 21:26:04,327 - WARNING -   → Status 403
2025-12-23 21:26:04,327 - INFO - Fetching: https://www.allen-heath.com/products/control-surfaces/
2025-12-23 21:26:04,369 - INFO - HTTP Request: GET https://www.allen-heath.com/products/control-surfaces/ "HTTP/1.1 403 Forbidden"
2025-12-23 21:26:04,376 - WARNING -   → Status 403
2025-12-23 21:26:04,376 - INFO - Fetching: https://www.allen-heath.com/products/digital-mixers/
2025-12-23 21:26:04,422 - INFO - HTTP Request: GET https://www.allen-heath.com/products/digital-mixers/ "HTTP/1.1 403 Forbidden"
2025-12-23 21:26:04,424 - WARNING -   → Status 403
