nohup: ignoring input
2025-12-23 21:50:20,770 - Brand-Support-Ingestion - INFO - 
======================================================================
2025-12-23 21:50:20,770 - Brand-Support-Ingestion - INFO - MULTI-BRAND SUPPORT CENTER INGESTION
2025-12-23 21:50:20,771 - Brand-Support-Ingestion - INFO - ======================================================================
2025-12-23 21:50:20,771 - Brand-Support-Ingestion - INFO - 
======================================================================
2025-12-23 21:50:20,771 - Brand-Support-Ingestion - INFO - ALLEN & HEATH INGESTION STARTING
2025-12-23 21:50:20,771 - Brand-Support-Ingestion - INFO - ======================================================================
2025-12-23 21:50:21,251 - Brand-Support-Ingestion - INFO - ✓ Started ingester for Allen & Heath
2025-12-23 21:50:21,252 - Brand-Support-Ingestion - INFO - 📖 PHASE 1: Discovering Allen & Heath articles...
2025-12-23 21:50:23,501 - Brand-Support-Ingestion - INFO -   ✓ Found 0 articles on main page
2025-12-23 21:50:23,502 - Brand-Support-Ingestion - INFO -   ✓ Found 0 category pages
2025-12-23 21:50:23,502 - Brand-Support-Ingestion - INFO -   ✓ Total articles discovered: 0
2025-12-23 21:50:23,504 INFO sqlalchemy.engine.Engine BEGIN (implicit)
2025-12-23 21:50:23,504 - sqlalchemy.engine.Engine - INFO - BEGIN (implicit)
2025-12-23 21:50:23,546 INFO sqlalchemy.engine.Engine SELECT brand.id, brand.name, brand.logo_url, brand.website_url, brand.description, brand.primary_color, brand.secondary_color 
FROM brand 
WHERE brand.name = ?
2025-12-23 21:50:23,546 - sqlalchemy.engine.Engine - INFO - SELECT brand.id, brand.name, brand.logo_url, brand.website_url, brand.description, brand.primary_color, brand.secondary_color 
FROM brand 
WHERE brand.name = ?
2025-12-23 21:50:23,548 INFO sqlalchemy.engine.Engine [generated in 0.00330s] ('Allen & Heath',)
2025-12-23 21:50:23,548 - sqlalchemy.engine.Engine - INFO - [generated in 0.00330s] ('Allen & Heath',)
2025-12-23 21:50:23,554 INFO sqlalchemy.engine.Engine SELECT document.id, document.title, document.url, document.content_hash, document.last_updated, document.brand_id, document.product_id 
FROM document 
WHERE document.brand_id = ?
2025-12-23 21:50:23,554 - sqlalchemy.engine.Engine - INFO - SELECT document.id, document.title, document.url, document.content_hash, document.last_updated, document.brand_id, document.product_id 
FROM document 
WHERE document.brand_id = ?
2025-12-23 21:50:23,554 INFO sqlalchemy.engine.Engine [generated in 0.00027s] (28,)
2025-12-23 21:50:23,554 - sqlalchemy.engine.Engine - INFO - [generated in 0.00027s] (28,)
2025-12-23 21:50:23,558 - Brand-Support-Ingestion - INFO - 📝 PHASE 2: Ingesting 0 new articles for Allen & Heath...
2025-12-23 21:50:23,559 - Brand-Support-Ingestion - INFO - ✅ Allen & Heath ingestion complete!
2025-12-23 21:50:23,608 INFO sqlalchemy.engine.Engine ROLLBACK
2025-12-23 21:50:23,608 - sqlalchemy.engine.Engine - INFO - ROLLBACK
2025-12-23 21:50:23,608 - Brand-Support-Ingestion - INFO - 
======================================================================
2025-12-23 21:50:23,609 - Brand-Support-Ingestion - INFO - RCF INGESTION STARTING
2025-12-23 21:50:23,609 - Brand-Support-Ingestion - INFO - ======================================================================
2025-12-23 21:50:24,370 - Brand-Support-Ingestion - INFO - ✓ Started ingester for RCF
2025-12-23 21:50:24,370 - Brand-Support-Ingestion - INFO - 📖 PHASE 1: Discovering RCF articles...
2025-12-23 21:50:26,618 - Brand-Support-Ingestion - INFO -   ✓ Found 0 articles on main page
2025-12-23 21:50:26,619 - Brand-Support-Ingestion - INFO -   ✓ Found 0 category pages
2025-12-23 21:50:26,619 - Brand-Support-Ingestion - INFO -   ✓ Total articles discovered: 0
2025-12-23 21:50:26,619 INFO sqlalchemy.engine.Engine BEGIN (implicit)
2025-12-23 21:50:26,619 - sqlalchemy.engine.Engine - INFO - BEGIN (implicit)
2025-12-23 21:50:26,620 INFO sqlalchemy.engine.Engine SELECT brand.id, brand.name, brand.logo_url, brand.website_url, brand.description, brand.primary_color, brand.secondary_color 
FROM brand 
WHERE brand.name = ?
2025-12-23 21:50:26,620 - sqlalchemy.engine.Engine - INFO - SELECT brand.id, brand.name, brand.logo_url, brand.website_url, brand.description, brand.primary_color, brand.secondary_color 
FROM brand 
WHERE brand.name = ?
2025-12-23 21:50:26,620 INFO sqlalchemy.engine.Engine [cached since 3.076s ago] ('RCF',)
2025-12-23 21:50:26,620 - sqlalchemy.engine.Engine - INFO - [cached since 3.076s ago] ('RCF',)
2025-12-23 21:50:26,620 INFO sqlalchemy.engine.Engine SELECT document.id, document.title, document.url, document.content_hash, document.last_updated, document.brand_id, document.product_id 
FROM document 
WHERE document.brand_id = ?
2025-12-23 21:50:26,620 - sqlalchemy.engine.Engine - INFO - SELECT document.id, document.title, document.url, document.content_hash, document.last_updated, document.brand_id, document.product_id 
FROM document 
WHERE document.brand_id = ?
2025-12-23 21:50:26,621 INFO sqlalchemy.engine.Engine [cached since 3.067s ago] (88,)
2025-12-23 21:50:26,621 - sqlalchemy.engine.Engine - INFO - [cached since 3.067s ago] (88,)
2025-12-23 21:50:26,629 - Brand-Support-Ingestion - INFO - 📝 PHASE 2: Ingesting 0 new articles for RCF...
2025-12-23 21:50:26,630 - Brand-Support-Ingestion - INFO - ✅ RCF ingestion complete!
2025-12-23 21:50:26,653 INFO sqlalchemy.engine.Engine ROLLBACK
2025-12-23 21:50:26,653 - sqlalchemy.engine.Engine - INFO - ROLLBACK
2025-12-23 21:50:26,653 - Brand-Support-Ingestion - INFO - 
======================================================================
2025-12-23 21:50:26,653 - Brand-Support-Ingestion - INFO - INGESTION SUMMARY
2025-12-23 21:50:26,653 - Brand-Support-Ingestion - INFO - ======================================================================
2025-12-23 21:50:26,654 INFO sqlalchemy.engine.Engine BEGIN (implicit)
2025-12-23 21:50:26,654 - sqlalchemy.engine.Engine - INFO - BEGIN (implicit)
2025-12-23 21:50:26,654 INFO sqlalchemy.engine.Engine SELECT brand.id, brand.name, brand.logo_url, brand.website_url, brand.description, brand.primary_color, brand.secondary_color 
FROM brand 
WHERE brand.name = ?
2025-12-23 21:50:26,654 - sqlalchemy.engine.Engine - INFO - SELECT brand.id, brand.name, brand.logo_url, brand.website_url, brand.description, brand.primary_color, brand.secondary_color 
FROM brand 
WHERE brand.name = ?
2025-12-23 21:50:26,654 INFO sqlalchemy.engine.Engine [cached since 3.11s ago] ('Allen & Heath',)
2025-12-23 21:50:26,654 - sqlalchemy.engine.Engine - INFO - [cached since 3.11s ago] ('Allen & Heath',)
2025-12-23 21:50:26,655 INFO sqlalchemy.engine.Engine SELECT document.id, document.title, document.url, document.content_hash, document.last_updated, document.brand_id, document.product_id 
FROM document 
WHERE document.brand_id = ?
2025-12-23 21:50:26,655 - sqlalchemy.engine.Engine - INFO - SELECT document.id, document.title, document.url, document.content_hash, document.last_updated, document.brand_id, document.product_id 
FROM document 
WHERE document.brand_id = ?
2025-12-23 21:50:26,655 INFO sqlalchemy.engine.Engine [cached since 3.101s ago] (28,)
2025-12-23 21:50:26,655 - sqlalchemy.engine.Engine - INFO - [cached since 3.101s ago] (28,)
2025-12-23 21:50:26,657 - Brand-Support-Ingestion - INFO -   Allen & Heath: 250 documents
2025-12-23 21:50:26,657 INFO sqlalchemy.engine.Engine SELECT brand.id, brand.name, brand.logo_url, brand.website_url, brand.description, brand.primary_color, brand.secondary_color 
FROM brand 
WHERE brand.name = ?
2025-12-23 21:50:26,657 - sqlalchemy.engine.Engine - INFO - SELECT brand.id, brand.name, brand.logo_url, brand.website_url, brand.description, brand.primary_color, brand.secondary_color 
FROM brand 
WHERE brand.name = ?
2025-12-23 21:50:26,657 INFO sqlalchemy.engine.Engine [cached since 3.113s ago] ('RCF',)
2025-12-23 21:50:26,657 - sqlalchemy.engine.Engine - INFO - [cached since 3.113s ago] ('RCF',)
2025-12-23 21:50:26,658 INFO sqlalchemy.engine.Engine SELECT document.id, document.title, document.url, document.content_hash, document.last_updated, document.brand_id, document.product_id 
FROM document 
WHERE document.brand_id = ?
2025-12-23 21:50:26,658 - sqlalchemy.engine.Engine - INFO - SELECT document.id, document.title, document.url, document.content_hash, document.last_updated, document.brand_id, document.product_id 
FROM document 
WHERE document.brand_id = ?
2025-12-23 21:50:26,658 INFO sqlalchemy.engine.Engine [cached since 3.104s ago] (88,)
2025-12-23 21:50:26,658 - sqlalchemy.engine.Engine - INFO - [cached since 3.104s ago] (88,)
2025-12-23 21:50:26,666 - Brand-Support-Ingestion - INFO -   RCF: 1236 documents
2025-12-23 21:50:26,666 INFO sqlalchemy.engine.Engine ROLLBACK
2025-12-23 21:50:26,666 - sqlalchemy.engine.Engine - INFO - ROLLBACK
Exception ignored in: <function BaseSubprocessTransport.__del__ at 0x6ffd5e712840>
Traceback (most recent call last):
  File "/usr/local/python/3.12.1/lib/python3.12/asyncio/base_subprocess.py", line 126, in __del__
    self.close()
  File "/usr/local/python/3.12.1/lib/python3.12/asyncio/base_subprocess.py", line 104, in close
    proto.pipe.close()
  File "/usr/local/python/3.12.1/lib/python3.12/asyncio/unix_events.py", line 767, in close
    self.write_eof()
  File "/usr/local/python/3.12.1/lib/python3.12/asyncio/unix_events.py", line 753, in write_eof
    self._loop.call_soon(self._call_connection_lost, None)
  File "/usr/local/python/3.12.1/lib/python3.12/asyncio/base_events.py", line 792, in call_soon
    self._check_closed()
  File "/usr/local/python/3.12.1/lib/python3.12/asyncio/base_events.py", line 539, in _check_closed
    raise RuntimeError('Event loop is closed')
RuntimeError: Event loop is closed
Exception ignored in: <function BaseSubprocessTransport.__del__ at 0x6ffd5e712840>
Traceback (most recent call last):
  File "/usr/local/python/3.12.1/lib/python3.12/asyncio/base_subprocess.py", line 126, in __del__
    self.close()
  File "/usr/local/python/3.12.1/lib/python3.12/asyncio/base_subprocess.py", line 104, in close
    proto.pipe.close()
  File "/usr/local/python/3.12.1/lib/python3.12/asyncio/unix_events.py", line 767, in close
    self.write_eof()
  File "/usr/local/python/3.12.1/lib/python3.12/asyncio/unix_events.py", line 753, in write_eof
    self._loop.call_soon(self._call_connection_lost, None)
  File "/usr/local/python/3.12.1/lib/python3.12/asyncio/base_events.py", line 792, in call_soon
    self._check_closed()
  File "/usr/local/python/3.12.1/lib/python3.12/asyncio/base_events.py", line 539, in _check_closed
    raise RuntimeError('Event loop is closed')
RuntimeError: Event loop is closed
