2025-12-23 20:38:53,136 - AH-Direct-Ingestion - INFO - ================================================================================
2025-12-23 20:38:53,137 - AH-Direct-Ingestion - INFO - Starting Direct Allen & Heath Ingestion
2025-12-23 20:38:53,137 - AH-Direct-Ingestion - INFO - ================================================================================
2025-12-23 20:38:53,138 - sqlalchemy.engine.Engine - INFO - BEGIN (implicit)
2025-12-23 20:38:53,159 - sqlalchemy.engine.Engine - INFO - SELECT brand.id, brand.name, brand.logo_url, brand.website_url, brand.description, brand.primary_color, brand.secondary_color 
FROM brand 
WHERE brand.name = ?
2025-12-23 20:38:53,159 - sqlalchemy.engine.Engine - INFO - [generated in 0.00027s] ('Allen & Heath',)
2025-12-23 20:38:53,160 - AH-Direct-Ingestion - INFO - Brand ID: 28
2025-12-23 20:38:53,161 - sqlalchemy.engine.Engine - INFO - SELECT document.url 
FROM document 
WHERE document.brand_id = ?
2025-12-23 20:38:53,161 - sqlalchemy.engine.Engine - INFO - [generated in 0.00018s] (28,)
2025-12-23 20:38:53,162 - AH-Direct-Ingestion - INFO - Already in database: 94 URLs
2025-12-23 20:38:53,162 - AH-Direct-Ingestion - INFO - New URLs to add: 21
2025-12-23 20:38:53,164 - sqlalchemy.engine.Engine - INFO - INSERT INTO document (title, url, content_hash, last_updated, brand_id, product_id) VALUES (?, ?, ?, ?, ?, ?)
2025-12-23 20:38:53,164 - sqlalchemy.engine.Engine - INFO - [generated in 0.00019s] ('Hardware - Main', 'https://www.allen-heath.com/hardware/', '540acbdc2e5cf1f764f0303de2083a56', '2025-12-23 20:38:53.162622', 28, None)
2025-12-23 20:38:53,164 - sqlalchemy.engine.Engine - INFO - COMMIT
2025-12-23 20:38:53,168 - sqlalchemy.engine.Engine - INFO - BEGIN (implicit)
2025-12-23 20:38:53,170 - sqlalchemy.engine.Engine - INFO - SELECT document.id, document.title, document.url, document.content_hash, document.last_updated, document.brand_id, document.product_id 
FROM document 
WHERE document.id = ?
2025-12-23 20:38:53,170 - sqlalchemy.engine.Engine - INFO - [generated in 0.00018s] (1443,)
2025-12-23 20:38:53,170 - AH-Direct-Ingestion - WARNING - Could not ingest to vector DB for https://www.allen-heath.com/hardware/: asyncio.run() cannot be called from a running event loop
2025-12-23 20:38:53,173 - AH-Direct-Ingestion - INFO - ✓ Added: Hardware - Main
2025-12-23 20:38:53,174 - sqlalchemy.engine.Engine - INFO - INSERT INTO document (title, url, content_hash, last_updated, brand_id, product_id) VALUES (?, ?, ?, ?, ?, ?)
2025-12-23 20:38:53,174 - sqlalchemy.engine.Engine - INFO - [cached since 0.01s ago] ('Mixing Consoles', 'https://www.allen-heath.com/hardware/mixing-consoles/', '09cdbbdc2b78f1c1996a13dcf06b8cb0', '2025-12-23 20:38:53.173136', 28, None)
2025-12-23 20:38:53,174 - sqlalchemy.engine.Engine - INFO - COMMIT
2025-12-23 20:38:53,176 - sqlalchemy.engine.Engine - INFO - BEGIN (implicit)
2025-12-23 20:38:53,176 - sqlalchemy.engine.Engine - INFO - SELECT document.id, document.title, document.url, document.content_hash, document.last_updated, document.brand_id, document.product_id 
FROM document 
WHERE document.id = ?
2025-12-23 20:38:53,177 - sqlalchemy.engine.Engine - INFO - [cached since 0.006827s ago] (1444,)
2025-12-23 20:38:53,177 - AH-Direct-Ingestion - WARNING - Could not ingest to vector DB for https://www.allen-heath.com/hardware/mixing-consoles/: asyncio.run() cannot be called from a running event loop
2025-12-23 20:38:53,177 - AH-Direct-Ingestion - INFO - ✓ Added: Mixing Consoles
2025-12-23 20:38:53,178 - sqlalchemy.engine.Engine - INFO - INSERT INTO document (title, url, content_hash, last_updated, brand_id, product_id) VALUES (?, ?, ?, ?, ?, ?)
2025-12-23 20:38:53,178 - sqlalchemy.engine.Engine - INFO - [cached since 0.01416s ago] ('Digital Stagebox', 'https://www.allen-heath.com/hardware/digital-stagebox/', 'ed22e680d3fa6f1281b915271d41c600', '2025-12-23 20:38:53.177579', 28, None)
2025-12-23 20:38:53,178 - sqlalchemy.engine.Engine - INFO - COMMIT
2025-12-23 20:38:53,180 - sqlalchemy.engine.Engine - INFO - BEGIN (implicit)
2025-12-23 20:38:53,181 - sqlalchemy.engine.Engine - INFO - SELECT document.id, document.title, document.url, document.content_hash, document.last_updated, document.brand_id, document.product_id 
FROM document 
WHERE document.id = ?
2025-12-23 20:38:53,181 - sqlalchemy.engine.Engine - INFO - [cached since 0.01102s ago] (1445,)
2025-12-23 20:38:53,181 - AH-Direct-Ingestion - WARNING - Could not ingest to vector DB for https://www.allen-heath.com/hardware/digital-stagebox/: asyncio.run() cannot be called from a running event loop
2025-12-23 20:38:53,181 - AH-Direct-Ingestion - INFO - ✓ Added: Digital Stagebox
2025-12-23 20:38:53,182 - sqlalchemy.engine.Engine - INFO - INSERT INTO document (title, url, content_hash, last_updated, brand_id, product_id) VALUES (?, ?, ?, ?, ?, ?)
2025-12-23 20:38:53,182 - sqlalchemy.engine.Engine - INFO - [cached since 0.01809s ago] ('Amplifiers', 'https://www.allen-heath.com/hardware/amplifiers/', '38e259f16317b544a730994890bb2f1d', '2025-12-23 20:38:53.181715', 28, None)
2025-12-23 20:38:53,182 - sqlalchemy.engine.Engine - INFO - COMMIT
2025-12-23 20:38:53,185 - sqlalchemy.engine.Engine - INFO - BEGIN (implicit)
2025-12-23 20:38:53,186 - sqlalchemy.engine.Engine - INFO - SELECT document.id, document.title, document.url, document.content_hash, document.last_updated, document.brand_id, document.product_id 
FROM document 
WHERE document.id = ?
2025-12-23 20:38:53,186 - sqlalchemy.engine.Engine - INFO - [cached since 0.01602s ago] (1446,)
2025-12-23 20:38:53,186 - AH-Direct-Ingestion - WARNING - Could not ingest to vector DB for https://www.allen-heath.com/hardware/amplifiers/: asyncio.run() cannot be called from a running event loop
2025-12-23 20:38:53,186 - AH-Direct-Ingestion - INFO - ✓ Added: Amplifiers
2025-12-23 20:38:53,187 - sqlalchemy.engine.Engine - INFO - INSERT INTO document (title, url, content_hash, last_updated, brand_id, product_id) VALUES (?, ?, ?, ?, ?, ?)
2025-12-23 20:38:53,187 - sqlalchemy.engine.Engine - INFO - [cached since 0.02307s ago] ('Speakers', 'https://www.allen-heath.com/hardware/speakers/', 'a647b35c2dbf10a2ffcaa59630e6493f', '2025-12-23 20:38:53.186714', 28, None)
2025-12-23 20:38:53,187 - sqlalchemy.engine.Engine - INFO - COMMIT
2025-12-23 20:38:53,189 - sqlalchemy.engine.Engine - INFO - BEGIN (implicit)
2025-12-23 20:38:53,190 - sqlalchemy.engine.Engine - INFO - SELECT document.id, document.title, document.url, document.content_hash, document.last_updated, document.brand_id, document.product_id 
FROM document 
WHERE document.id = ?
2025-12-23 20:38:53,190 - sqlalchemy.engine.Engine - INFO - [cached since 0.02036s ago] (1447,)
2025-12-23 20:38:53,190 - AH-Direct-Ingestion - WARNING - Could not ingest to vector DB for https://www.allen-heath.com/hardware/speakers/: asyncio.run() cannot be called from a running event loop
2025-12-23 20:38:53,191 - AH-Direct-Ingestion - INFO - ✓ Added: Speakers
2025-12-23 20:38:53,191 - sqlalchemy.engine.Engine - INFO - INSERT INTO document (title, url, content_hash, last_updated, brand_id, product_id) VALUES (?, ?, ?, ?, ?, ?)
2025-12-23 20:38:53,191 - sqlalchemy.engine.Engine - INFO - [cached since 0.02741s ago] ('Audio Networking', 'https://www.allen-heath.com/hardware/audio-networking/', '5ce01f50c10436cce3b873da1e5c0592', '2025-12-23 20:38:53.191065', 28, None)
2025-12-23 20:38:53,191 - sqlalchemy.engine.Engine - INFO - COMMIT
2025-12-23 20:38:53,193 - sqlalchemy.engine.Engine - INFO - BEGIN (implicit)
2025-12-23 20:38:53,194 - sqlalchemy.engine.Engine - INFO - SELECT document.id, document.title, document.url, document.content_hash, document.last_updated, document.brand_id, document.product_id 
FROM document 
WHERE document.id = ?
2025-12-23 20:38:53,194 - sqlalchemy.engine.Engine - INFO - [cached since 0.02395s ago] (1448,)
2025-12-23 20:38:53,194 - AH-Direct-Ingestion - WARNING - Could not ingest to vector DB for https://www.allen-heath.com/hardware/audio-networking/: asyncio.run() cannot be called from a running event loop
2025-12-23 20:38:53,194 - AH-Direct-Ingestion - INFO - ✓ Added: Audio Networking
2025-12-23 20:38:53,195 - sqlalchemy.engine.Engine - INFO - INSERT INTO document (title, url, content_hash, last_updated, brand_id, product_id) VALUES (?, ?, ?, ?, ?, ?)
2025-12-23 20:38:53,195 - sqlalchemy.engine.Engine - INFO - [cached since 0.03112s ago] ('Control Systems', 'https://www.allen-heath.com/hardware/control-systems/', '7744d1f6beff2358575fbadf4f1b6f36', '2025-12-23 20:38:53.194630', 28, None)
2025-12-23 20:38:53,195 - sqlalchemy.engine.Engine - INFO - COMMIT
2025-12-23 20:38:53,197 - sqlalchemy.engine.Engine - INFO - BEGIN (implicit)
2025-12-23 20:38:53,198 - sqlalchemy.engine.Engine - INFO - SELECT document.id, document.title, document.url, document.content_hash, document.last_updated, document.brand_id, document.product_id 
FROM document 
WHERE document.id = ?
2025-12-23 20:38:53,198 - sqlalchemy.engine.Engine - INFO - [cached since 0.02791s ago] (1449,)
2025-12-23 20:38:53,198 - AH-Direct-Ingestion - WARNING - Could not ingest to vector DB for https://www.allen-heath.com/hardware/control-systems/: asyncio.run() cannot be called from a running event loop
2025-12-23 20:38:53,198 - AH-Direct-Ingestion - INFO - ✓ Added: Control Systems
2025-12-23 20:38:53,198 - sqlalchemy.engine.Engine - INFO - INSERT INTO document (title, url, content_hash, last_updated, brand_id, product_id) VALUES (?, ?, ?, ?, ?, ?)
2025-12-23 20:38:53,199 - sqlalchemy.engine.Engine - INFO - [cached since 0.03496s ago] ('Wireless Systems', 'https://www.allen-heath.com/hardware/wireless/', 'ad4fddadac7858daa1f94c3b004fcd49', '2025-12-23 20:38:53.198592', 28, None)
2025-12-23 20:38:53,199 - sqlalchemy.engine.Engine - INFO - COMMIT
2025-12-23 20:38:53,201 - sqlalchemy.engine.Engine - INFO - BEGIN (implicit)
2025-12-23 20:38:53,201 - sqlalchemy.engine.Engine - INFO - SELECT document.id, document.title, document.url, document.content_hash, document.last_updated, document.brand_id, document.product_id 
FROM document 
WHERE document.id = ?
2025-12-23 20:38:53,202 - sqlalchemy.engine.Engine - INFO - [cached since 0.03193s ago] (1450,)
2025-12-23 20:38:53,202 - AH-Direct-Ingestion - WARNING - Could not ingest to vector DB for https://www.allen-heath.com/hardware/wireless/: asyncio.run() cannot be called from a running event loop
2025-12-23 20:38:53,202 - AH-Direct-Ingestion - INFO - ✓ Added: Wireless Systems
2025-12-23 20:38:53,203 - sqlalchemy.engine.Engine - INFO - INSERT INTO document (title, url, content_hash, last_updated, brand_id, product_id) VALUES (?, ?, ?, ?, ?, ?)
2025-12-23 20:38:53,203 - sqlalchemy.engine.Engine - INFO - [cached since 0.0394s ago] ('Avantis Mixing Console', 'https://www.allen-heath.com/hardware/avantis/', '9c7573f0ef759f8e8481ef45b253b598', '2025-12-23 20:38:53.202978', 28, None)
2025-12-23 20:38:53,203 - sqlalchemy.engine.Engine - INFO - COMMIT
2025-12-23 20:38:53,206 - sqlalchemy.engine.Engine - INFO - BEGIN (implicit)
2025-12-23 20:38:53,206 - sqlalchemy.engine.Engine - INFO - SELECT document.id, document.title, document.url, document.content_hash, document.last_updated, document.brand_id, document.product_id 
FROM document 
WHERE document.id = ?
2025-12-23 20:38:53,206 - sqlalchemy.engine.Engine - INFO - [cached since 0.03626s ago] (1451,)
2025-12-23 20:38:53,206 - AH-Direct-Ingestion - WARNING - Could not ingest to vector DB for https://www.allen-heath.com/hardware/avantis/: asyncio.run() cannot be called from a running event loop
2025-12-23 20:38:53,206 - AH-Direct-Ingestion - INFO - ✓ Added: Avantis Mixing Console
2025-12-23 20:38:53,207 - sqlalchemy.engine.Engine - INFO - INSERT INTO document (title, url, content_hash, last_updated, brand_id, product_id) VALUES (?, ?, ?, ?, ?, ?)
2025-12-23 20:38:53,207 - sqlalchemy.engine.Engine - INFO - [cached since 0.04342s ago] ('SQ Mixing Console', 'https://www.allen-heath.com/hardware/sq/', '9213e7c79dfa2b9bf7698fd16e29fcf0', '2025-12-23 20:38:53.206981', 28, None)
2025-12-23 20:38:53,207 - sqlalchemy.engine.Engine - INFO - COMMIT
2025-12-23 20:38:53,209 - sqlalchemy.engine.Engine - INFO - BEGIN (implicit)
2025-12-23 20:38:53,210 - sqlalchemy.engine.Engine - INFO - SELECT document.id, document.title, document.url, document.content_hash, document.last_updated, document.brand_id, document.product_id 
FROM document 
WHERE document.id = ?
2025-12-23 20:38:53,210 - sqlalchemy.engine.Engine - INFO - [cached since 0.04007s ago] (1452,)
2025-12-23 20:38:53,210 - AH-Direct-Ingestion - WARNING - Could not ingest to vector DB for https://www.allen-heath.com/hardware/sq/: asyncio.run() cannot be called from a running event loop
2025-12-23 20:38:53,210 - AH-Direct-Ingestion - INFO - ✓ Added: SQ Mixing Console
2025-12-23 20:38:53,211 - sqlalchemy.engine.Engine - INFO - INSERT INTO document (title, url, content_hash, last_updated, brand_id, product_id) VALUES (?, ?, ?, ?, ?, ?)
2025-12-23 20:38:53,211 - sqlalchemy.engine.Engine - INFO - [cached since 0.04718s ago] ('iLive Mixing Console', 'https://www.allen-heath.com/hardware/ilive/', 'd215bcb5c3c8bb456482eec13a52e0a9', '2025-12-23 20:38:53.210746', 28, None)
2025-12-23 20:38:53,211 - sqlalchemy.engine.Engine - INFO - COMMIT
2025-12-23 20:38:53,214 - sqlalchemy.engine.Engine - INFO - BEGIN (implicit)
2025-12-23 20:38:53,214 - sqlalchemy.engine.Engine - INFO - SELECT document.id, document.title, document.url, document.content_hash, document.last_updated, document.brand_id, document.product_id 
FROM document 
WHERE document.id = ?
2025-12-23 20:38:53,215 - sqlalchemy.engine.Engine - INFO - [cached since 0.04503s ago] (1453,)
2025-12-23 20:38:53,215 - AH-Direct-Ingestion - WARNING - Could not ingest to vector DB for https://www.allen-heath.com/hardware/ilive/: asyncio.run() cannot be called from a running event loop
2025-12-23 20:38:53,216 - AH-Direct-Ingestion - INFO - ✓ Added: iLive Mixing Console
2025-12-23 20:38:53,217 - sqlalchemy.engine.Engine - INFO - INSERT INTO document (title, url, content_hash, last_updated, brand_id, product_id) VALUES (?, ?, ?, ?, ?, ?)
2025-12-23 20:38:53,217 - sqlalchemy.engine.Engine - INFO - [cached since 0.05325s ago] ('IDJ NOW', 'https://www.allen-heath.com/hardware/idjnow/', '280f12ca0a1a48115b2213ebaa9deb39', '2025-12-23 20:38:53.216399', 28, None)
2025-12-23 20:38:53,218 - sqlalchemy.engine.Engine - INFO - COMMIT
2025-12-23 20:38:53,220 - sqlalchemy.engine.Engine - INFO - BEGIN (implicit)
2025-12-23 20:38:53,220 - sqlalchemy.engine.Engine - INFO - SELECT document.id, document.title, document.url, document.content_hash, document.last_updated, document.brand_id, document.product_id 
FROM document 
WHERE document.id = ?
2025-12-23 20:38:53,220 - sqlalchemy.engine.Engine - INFO - [cached since 0.05069s ago] (1454,)
2025-12-23 20:38:53,221 - AH-Direct-Ingestion - WARNING - Could not ingest to vector DB for https://www.allen-heath.com/hardware/idjnow/: asyncio.run() cannot be called from a running event loop
2025-12-23 20:38:53,221 - AH-Direct-Ingestion - INFO - ✓ Added: IDJ NOW
2025-12-23 20:38:53,222 - sqlalchemy.engine.Engine - INFO - INSERT INTO document (title, url, content_hash, last_updated, brand_id, product_id) VALUES (?, ?, ?, ?, ?, ?)
2025-12-23 20:38:53,222 - sqlalchemy.engine.Engine - INFO - [cached since 0.05854s ago] ('Professional DJ Equipment', 'https://www.allen-heath.com/hardware/pro-dj/', 'e0a6c21320047230fa549bff4cbb09e5', '2025-12-23 20:38:53.221380', 28, None)
2025-12-23 20:38:53,224 - sqlalchemy.engine.Engine - INFO - COMMIT
2025-12-23 20:38:53,227 - sqlalchemy.engine.Engine - INFO - BEGIN (implicit)
2025-12-23 20:38:53,227 - sqlalchemy.engine.Engine - INFO - SELECT document.id, document.title, document.url, document.content_hash, document.last_updated, document.brand_id, document.product_id 
FROM document 
WHERE document.id = ?
2025-12-23 20:38:53,228 - sqlalchemy.engine.Engine - INFO - [cached since 0.05801s ago] (1455,)
2025-12-23 20:38:53,228 - AH-Direct-Ingestion - WARNING - Could not ingest to vector DB for https://www.allen-heath.com/hardware/pro-dj/: asyncio.run() cannot be called from a running event loop
2025-12-23 20:38:53,228 - AH-Direct-Ingestion - INFO - ✓ Added: Professional DJ Equipment
2025-12-23 20:38:53,229 - sqlalchemy.engine.Engine - INFO - INSERT INTO document (title, url, content_hash, last_updated, brand_id, product_id) VALUES (?, ?, ?, ?, ?, ?)
2025-12-23 20:38:53,229 - sqlalchemy.engine.Engine - INFO - [cached since 0.06519s ago] ('Support Center', 'https://www.allen-heath.com/support/', '909e8f5f7e78e7da611100e2346a70d7', '2025-12-23 20:38:53.228737', 28, None)
2025-12-23 20:38:53,229 - sqlalchemy.engine.Engine - INFO - COMMIT
2025-12-23 20:38:53,232 - sqlalchemy.engine.Engine - INFO - BEGIN (implicit)
2025-12-23 20:38:53,233 - sqlalchemy.engine.Engine - INFO - SELECT document.id, document.title, document.url, document.content_hash, document.last_updated, document.brand_id, document.product_id 
FROM document 
WHERE document.id = ?
2025-12-23 20:38:53,233 - sqlalchemy.engine.Engine - INFO - [cached since 0.06366s ago] (1456,)
2025-12-23 20:38:53,234 - AH-Direct-Ingestion - WARNING - Could not ingest to vector DB for https://www.allen-heath.com/support/: asyncio.run() cannot be called from a running event loop
2025-12-23 20:38:53,235 - AH-Direct-Ingestion - INFO - ✓ Added: Support Center
2025-12-23 20:38:53,235 - sqlalchemy.engine.Engine - INFO - INSERT INTO document (title, url, content_hash, last_updated, brand_id, product_id) VALUES (?, ?, ?, ?, ?, ?)
2025-12-23 20:38:53,236 - sqlalchemy.engine.Engine - INFO - [cached since 0.07225s ago] ('Downloads', 'https://www.allen-heath.com/support/downloads/', '268046f68d75f82cd76c854e12fa7ccd', '2025-12-23 20:38:53.235444', 28, None)
2025-12-23 20:38:53,237 - sqlalchemy.engine.Engine - INFO - COMMIT
2025-12-23 20:38:53,239 - sqlalchemy.engine.Engine - INFO - BEGIN (implicit)
2025-12-23 20:38:53,239 - sqlalchemy.engine.Engine - INFO - SELECT document.id, document.title, document.url, document.content_hash, document.last_updated, document.brand_id, document.product_id 
FROM document 
WHERE document.id = ?
2025-12-23 20:38:53,239 - sqlalchemy.engine.Engine - INFO - [cached since 0.06967s ago] (1457,)
2025-12-23 20:38:53,240 - AH-Direct-Ingestion - WARNING - Could not ingest to vector DB for https://www.allen-heath.com/support/downloads/: asyncio.run() cannot be called from a running event loop
2025-12-23 20:38:53,240 - AH-Direct-Ingestion - INFO - ✓ Added: Downloads
2025-12-23 20:38:53,241 - sqlalchemy.engine.Engine - INFO - INSERT INTO document (title, url, content_hash, last_updated, brand_id, product_id) VALUES (?, ?, ?, ?, ?, ?)
2025-12-23 20:38:53,241 - sqlalchemy.engine.Engine - INFO - [cached since 0.0776s ago] ('Knowledge Base', 'https://www.allen-heath.com/support/knowledge-base/', '46f9f89ebd5e60177818d34b99489ec5', '2025-12-23 20:38:53.240360', 28, None)
2025-12-23 20:38:53,242 - sqlalchemy.engine.Engine - INFO - COMMIT
2025-12-23 20:38:53,245 - sqlalchemy.engine.Engine - INFO - BEGIN (implicit)
2025-12-23 20:38:53,245 - sqlalchemy.engine.Engine - INFO - SELECT document.id, document.title, document.url, document.content_hash, document.last_updated, document.brand_id, document.product_id 
FROM document 
WHERE document.id = ?
2025-12-23 20:38:53,246 - sqlalchemy.engine.Engine - INFO - [cached since 0.07592s ago] (1458,)
2025-12-23 20:38:53,246 - AH-Direct-Ingestion - WARNING - Could not ingest to vector DB for https://www.allen-heath.com/support/knowledge-base/: asyncio.run() cannot be called from a running event loop
2025-12-23 20:38:53,247 - AH-Direct-Ingestion - INFO - ✓ Added: Knowledge Base
2025-12-23 20:38:53,248 - sqlalchemy.engine.Engine - INFO - INSERT INTO document (title, url, content_hash, last_updated, brand_id, product_id) VALUES (?, ?, ?, ?, ?, ?)
2025-12-23 20:38:53,248 - sqlalchemy.engine.Engine - INFO - [cached since 0.08434s ago] ('FAQs', 'https://www.allen-heath.com/support/faqs/', 'fd4a511a6f8f2f23a811384e3e4c59c4', '2025-12-23 20:38:53.247622', 28, None)
2025-12-23 20:38:53,249 - sqlalchemy.engine.Engine - INFO - COMMIT
2025-12-23 20:38:53,251 - sqlalchemy.engine.Engine - INFO - BEGIN (implicit)
2025-12-23 20:38:53,251 - sqlalchemy.engine.Engine - INFO - SELECT document.id, document.title, document.url, document.content_hash, document.last_updated, document.brand_id, document.product_id 
FROM document 
WHERE document.id = ?
2025-12-23 20:38:53,251 - sqlalchemy.engine.Engine - INFO - [cached since 0.08136s ago] (1459,)
2025-12-23 20:38:53,251 - AH-Direct-Ingestion - WARNING - Could not ingest to vector DB for https://www.allen-heath.com/support/faqs/: asyncio.run() cannot be called from a running event loop
2025-12-23 20:38:53,252 - AH-Direct-Ingestion - INFO - ✓ Added: FAQs
2025-12-23 20:38:53,252 - sqlalchemy.engine.Engine - INFO - INSERT INTO document (title, url, content_hash, last_updated, brand_id, product_id) VALUES (?, ?, ?, ?, ?, ?)
2025-12-23 20:38:53,252 - sqlalchemy.engine.Engine - INFO - [cached since 0.08851s ago] ('Technical Information', 'https://www.allen-heath.com/technical/', 'f4734f08d11ae0b4d069c5898e05bc86', '2025-12-23 20:38:53.252085', 28, None)
2025-12-23 20:38:53,253 - sqlalchemy.engine.Engine - INFO - COMMIT
2025-12-23 20:38:53,256 - sqlalchemy.engine.Engine - INFO - BEGIN (implicit)
2025-12-23 20:38:53,256 - sqlalchemy.engine.Engine - INFO - SELECT document.id, document.title, document.url, document.content_hash, document.last_updated, document.brand_id, document.product_id 
FROM document 
WHERE document.id = ?
2025-12-23 20:38:53,257 - sqlalchemy.engine.Engine - INFO - [cached since 0.08719s ago] (1460,)
2025-12-23 20:38:53,258 - AH-Direct-Ingestion - WARNING - Could not ingest to vector DB for https://www.allen-heath.com/technical/: asyncio.run() cannot be called from a running event loop
2025-12-23 20:38:53,258 - AH-Direct-Ingestion - INFO - ✓ Added: Technical Information
2025-12-23 20:38:53,259 - sqlalchemy.engine.Engine - INFO - INSERT INTO document (title, url, content_hash, last_updated, brand_id, product_id) VALUES (?, ?, ?, ?, ?, ?)
2025-12-23 20:38:53,259 - sqlalchemy.engine.Engine - INFO - [cached since 0.09553s ago] ('Blog & News', 'https://www.allen-heath.com/blog/', '1df899b5d55faba7ad8033f69d378e76', '2025-12-23 20:38:53.258616', 28, None)
2025-12-23 20:38:53,260 - sqlalchemy.engine.Engine - INFO - COMMIT
2025-12-23 20:38:53,262 - sqlalchemy.engine.Engine - INFO - BEGIN (implicit)
2025-12-23 20:38:53,263 - sqlalchemy.engine.Engine - INFO - SELECT document.id, document.title, document.url, document.content_hash, document.last_updated, document.brand_id, document.product_id 
FROM document 
WHERE document.id = ?
2025-12-23 20:38:53,263 - sqlalchemy.engine.Engine - INFO - [cached since 0.09294s ago] (1461,)
2025-12-23 20:38:53,263 - AH-Direct-Ingestion - WARNING - Could not ingest to vector DB for https://www.allen-heath.com/blog/: asyncio.run() cannot be called from a running event loop
2025-12-23 20:38:53,263 - AH-Direct-Ingestion - INFO - ✓ Added: Blog & News
2025-12-23 20:38:53,264 - sqlalchemy.engine.Engine - INFO - INSERT INTO document (title, url, content_hash, last_updated, brand_id, product_id) VALUES (?, ?, ?, ?, ?, ?)
2025-12-23 20:38:53,264 - sqlalchemy.engine.Engine - INFO - [cached since 0.1001s ago] ('Service', 'https://www.allen-heath.com/service/', '3b346cb10d01710f76cc1bea6426452c', '2025-12-23 20:38:53.263623', 28, None)
2025-12-23 20:38:53,265 - sqlalchemy.engine.Engine - INFO - COMMIT
2025-12-23 20:38:53,267 - sqlalchemy.engine.Engine - INFO - BEGIN (implicit)
2025-12-23 20:38:53,268 - sqlalchemy.engine.Engine - INFO - SELECT document.id, document.title, document.url, document.content_hash, document.last_updated, document.brand_id, document.product_id 
FROM document 
WHERE document.id = ?
2025-12-23 20:38:53,269 - sqlalchemy.engine.Engine - INFO - [cached since 0.09898s ago] (1462,)
2025-12-23 20:38:53,269 - AH-Direct-Ingestion - WARNING - Could not ingest to vector DB for https://www.allen-heath.com/service/: asyncio.run() cannot be called from a running event loop
2025-12-23 20:38:53,270 - AH-Direct-Ingestion - INFO - ✓ Added: Service
2025-12-23 20:38:53,270 - sqlalchemy.engine.Engine - INFO - INSERT INTO document (title, url, content_hash, last_updated, brand_id, product_id) VALUES (?, ?, ?, ?, ?, ?)
2025-12-23 20:38:53,271 - sqlalchemy.engine.Engine - INFO - [cached since 0.1074s ago] ('Resources', 'https://www.allen-heath.com/resources/', 'e16adbb9b9d72b7e13257accdbccfd82', '2025-12-23 20:38:53.270474', 28, None)
2025-12-23 20:38:53,272 - sqlalchemy.engine.Engine - INFO - COMMIT
2025-12-23 20:38:53,274 - sqlalchemy.engine.Engine - INFO - BEGIN (implicit)
2025-12-23 20:38:53,275 - sqlalchemy.engine.Engine - INFO - SELECT document.id, document.title, document.url, document.content_hash, document.last_updated, document.brand_id, document.product_id 
FROM document 
WHERE document.id = ?
2025-12-23 20:38:53,275 - sqlalchemy.engine.Engine - INFO - [cached since 0.1055s ago] (1463,)
2025-12-23 20:38:53,276 - AH-Direct-Ingestion - WARNING - Could not ingest to vector DB for https://www.allen-heath.com/resources/: asyncio.run() cannot be called from a running event loop
2025-12-23 20:38:53,276 - AH-Direct-Ingestion - INFO - ✓ Added: Resources
2025-12-23 20:38:53,276 - AH-Direct-Ingestion - INFO - 
Added 21 new documents
2025-12-23 20:38:53,277 - sqlalchemy.engine.Engine - INFO - SELECT document.id, document.title, document.url, document.content_hash, document.last_updated, document.brand_id, document.product_id 
FROM document 
WHERE document.brand_id = ?
2025-12-23 20:38:53,278 - sqlalchemy.engine.Engine - INFO - [generated in 0.00066s] (28,)
2025-12-23 20:38:53,281 - AH-Direct-Ingestion - INFO - 
================================================================================
2025-12-23 20:38:53,282 - AH-Direct-Ingestion - INFO - FINAL STATUS:
2025-12-23 20:38:53,282 - AH-Direct-Ingestion - INFO -   Total documents: 138
2025-12-23 20:38:53,282 - AH-Direct-Ingestion - INFO -   Estimated coverage: 26.2%
2025-12-23 20:38:53,283 - AH-Direct-Ingestion - INFO - ================================================================================
2025-12-23 20:38:53,283 - sqlalchemy.engine.Engine - INFO - ROLLBACK
